C:\Users\tsope\AppData\Roaming\Xilinx\Vitis\matrix-multiplyer-kv260\solution1\.autopilot\db\dot_product.pp.0.cpp:5945:7: warning: Added loop label VITIS_LOOP_1211_1:   [xilinx-label-all-loops]
      for (i = 0; i < __N - 1; ++i) {
      ^~~
      VITIS_LOOP_1211_1: 
C:\Users\tsope\AppData\Roaming\Xilinx\Vitis\matrix-multiplyer-kv260\solution1\.autopilot\db\dot_product.pp.0.cpp:5945:7: note: FIX-IT applied suggested code changes
C:\Users\tsope\AppData\Roaming\Xilinx\Vitis\matrix-multiplyer-kv260\solution1\.autopilot\db\dot_product.pp.0.cpp:6919:5: warning: Added loop label VITIS_LOOP_676_1:   [xilinx-label-all-loops]
    for (unsigned i = low; i != high; ++i) {
    ^~~
    VITIS_LOOP_676_1: 
C:\Users\tsope\AppData\Roaming\Xilinx\Vitis\matrix-multiplyer-kv260\solution1\.autopilot\db\dot_product.pp.0.cpp:6919:5: note: FIX-IT applied suggested code changes
C:\Users\tsope\AppData\Roaming\Xilinx\Vitis\matrix-multiplyer-kv260\solution1\.autopilot\db\dot_product.pp.0.cpp:6933:5: warning: Added loop label VITIS_LOOP_690_1:   [xilinx-label-all-loops]
    for (unsigned i = low; i != high; ++i) {
    ^~~
    VITIS_LOOP_690_1: 
C:\Users\tsope\AppData\Roaming\Xilinx\Vitis\matrix-multiplyer-kv260\solution1\.autopilot\db\dot_product.pp.0.cpp:6933:5: note: FIX-IT applied suggested code changes
C:\Users\tsope\AppData\Roaming\Xilinx\Vitis\matrix-multiplyer-kv260\solution1\.autopilot\db\dot_product.pp.0.cpp:6947:5: warning: Added loop label VITIS_LOOP_704_1:   [xilinx-label-all-loops]
    for (unsigned i = low; i != high; ++i) {
    ^~~
    VITIS_LOOP_704_1: 
C:\Users\tsope\AppData\Roaming\Xilinx\Vitis\matrix-multiplyer-kv260\solution1\.autopilot\db\dot_product.pp.0.cpp:6947:5: note: FIX-IT applied suggested code changes
C:\Users\tsope\AppData\Roaming\Xilinx\Vitis\matrix-multiplyer-kv260\solution1\.autopilot\db\dot_product.pp.0.cpp:8546:7: warning: Added loop label VITIS_LOOP_1245_1:   [xilinx-label-all-loops]
      for (i = 0; i < __N - 1; ++i) {
      ^~~
      VITIS_LOOP_1245_1: 
C:\Users\tsope\AppData\Roaming\Xilinx\Vitis\matrix-multiplyer-kv260\solution1\.autopilot\db\dot_product.pp.0.cpp:8546:7: note: FIX-IT applied suggested code changes
C:\Users\tsope\AppData\Roaming\Xilinx\Vitis\matrix-multiplyer-kv260\solution1\.autopilot\db\dot_product.pp.0.cpp:12682:72: error: Invalid Directive: for current device, ROM_1P + LUTRAM is invalid combination for BIND_STORAGE's option 'type + impl' [clang-diagnostic-error]
#pragma HLS BIND_STORAGE variable=fourth_order_double::sin_cos_K0 type=ROM_1P impl=LUTRAM
                                                                       ^
C:\Users\tsope\AppData\Roaming\Xilinx\Vitis\matrix-multiplyer-kv260\solution1\.autopilot\db\dot_product.pp.0.cpp:12683:72: error: Invalid Directive: for current device, ROM_1P + LUTRAM is invalid combination for BIND_STORAGE's option 'type + impl' [clang-diagnostic-error]
#pragma HLS BIND_STORAGE variable=fourth_order_double::sin_cos_K1 type=ROM_1P impl=LUTRAM
                                                                       ^
C:\Users\tsope\AppData\Roaming\Xilinx\Vitis\matrix-multiplyer-kv260\solution1\.autopilot\db\dot_product.pp.0.cpp:12684:72: error: Invalid Directive: for current device, ROM_1P + LUTRAM is invalid combination for BIND_STORAGE's option 'type + impl' [clang-diagnostic-error]
#pragma HLS BIND_STORAGE variable=fourth_order_double::sin_cos_K2 type=ROM_1P impl=LUTRAM
                                                                       ^
C:\Users\tsope\AppData\Roaming\Xilinx\Vitis\matrix-multiplyer-kv260\solution1\.autopilot\db\dot_product.pp.0.cpp:12685:72: error: Invalid Directive: for current device, ROM_1P + LUTRAM is invalid combination for BIND_STORAGE's option 'type + impl' [clang-diagnostic-error]
#pragma HLS BIND_STORAGE variable=fourth_order_double::sin_cos_K3 type=ROM_1P impl=LUTRAM
                                                                       ^
C:\Users\tsope\AppData\Roaming\Xilinx\Vitis\matrix-multiplyer-kv260\solution1\.autopilot\db\dot_product.pp.0.cpp:12686:72: error: Invalid Directive: for current device, ROM_1P + LUTRAM is invalid combination for BIND_STORAGE's option 'type + impl' [clang-diagnostic-error]
#pragma HLS BIND_STORAGE variable=fourth_order_double::sin_cos_K4 type=ROM_1P impl=LUTRAM
                                                                       ^
C:\Users\tsope\AppData\Roaming\Xilinx\Vitis\matrix-multiplyer-kv260\solution1\.autopilot\db\dot_product.pp.0.cpp:12716:68: error: Invalid Directive: for current device, ROM_1P + LUTRAM is invalid combination for BIND_STORAGE's option 'type + impl' [clang-diagnostic-error]
#pragma HLS BIND_STORAGE variable=fourth_order_double::cos_K0 type=ROM_1P impl=LUTRAM
                                                                   ^
C:\Users\tsope\AppData\Roaming\Xilinx\Vitis\matrix-multiplyer-kv260\solution1\.autopilot\db\dot_product.pp.0.cpp:12717:68: error: Invalid Directive: for current device, ROM_1P + LUTRAM is invalid combination for BIND_STORAGE's option 'type + impl' [clang-diagnostic-error]
#pragma HLS BIND_STORAGE variable=fourth_order_double::cos_K1 type=ROM_1P impl=LUTRAM
                                                                   ^
C:\Users\tsope\AppData\Roaming\Xilinx\Vitis\matrix-multiplyer-kv260\solution1\.autopilot\db\dot_product.pp.0.cpp:12718:68: error: Invalid Directive: for current device, ROM_1P + LUTRAM is invalid combination for BIND_STORAGE's option 'type + impl' [clang-diagnostic-error]
#pragma HLS BIND_STORAGE variable=fourth_order_double::cos_K2 type=ROM_1P impl=LUTRAM
                                                                   ^
C:\Users\tsope\AppData\Roaming\Xilinx\Vitis\matrix-multiplyer-kv260\solution1\.autopilot\db\dot_product.pp.0.cpp:12719:68: error: Invalid Directive: for current device, ROM_1P + LUTRAM is invalid combination for BIND_STORAGE's option 'type + impl' [clang-diagnostic-error]
#pragma HLS BIND_STORAGE variable=fourth_order_double::cos_K3 type=ROM_1P impl=LUTRAM
                                                                   ^
C:\Users\tsope\AppData\Roaming\Xilinx\Vitis\matrix-multiplyer-kv260\solution1\.autopilot\db\dot_product.pp.0.cpp:12720:68: error: Invalid Directive: for current device, ROM_1P + LUTRAM is invalid combination for BIND_STORAGE's option 'type + impl' [clang-diagnostic-error]
#pragma HLS BIND_STORAGE variable=fourth_order_double::cos_K4 type=ROM_1P impl=LUTRAM
                                                                   ^
C:\Users\tsope\AppData\Roaming\Xilinx\Vitis\matrix-multiplyer-kv260\solution1\.autopilot\db\dot_product.pp.0.cpp:12721:68: error: Invalid Directive: for current device, ROM_1P + LUTRAM is invalid combination for BIND_STORAGE's option 'type + impl' [clang-diagnostic-error]
#pragma HLS BIND_STORAGE variable=fourth_order_double::sin_K0 type=ROM_1P impl=LUTRAM
                                                                   ^
C:\Users\tsope\AppData\Roaming\Xilinx\Vitis\matrix-multiplyer-kv260\solution1\.autopilot\db\dot_product.pp.0.cpp:12722:68: error: Invalid Directive: for current device, ROM_1P + LUTRAM is invalid combination for BIND_STORAGE's option 'type + impl' [clang-diagnostic-error]
#pragma HLS BIND_STORAGE variable=fourth_order_double::sin_K1 type=ROM_1P impl=LUTRAM
                                                                   ^
C:\Users\tsope\AppData\Roaming\Xilinx\Vitis\matrix-multiplyer-kv260\solution1\.autopilot\db\dot_product.pp.0.cpp:12723:68: error: Invalid Directive: for current device, ROM_1P + LUTRAM is invalid combination for BIND_STORAGE's option 'type + impl' [clang-diagnostic-error]
#pragma HLS BIND_STORAGE variable=fourth_order_double::sin_K2 type=ROM_1P impl=LUTRAM
                                                                   ^
C:\Users\tsope\AppData\Roaming\Xilinx\Vitis\matrix-multiplyer-kv260\solution1\.autopilot\db\dot_product.pp.0.cpp:12724:68: error: Invalid Directive: for current device, ROM_1P + LUTRAM is invalid combination for BIND_STORAGE's option 'type + impl' [clang-diagnostic-error]
#pragma HLS BIND_STORAGE variable=fourth_order_double::sin_K3 type=ROM_1P impl=LUTRAM
                                                                   ^
C:\Users\tsope\AppData\Roaming\Xilinx\Vitis\matrix-multiplyer-kv260\solution1\.autopilot\db\dot_product.pp.0.cpp:12725:68: error: Invalid Directive: for current device, ROM_1P + LUTRAM is invalid combination for BIND_STORAGE's option 'type + impl' [clang-diagnostic-error]
#pragma HLS BIND_STORAGE variable=fourth_order_double::sin_K4 type=ROM_1P impl=LUTRAM
                                                                   ^
C:\Users\tsope\AppData\Roaming\Xilinx\Vitis\matrix-multiplyer-kv260\solution1\.autopilot\db\dot_product.pp.0.cpp:12775:71: error: Invalid Directive: for current device, ROM_1P + LUTRAM is invalid combination for BIND_STORAGE's option 'type + impl' [clang-diagnostic-error]
#pragma HLS BIND_STORAGE variable=second_order_float::sin_cos_K0 type=ROM_1P impl=LUTRAM
                                                                      ^
C:\Users\tsope\AppData\Roaming\Xilinx\Vitis\matrix-multiplyer-kv260\solution1\.autopilot\db\dot_product.pp.0.cpp:12776:71: error: Invalid Directive: for current device, ROM_1P + LUTRAM is invalid combination for BIND_STORAGE's option 'type + impl' [clang-diagnostic-error]
#pragma HLS BIND_STORAGE variable=second_order_float::sin_cos_K1 type=ROM_1P impl=LUTRAM
                                                                      ^
C:\Users\tsope\AppData\Roaming\Xilinx\Vitis\matrix-multiplyer-kv260\solution1\.autopilot\db\dot_product.pp.0.cpp:12777:71: error: Invalid Directive: for current device, ROM_1P + LUTRAM is invalid combination for BIND_STORAGE's option 'type + impl' [clang-diagnostic-error]
#pragma HLS BIND_STORAGE variable=second_order_float::sin_cos_K2 type=ROM_1P impl=LUTRAM
                                                                      ^
C:\Users\tsope\AppData\Roaming\Xilinx\Vitis\matrix-multiplyer-kv260\solution1\.autopilot\db\dot_product.pp.0.cpp:12804:67: error: Invalid Directive: for current device, ROM_1P + LUTRAM is invalid combination for BIND_STORAGE's option 'type + impl' [clang-diagnostic-error]
#pragma HLS BIND_STORAGE variable=second_order_float::cos_K0 type=ROM_1P impl=LUTRAM
                                                                  ^
C:\Users\tsope\AppData\Roaming\Xilinx\Vitis\matrix-multiplyer-kv260\solution1\.autopilot\db\dot_product.pp.0.cpp:12805:67: error: Invalid Directive: for current device, ROM_1P + LUTRAM is invalid combination for BIND_STORAGE's option 'type + impl' [clang-diagnostic-error]
#pragma HLS BIND_STORAGE variable=second_order_float::cos_K1 type=ROM_1P impl=LUTRAM
                                                                  ^
C:\Users\tsope\AppData\Roaming\Xilinx\Vitis\matrix-multiplyer-kv260\solution1\.autopilot\db\dot_product.pp.0.cpp:12806:67: error: Invalid Directive: for current device, ROM_1P + LUTRAM is invalid combination for BIND_STORAGE's option 'type + impl' [clang-diagnostic-error]
#pragma HLS BIND_STORAGE variable=second_order_float::cos_K2 type=ROM_1P impl=LUTRAM
                                                                  ^
C:\Users\tsope\AppData\Roaming\Xilinx\Vitis\matrix-multiplyer-kv260\solution1\.autopilot\db\dot_product.pp.0.cpp:12807:67: error: Invalid Directive: for current device, ROM_1P + LUTRAM is invalid combination for BIND_STORAGE's option 'type + impl' [clang-diagnostic-error]
#pragma HLS BIND_STORAGE variable=second_order_float::sin_K0 type=ROM_1P impl=LUTRAM
                                                                  ^
C:\Users\tsope\AppData\Roaming\Xilinx\Vitis\matrix-multiplyer-kv260\solution1\.autopilot\db\dot_product.pp.0.cpp:12808:67: error: Invalid Directive: for current device, ROM_1P + LUTRAM is invalid combination for BIND_STORAGE's option 'type + impl' [clang-diagnostic-error]
#pragma HLS BIND_STORAGE variable=second_order_float::sin_K1 type=ROM_1P impl=LUTRAM
                                                                  ^
C:\Users\tsope\AppData\Roaming\Xilinx\Vitis\matrix-multiplyer-kv260\solution1\.autopilot\db\dot_product.pp.0.cpp:12809:67: error: Invalid Directive: for current device, ROM_1P + LUTRAM is invalid combination for BIND_STORAGE's option 'type + impl' [clang-diagnostic-error]
#pragma HLS BIND_STORAGE variable=second_order_float::sin_K2 type=ROM_1P impl=LUTRAM
                                                                  ^
C:\Users\tsope\AppData\Roaming\Xilinx\Vitis\matrix-multiplyer-kv260\solution1\.autopilot\db\dot_product.pp.0.cpp:12845:73: error: Invalid Directive: for current device, ROM_1P + LUTRAM is invalid combination for BIND_STORAGE's option 'type + impl' [clang-diagnostic-error]
#pragma HLS BIND_STORAGE variable=first_order_fixed_16::sin_cos_K0 type=ROM_1P impl=LUTRAM
                                                                        ^
C:\Users\tsope\AppData\Roaming\Xilinx\Vitis\matrix-multiplyer-kv260\solution1\.autopilot\db\dot_product.pp.0.cpp:12846:73: error: Invalid Directive: for current device, ROM_1P + LUTRAM is invalid combination for BIND_STORAGE's option 'type + impl' [clang-diagnostic-error]
#pragma HLS BIND_STORAGE variable=first_order_fixed_16::sin_cos_K1 type=ROM_1P impl=LUTRAM
                                                                        ^
C:\Users\tsope\AppData\Roaming\Xilinx\Vitis\matrix-multiplyer-kv260\solution1\.autopilot\db\dot_product.pp.0.cpp:13120:5: warning: Added loop label VITIS_LOOP_87_1:   [xilinx-label-all-loops]
    for (int n=0; n<Nmax; n++){
    ^~~
    VITIS_LOOP_87_1: 
C:\Users\tsope\AppData\Roaming\Xilinx\Vitis\matrix-multiplyer-kv260\solution1\.autopilot\db\dot_product.pp.0.cpp:13120:5: note: FIX-IT applied suggested code changes
C:\Users\tsope\AppData\Roaming\Xilinx\Vitis\matrix-multiplyer-kv260\solution1\.autopilot\db\dot_product.pp.0.cpp:13166:5: warning: Added loop label VITIS_LOOP_143_1:   [xilinx-label-all-loops]
    for (int n=0; n<Nmax; n++){
    ^~~
    VITIS_LOOP_143_1: 
C:\Users\tsope\AppData\Roaming\Xilinx\Vitis\matrix-multiplyer-kv260\solution1\.autopilot\db\dot_product.pp.0.cpp:13166:5: note: FIX-IT applied suggested code changes
C:\Users\tsope\AppData\Roaming\Xilinx\Vitis\matrix-multiplyer-kv260\solution1\.autopilot\db\dot_product.pp.0.cpp:13329:9: warning: Added loop label VITIS_LOOP_315_1:   [xilinx-label-all-loops]
        for(int i=0;i<W-1;i++){
        ^~~
        VITIS_LOOP_315_1: 
C:\Users\tsope\AppData\Roaming\Xilinx\Vitis\matrix-multiplyer-kv260\solution1\.autopilot\db\dot_product.pp.0.cpp:13329:9: note: FIX-IT applied suggested code changes
C:\Users\tsope\AppData\Roaming\Xilinx\Vitis\matrix-multiplyer-kv260\solution1\.autopilot\db\dot_product.pp.0.cpp:13481:9: warning: Added loop label VITIS_LOOP_475_1:   [xilinx-label-all-loops]
        for(int i=0;i<W-1;i++){
        ^~~
        VITIS_LOOP_475_1: 
C:\Users\tsope\AppData\Roaming\Xilinx\Vitis\matrix-multiplyer-kv260\solution1\.autopilot\db\dot_product.pp.0.cpp:13481:9: note: FIX-IT applied suggested code changes
C:\Users\tsope\AppData\Roaming\Xilinx\Vitis\matrix-multiplyer-kv260\solution1\.autopilot\db\dot_product.pp.0.cpp:13661:5: warning: Added loop label VITIS_LOOP_655_1:   [xilinx-label-all-loops]
    for(int i=0;i<W+1;i++){
    ^~~
    VITIS_LOOP_655_1: 
C:\Users\tsope\AppData\Roaming\Xilinx\Vitis\matrix-multiplyer-kv260\solution1\.autopilot\db\dot_product.pp.0.cpp:13661:5: note: FIX-IT applied suggested code changes
C:\Users\tsope\AppData\Roaming\Xilinx\Vitis\matrix-multiplyer-kv260\solution1\.autopilot\db\dot_product.pp.0.cpp:13665:5: warning: Added loop label VITIS_LOOP_659_2:   [xilinx-label-all-loops]
    for(int i=0;i<W+1;i++){
    ^~~
    VITIS_LOOP_659_2: 
C:\Users\tsope\AppData\Roaming\Xilinx\Vitis\matrix-multiplyer-kv260\solution1\.autopilot\db\dot_product.pp.0.cpp:13665:5: note: FIX-IT applied suggested code changes
C:\Users\tsope\AppData\Roaming\Xilinx\Vitis\matrix-multiplyer-kv260\solution1\.autopilot\db\dot_product.pp.0.cpp:13775:5: warning: Added loop label VITIS_LOOP_769_1:   [xilinx-label-all-loops]
    for (int n=0; n<Nmax; n++){
    ^~~
    VITIS_LOOP_769_1: 
C:\Users\tsope\AppData\Roaming\Xilinx\Vitis\matrix-multiplyer-kv260\solution1\.autopilot\db\dot_product.pp.0.cpp:13775:5: note: FIX-IT applied suggested code changes
C:\Users\tsope\AppData\Roaming\Xilinx\Vitis\matrix-multiplyer-kv260\solution1\.autopilot\db\dot_product.pp.0.cpp:13865:7: warning: Added loop label VITIS_LOOP_866_1:   [xilinx-label-all-loops]
      for(int i=0;i<W-1;i++){
      ^~~
      VITIS_LOOP_866_1: 
C:\Users\tsope\AppData\Roaming\Xilinx\Vitis\matrix-multiplyer-kv260\solution1\.autopilot\db\dot_product.pp.0.cpp:13865:7: note: FIX-IT applied suggested code changes
C:\Users\tsope\AppData\Roaming\Xilinx\Vitis\matrix-multiplyer-kv260\solution1\.autopilot\db\dot_product.pp.0.cpp:13884:7: warning: Added loop label VITIS_LOOP_885_2:   [xilinx-label-all-loops]
      for(int i=0;i<W-1;i++){
      ^~~
      VITIS_LOOP_885_2: 
C:\Users\tsope\AppData\Roaming\Xilinx\Vitis\matrix-multiplyer-kv260\solution1\.autopilot\db\dot_product.pp.0.cpp:13884:7: note: FIX-IT applied suggested code changes
C:\Users\tsope\AppData\Roaming\Xilinx\Vitis\matrix-multiplyer-kv260\solution1\.autopilot\db\dot_product.pp.0.cpp:14174:5: warning: Added loop label VITIS_LOOP_1199_1:   [xilinx-label-all-loops]
    for(int i=0; i<Nmax; i++) {
    ^~~
    VITIS_LOOP_1199_1: 
C:\Users\tsope\AppData\Roaming\Xilinx\Vitis\matrix-multiplyer-kv260\solution1\.autopilot\db\dot_product.pp.0.cpp:14174:5: note: FIX-IT applied suggested code changes
C:\Users\tsope\AppData\Roaming\Xilinx\Vitis\matrix-multiplyer-kv260\solution1\.autopilot\db\dot_product.pp.0.cpp:14257:5: warning: Added loop label VITIS_LOOP_1282_1:   [xilinx-label-all-loops]
    for(int i=0; i<Nmax; i++) {
    ^~~
    VITIS_LOOP_1282_1: 
C:\Users\tsope\AppData\Roaming\Xilinx\Vitis\matrix-multiplyer-kv260\solution1\.autopilot\db\dot_product.pp.0.cpp:14257:5: note: FIX-IT applied suggested code changes
C:\Users\tsope\AppData\Roaming\Xilinx\Vitis\matrix-multiplyer-kv260\solution1\.autopilot\db\dot_product.pp.0.cpp:14663:13: warning: Added loop label VITIS_LOOP_94_1:   [xilinx-label-all-loops]
            for (int j = 3; j >= I_+1; j--) {
            ^~~
            VITIS_LOOP_94_1: 
C:\Users\tsope\AppData\Roaming\Xilinx\Vitis\matrix-multiplyer-kv260\solution1\.autopilot\db\dot_product.pp.0.cpp:14663:13: note: FIX-IT applied suggested code changes
C:\Users\tsope\AppData\Roaming\Xilinx\Vitis\matrix-multiplyer-kv260\solution1\.autopilot\db\dot_product.pp.0.cpp:14669:17: warning: Added loop label VITIS_LOOP_100_2:   [xilinx-label-all-loops]
                for (int j = 3; j >= I_+1; j--){
                ^~~
                VITIS_LOOP_100_2: 
C:\Users\tsope\AppData\Roaming\Xilinx\Vitis\matrix-multiplyer-kv260\solution1\.autopilot\db\dot_product.pp.0.cpp:14669:17: note: FIX-IT applied suggested code changes
C:\Users\tsope\AppData\Roaming\Xilinx\Vitis\matrix-multiplyer-kv260\solution1\.autopilot\db\dot_product.pp.0.cpp:14673:17: warning: Added loop label VITIS_LOOP_104_3:   [xilinx-label-all-loops]
                for (int j = I_; j >= 0; j--){
                ^~~
                VITIS_LOOP_104_3: 
C:\Users\tsope\AppData\Roaming\Xilinx\Vitis\matrix-multiplyer-kv260\solution1\.autopilot\db\dot_product.pp.0.cpp:14673:17: note: FIX-IT applied suggested code changes
C:\Users\tsope\AppData\Roaming\Xilinx\Vitis\matrix-multiplyer-kv260\solution1\.autopilot\db\dot_product.pp.0.cpp:14721:13: warning: Added loop label VITIS_LOOP_171_4:   [xilinx-label-all-loops]
            for (int j = 9; j >= I_+4; j--) {
            ^~~
            VITIS_LOOP_171_4: 
C:\Users\tsope\AppData\Roaming\Xilinx\Vitis\matrix-multiplyer-kv260\solution1\.autopilot\db\dot_product.pp.0.cpp:14721:13: note: FIX-IT applied suggested code changes
C:\Users\tsope\AppData\Roaming\Xilinx\Vitis\matrix-multiplyer-kv260\solution1\.autopilot\db\dot_product.pp.0.cpp:14727:17: warning: Added loop label VITIS_LOOP_177_5:   [xilinx-label-all-loops]
                for (int j = 9; j >= I_+4; j--){
                ^~~
                VITIS_LOOP_177_5: 
C:\Users\tsope\AppData\Roaming\Xilinx\Vitis\matrix-multiplyer-kv260\solution1\.autopilot\db\dot_product.pp.0.cpp:14727:17: note: FIX-IT applied suggested code changes
C:\Users\tsope\AppData\Roaming\Xilinx\Vitis\matrix-multiplyer-kv260\solution1\.autopilot\db\dot_product.pp.0.cpp:14731:17: warning: Added loop label VITIS_LOOP_181_6:   [xilinx-label-all-loops]
                for (int j = I_+3; j >= 0; j--){
                ^~~
                VITIS_LOOP_181_6: 
C:\Users\tsope\AppData\Roaming\Xilinx\Vitis\matrix-multiplyer-kv260\solution1\.autopilot\db\dot_product.pp.0.cpp:14731:17: note: FIX-IT applied suggested code changes
C:\Users\tsope\AppData\Roaming\Xilinx\Vitis\matrix-multiplyer-kv260\solution1\.autopilot\db\dot_product.pp.0.cpp:14746:9: warning: Added loop label VITIS_LOOP_196_7:   [xilinx-label-all-loops]
        for (int j = 14; j < 22; j++){
        ^~~
        VITIS_LOOP_196_7: 
C:\Users\tsope\AppData\Roaming\Xilinx\Vitis\matrix-multiplyer-kv260\solution1\.autopilot\db\dot_product.pp.0.cpp:14746:9: note: FIX-IT applied suggested code changes
C:\Users\tsope\AppData\Roaming\Xilinx\Vitis\matrix-multiplyer-kv260\solution1\.autopilot\db\dot_product.pp.0.cpp:14754:17: warning: Added loop label VITIS_LOOP_204_8:   [xilinx-label-all-loops]
                for (int j = 0; j < 22; j++){
                ^~~
                VITIS_LOOP_204_8: 
C:\Users\tsope\AppData\Roaming\Xilinx\Vitis\matrix-multiplyer-kv260\solution1\.autopilot\db\dot_product.pp.0.cpp:14754:17: note: FIX-IT applied suggested code changes
C:\Users\tsope\AppData\Roaming\Xilinx\Vitis\matrix-multiplyer-kv260\solution1\.autopilot\db\dot_product.pp.0.cpp:14819:13: warning: Added loop label VITIS_LOOP_269_9:   [xilinx-label-all-loops]
            for (int j = 21; j >= I_+10; j--) {
            ^~~
            VITIS_LOOP_269_9: 
C:\Users\tsope\AppData\Roaming\Xilinx\Vitis\matrix-multiplyer-kv260\solution1\.autopilot\db\dot_product.pp.0.cpp:14819:13: note: FIX-IT applied suggested code changes
C:\Users\tsope\AppData\Roaming\Xilinx\Vitis\matrix-multiplyer-kv260\solution1\.autopilot\db\dot_product.pp.0.cpp:14825:17: warning: Added loop label VITIS_LOOP_275_10:   [xilinx-label-all-loops]
                for (int j = 21; j >= I_+10; j--) {
                ^~~
                VITIS_LOOP_275_10: 
C:\Users\tsope\AppData\Roaming\Xilinx\Vitis\matrix-multiplyer-kv260\solution1\.autopilot\db\dot_product.pp.0.cpp:14825:17: note: FIX-IT applied suggested code changes
C:\Users\tsope\AppData\Roaming\Xilinx\Vitis\matrix-multiplyer-kv260\solution1\.autopilot\db\dot_product.pp.0.cpp:14829:17: warning: Added loop label VITIS_LOOP_279_11:   [xilinx-label-all-loops]
                for (int j = I_+9; j >= 0; j--) {
                ^~~
                VITIS_LOOP_279_11: 
C:\Users\tsope\AppData\Roaming\Xilinx\Vitis\matrix-multiplyer-kv260\solution1\.autopilot\db\dot_product.pp.0.cpp:14829:17: note: FIX-IT applied suggested code changes
C:\Users\tsope\AppData\Roaming\Xilinx\Vitis\matrix-multiplyer-kv260\solution1\.autopilot\db\dot_product.pp.0.cpp:14844:9: warning: Added loop label VITIS_LOOP_294_12:   [xilinx-label-all-loops]
        for (int j = 27; j < 46; j++){
        ^~~
        VITIS_LOOP_294_12: 
C:\Users\tsope\AppData\Roaming\Xilinx\Vitis\matrix-multiplyer-kv260\solution1\.autopilot\db\dot_product.pp.0.cpp:14844:9: note: FIX-IT applied suggested code changes
C:\Users\tsope\AppData\Roaming\Xilinx\Vitis\matrix-multiplyer-kv260\solution1\.autopilot\db\dot_product.pp.0.cpp:14852:17: warning: Added loop label VITIS_LOOP_302_13:   [xilinx-label-all-loops]
                for (int j = 0; j < 46; j++) {
                ^~~
                VITIS_LOOP_302_13: 
C:\Users\tsope\AppData\Roaming\Xilinx\Vitis\matrix-multiplyer-kv260\solution1\.autopilot\db\dot_product.pp.0.cpp:14852:17: note: FIX-IT applied suggested code changes
C:\Users\tsope\AppData\Roaming\Xilinx\Vitis\matrix-multiplyer-kv260\solution1\.autopilot\db\dot_product.pp.0.cpp:15081:13: warning: Added loop label VITIS_LOOP_531_14:   [xilinx-label-all-loops]
            for (int j = 45; j >= I_+22; j--) {
            ^~~
            VITIS_LOOP_531_14: 
C:\Users\tsope\AppData\Roaming\Xilinx\Vitis\matrix-multiplyer-kv260\solution1\.autopilot\db\dot_product.pp.0.cpp:15081:13: note: FIX-IT applied suggested code changes
C:\Users\tsope\AppData\Roaming\Xilinx\Vitis\matrix-multiplyer-kv260\solution1\.autopilot\db\dot_product.pp.0.cpp:15087:17: warning: Added loop label VITIS_LOOP_537_15:   [xilinx-label-all-loops]
                for (int j = 45; j >= I_+22; j--){
                ^~~
                VITIS_LOOP_537_15: 
C:\Users\tsope\AppData\Roaming\Xilinx\Vitis\matrix-multiplyer-kv260\solution1\.autopilot\db\dot_product.pp.0.cpp:15087:17: note: FIX-IT applied suggested code changes
C:\Users\tsope\AppData\Roaming\Xilinx\Vitis\matrix-multiplyer-kv260\solution1\.autopilot\db\dot_product.pp.0.cpp:15091:17: warning: Added loop label VITIS_LOOP_541_16:   [xilinx-label-all-loops]
                for (int j = I_+21; j >= 0; j--) {
                ^~~
                VITIS_LOOP_541_16: 
C:\Users\tsope\AppData\Roaming\Xilinx\Vitis\matrix-multiplyer-kv260\solution1\.autopilot\db\dot_product.pp.0.cpp:15091:17: note: FIX-IT applied suggested code changes
C:\Users\tsope\AppData\Roaming\Xilinx\Vitis\matrix-multiplyer-kv260\solution1\.autopilot\db\dot_product.pp.0.cpp:15101:9: warning: Added loop label VITIS_LOOP_551_17:   [xilinx-label-all-loops]
        for (int j = 32-F_; j < 32+I_; j++){
        ^~~
        VITIS_LOOP_551_17: 
C:\Users\tsope\AppData\Roaming\Xilinx\Vitis\matrix-multiplyer-kv260\solution1\.autopilot\db\dot_product.pp.0.cpp:15101:9: note: FIX-IT applied suggested code changes
C:\Users\tsope\AppData\Roaming\Xilinx\Vitis\matrix-multiplyer-kv260\solution1\.autopilot\db\dot_product.pp.0.cpp:15105:9: warning: Added loop label VITIS_LOOP_555_18:   [xilinx-label-all-loops]
        for (int j = 32+I_; j <= 64; j++){
        ^~~
        VITIS_LOOP_555_18: 
C:\Users\tsope\AppData\Roaming\Xilinx\Vitis\matrix-multiplyer-kv260\solution1\.autopilot\db\dot_product.pp.0.cpp:15105:9: note: FIX-IT applied suggested code changes
C:\Users\tsope\AppData\Roaming\Xilinx\Vitis\matrix-multiplyer-kv260\solution1\.autopilot\db\dot_product.pp.0.cpp:15115:9: warning: Added loop label VITIS_LOOP_565_19:   [xilinx-label-all-loops]
        for (int j = 37; j < 64; j++) {
        ^~~
        VITIS_LOOP_565_19: 
C:\Users\tsope\AppData\Roaming\Xilinx\Vitis\matrix-multiplyer-kv260\solution1\.autopilot\db\dot_product.pp.0.cpp:15115:9: note: FIX-IT applied suggested code changes
C:\Users\tsope\AppData\Roaming\Xilinx\Vitis\matrix-multiplyer-kv260\solution1\.autopilot\db\dot_product.pp.0.cpp:15123:17: warning: Added loop label VITIS_LOOP_573_20:   [xilinx-label-all-loops]
                for (int j = 0; j < 64; j++){
                ^~~
                VITIS_LOOP_573_20: 
C:\Users\tsope\AppData\Roaming\Xilinx\Vitis\matrix-multiplyer-kv260\solution1\.autopilot\db\dot_product.pp.0.cpp:15123:17: note: FIX-IT applied suggested code changes
C:\Users\tsope\AppData\Roaming\Xilinx\Vitis\matrix-multiplyer-kv260\solution1\.autopilot\db\dot_product.pp.0.cpp:15484:13: warning: Added loop label VITIS_LOOP_934_21:   [xilinx-label-all-loops]
            for (int j = 63; j >= I_+31; j--) {
            ^~~
            VITIS_LOOP_934_21: 
C:\Users\tsope\AppData\Roaming\Xilinx\Vitis\matrix-multiplyer-kv260\solution1\.autopilot\db\dot_product.pp.0.cpp:15484:13: note: FIX-IT applied suggested code changes
C:\Users\tsope\AppData\Roaming\Xilinx\Vitis\matrix-multiplyer-kv260\solution1\.autopilot\db\dot_product.pp.0.cpp:15490:17: warning: Added loop label VITIS_LOOP_940_22:   [xilinx-label-all-loops]
                for (int j = 63; j >= I_+31; j--) {
                ^~~
                VITIS_LOOP_940_22: 
C:\Users\tsope\AppData\Roaming\Xilinx\Vitis\matrix-multiplyer-kv260\solution1\.autopilot\db\dot_product.pp.0.cpp:15490:17: note: FIX-IT applied suggested code changes
C:\Users\tsope\AppData\Roaming\Xilinx\Vitis\matrix-multiplyer-kv260\solution1\.autopilot\db\dot_product.pp.0.cpp:15494:17: warning: Added loop label VITIS_LOOP_944_23:   [xilinx-label-all-loops]
                for (int j = I_+30; j >= 0; j--) {
                ^~~
                VITIS_LOOP_944_23: 
C:\Users\tsope\AppData\Roaming\Xilinx\Vitis\matrix-multiplyer-kv260\solution1\.autopilot\db\dot_product.pp.0.cpp:15494:17: note: FIX-IT applied suggested code changes
C:\Users\tsope\AppData\Roaming\Xilinx\Vitis\matrix-multiplyer-kv260\solution1\.autopilot\db\dot_product.pp.0.cpp:15610:13: warning: Added loop label VITIS_LOOP_1060_1:   [xilinx-label-all-loops]
            for (int j = 4; j >= I_+1; j--) {
            ^~~
            VITIS_LOOP_1060_1: 
C:\Users\tsope\AppData\Roaming\Xilinx\Vitis\matrix-multiplyer-kv260\solution1\.autopilot\db\dot_product.pp.0.cpp:15610:13: note: FIX-IT applied suggested code changes
C:\Users\tsope\AppData\Roaming\Xilinx\Vitis\matrix-multiplyer-kv260\solution1\.autopilot\db\dot_product.pp.0.cpp:15616:17: warning: Added loop label VITIS_LOOP_1066_2:   [xilinx-label-all-loops]
                for (int j = 4; j >= I_+1; j--) {
                ^~~
                VITIS_LOOP_1066_2: 
C:\Users\tsope\AppData\Roaming\Xilinx\Vitis\matrix-multiplyer-kv260\solution1\.autopilot\db\dot_product.pp.0.cpp:15616:17: note: FIX-IT applied suggested code changes
C:\Users\tsope\AppData\Roaming\Xilinx\Vitis\matrix-multiplyer-kv260\solution1\.autopilot\db\dot_product.pp.0.cpp:15620:17: warning: Added loop label VITIS_LOOP_1070_3:   [xilinx-label-all-loops]
                for (int j = I_; j >= 0; j--) {
                ^~~
                VITIS_LOOP_1070_3: 
C:\Users\tsope\AppData\Roaming\Xilinx\Vitis\matrix-multiplyer-kv260\solution1\.autopilot\db\dot_product.pp.0.cpp:15620:17: note: FIX-IT applied suggested code changes
C:\Users\tsope\AppData\Roaming\Xilinx\Vitis\matrix-multiplyer-kv260\solution1\.autopilot\db\dot_product.pp.0.cpp:15707:13: warning: Added loop label VITIS_LOOP_1157_4:   [xilinx-label-all-loops]
            for (int j = 10; j >= I_+4; j--) {
            ^~~
            VITIS_LOOP_1157_4: 
C:\Users\tsope\AppData\Roaming\Xilinx\Vitis\matrix-multiplyer-kv260\solution1\.autopilot\db\dot_product.pp.0.cpp:15707:13: note: FIX-IT applied suggested code changes
C:\Users\tsope\AppData\Roaming\Xilinx\Vitis\matrix-multiplyer-kv260\solution1\.autopilot\db\dot_product.pp.0.cpp:15713:17: warning: Added loop label VITIS_LOOP_1163_5:   [xilinx-label-all-loops]
                for (int j = 10; j >= I_+4; j--) {
                ^~~
                VITIS_LOOP_1163_5: 
C:\Users\tsope\AppData\Roaming\Xilinx\Vitis\matrix-multiplyer-kv260\solution1\.autopilot\db\dot_product.pp.0.cpp:15713:17: note: FIX-IT applied suggested code changes
C:\Users\tsope\AppData\Roaming\Xilinx\Vitis\matrix-multiplyer-kv260\solution1\.autopilot\db\dot_product.pp.0.cpp:15717:17: warning: Added loop label VITIS_LOOP_1167_6:   [xilinx-label-all-loops]
                for (int j = I_+3; j >= 0; j--) {
                ^~~
                VITIS_LOOP_1167_6: 
C:\Users\tsope\AppData\Roaming\Xilinx\Vitis\matrix-multiplyer-kv260\solution1\.autopilot\db\dot_product.pp.0.cpp:15717:17: note: FIX-IT applied suggested code changes
C:\Users\tsope\AppData\Roaming\Xilinx\Vitis\matrix-multiplyer-kv260\solution1\.autopilot\db\dot_product.pp.0.cpp:15736:9: warning: Added loop label VITIS_LOOP_1186_7:   [xilinx-label-all-loops]
        for (int j = wf+3; j < w-1; j++) {
        ^~~
        VITIS_LOOP_1186_7: 
C:\Users\tsope\AppData\Roaming\Xilinx\Vitis\matrix-multiplyer-kv260\solution1\.autopilot\db\dot_product.pp.0.cpp:15736:9: note: FIX-IT applied suggested code changes
C:\Users\tsope\AppData\Roaming\Xilinx\Vitis\matrix-multiplyer-kv260\solution1\.autopilot\db\dot_product.pp.0.cpp:15743:17: warning: Added loop label VITIS_LOOP_1193_8:   [xilinx-label-all-loops]
                for (int j = 0; j < 22; j++) {
                ^~~
                VITIS_LOOP_1193_8: 
C:\Users\tsope\AppData\Roaming\Xilinx\Vitis\matrix-multiplyer-kv260\solution1\.autopilot\db\dot_product.pp.0.cpp:15743:17: note: FIX-IT applied suggested code changes
C:\Users\tsope\AppData\Roaming\Xilinx\Vitis\matrix-multiplyer-kv260\solution1\.autopilot\db\dot_product.pp.0.cpp:15859:13: warning: Added loop label VITIS_LOOP_1309_9:   [xilinx-label-all-loops]
            for (int j = 22; j >= I_+10; j--) {
            ^~~
            VITIS_LOOP_1309_9: 
C:\Users\tsope\AppData\Roaming\Xilinx\Vitis\matrix-multiplyer-kv260\solution1\.autopilot\db\dot_product.pp.0.cpp:15859:13: note: FIX-IT applied suggested code changes
C:\Users\tsope\AppData\Roaming\Xilinx\Vitis\matrix-multiplyer-kv260\solution1\.autopilot\db\dot_product.pp.0.cpp:15865:17: warning: Added loop label VITIS_LOOP_1315_10:   [xilinx-label-all-loops]
                for (int j = 22; j >= I_+10; j--){
                ^~~
                VITIS_LOOP_1315_10: 
C:\Users\tsope\AppData\Roaming\Xilinx\Vitis\matrix-multiplyer-kv260\solution1\.autopilot\db\dot_product.pp.0.cpp:15865:17: note: FIX-IT applied suggested code changes
C:\Users\tsope\AppData\Roaming\Xilinx\Vitis\matrix-multiplyer-kv260\solution1\.autopilot\db\dot_product.pp.0.cpp:15869:17: warning: Added loop label VITIS_LOOP_1319_11:   [xilinx-label-all-loops]
                for (int j = I_+9; j >= 0; j--) {
                ^~~
                VITIS_LOOP_1319_11: 
C:\Users\tsope\AppData\Roaming\Xilinx\Vitis\matrix-multiplyer-kv260\solution1\.autopilot\db\dot_product.pp.0.cpp:15869:17: note: FIX-IT applied suggested code changes
C:\Users\tsope\AppData\Roaming\Xilinx\Vitis\matrix-multiplyer-kv260\solution1\.autopilot\db\dot_product.pp.0.cpp:15889:9: warning: Added loop label VITIS_LOOP_1339_12:   [xilinx-label-all-loops]
        for (int j = wf+4; j < w-1; j++){
        ^~~
        VITIS_LOOP_1339_12: 
C:\Users\tsope\AppData\Roaming\Xilinx\Vitis\matrix-multiplyer-kv260\solution1\.autopilot\db\dot_product.pp.0.cpp:15889:9: note: FIX-IT applied suggested code changes
C:\Users\tsope\AppData\Roaming\Xilinx\Vitis\matrix-multiplyer-kv260\solution1\.autopilot\db\dot_product.pp.0.cpp:15896:17: warning: Added loop label VITIS_LOOP_1346_13:   [xilinx-label-all-loops]
                for (int j = 0; j < 46; j++) {
                ^~~
                VITIS_LOOP_1346_13: 
C:\Users\tsope\AppData\Roaming\Xilinx\Vitis\matrix-multiplyer-kv260\solution1\.autopilot\db\dot_product.pp.0.cpp:15896:17: note: FIX-IT applied suggested code changes
C:\Users\tsope\AppData\Roaming\Xilinx\Vitis\matrix-multiplyer-kv260\solution1\.autopilot\db\dot_product.pp.0.cpp:16158:13: warning: Added loop label VITIS_LOOP_1608_14:   [xilinx-label-all-loops]
            for (int j = 46; j >= I_+22; j--) {
            ^~~
            VITIS_LOOP_1608_14: 
C:\Users\tsope\AppData\Roaming\Xilinx\Vitis\matrix-multiplyer-kv260\solution1\.autopilot\db\dot_product.pp.0.cpp:16158:13: note: FIX-IT applied suggested code changes
C:\Users\tsope\AppData\Roaming\Xilinx\Vitis\matrix-multiplyer-kv260\solution1\.autopilot\db\dot_product.pp.0.cpp:16164:17: warning: Added loop label VITIS_LOOP_1614_15:   [xilinx-label-all-loops]
                for (int j = 46; j >= I_+22; j--) {
                ^~~
                VITIS_LOOP_1614_15: 
C:\Users\tsope\AppData\Roaming\Xilinx\Vitis\matrix-multiplyer-kv260\solution1\.autopilot\db\dot_product.pp.0.cpp:16164:17: note: FIX-IT applied suggested code changes
C:\Users\tsope\AppData\Roaming\Xilinx\Vitis\matrix-multiplyer-kv260\solution1\.autopilot\db\dot_product.pp.0.cpp:16168:17: warning: Added loop label VITIS_LOOP_1618_16:   [xilinx-label-all-loops]
                for (int j = I_+21; j >= 0; j--) {
                ^~~
                VITIS_LOOP_1618_16: 
C:\Users\tsope\AppData\Roaming\Xilinx\Vitis\matrix-multiplyer-kv260\solution1\.autopilot\db\dot_product.pp.0.cpp:16168:17: note: FIX-IT applied suggested code changes
C:\Users\tsope\AppData\Roaming\Xilinx\Vitis\matrix-multiplyer-kv260\solution1\.autopilot\db\dot_product.pp.0.cpp:16192:9: warning: Added loop label VITIS_LOOP_1642_17:   [xilinx-label-all-loops]
        for (int j = wf+5; j < w-1; j++){
        ^~~
        VITIS_LOOP_1642_17: 
C:\Users\tsope\AppData\Roaming\Xilinx\Vitis\matrix-multiplyer-kv260\solution1\.autopilot\db\dot_product.pp.0.cpp:16192:9: note: FIX-IT applied suggested code changes
C:\Users\tsope\AppData\Roaming\Xilinx\Vitis\matrix-multiplyer-kv260\solution1\.autopilot\db\dot_product.pp.0.cpp:16199:17: warning: Added loop label VITIS_LOOP_1649_18:   [xilinx-label-all-loops]
                for (int j = 0; j < 64; j++) {
                ^~~
                VITIS_LOOP_1649_18: 
C:\Users\tsope\AppData\Roaming\Xilinx\Vitis\matrix-multiplyer-kv260\solution1\.autopilot\db\dot_product.pp.0.cpp:16199:17: note: FIX-IT applied suggested code changes
C:\Users\tsope\AppData\Roaming\Xilinx\Vitis\matrix-multiplyer-kv260\solution1\.autopilot\db\dot_product.pp.0.cpp:16629:13: warning: Added loop label VITIS_LOOP_2079_19:   [xilinx-label-all-loops]
            for (int j = 64; j >= I_+31; j--) {
            ^~~
            VITIS_LOOP_2079_19: 
C:\Users\tsope\AppData\Roaming\Xilinx\Vitis\matrix-multiplyer-kv260\solution1\.autopilot\db\dot_product.pp.0.cpp:16629:13: note: FIX-IT applied suggested code changes
C:\Users\tsope\AppData\Roaming\Xilinx\Vitis\matrix-multiplyer-kv260\solution1\.autopilot\db\dot_product.pp.0.cpp:16635:17: warning: Added loop label VITIS_LOOP_2085_20:   [xilinx-label-all-loops]
                for (int j = 64; j >= I_+31; j--) {
                ^~~
                VITIS_LOOP_2085_20: 
C:\Users\tsope\AppData\Roaming\Xilinx\Vitis\matrix-multiplyer-kv260\solution1\.autopilot\db\dot_product.pp.0.cpp:16635:17: note: FIX-IT applied suggested code changes
C:\Users\tsope\AppData\Roaming\Xilinx\Vitis\matrix-multiplyer-kv260\solution1\.autopilot\db\dot_product.pp.0.cpp:16639:17: warning: Added loop label VITIS_LOOP_2089_21:   [xilinx-label-all-loops]
                for (int j = I_+30; j >= 0; j--) {
                ^~~
                VITIS_LOOP_2089_21: 
C:\Users\tsope\AppData\Roaming\Xilinx\Vitis\matrix-multiplyer-kv260\solution1\.autopilot\db\dot_product.pp.0.cpp:16639:17: note: FIX-IT applied suggested code changes
C:\Users\tsope\AppData\Roaming\Xilinx\Vitis\matrix-multiplyer-kv260\solution1\.autopilot\db\dot_product.pp.0.cpp:16769:13: warning: Added loop label VITIS_LOOP_2219_1:   [xilinx-label-all-loops]
            for(int j=3; j>=I+1; j--) {
            ^~~
            VITIS_LOOP_2219_1: 
C:\Users\tsope\AppData\Roaming\Xilinx\Vitis\matrix-multiplyer-kv260\solution1\.autopilot\db\dot_product.pp.0.cpp:16769:13: note: FIX-IT applied suggested code changes
C:\Users\tsope\AppData\Roaming\Xilinx\Vitis\matrix-multiplyer-kv260\solution1\.autopilot\db\dot_product.pp.0.cpp:16776:17: warning: Added loop label VITIS_LOOP_2226_2:   [xilinx-label-all-loops]
                for(int j=3; j>=I+1; j--) {
                ^~~
                VITIS_LOOP_2226_2: 
C:\Users\tsope\AppData\Roaming\Xilinx\Vitis\matrix-multiplyer-kv260\solution1\.autopilot\db\dot_product.pp.0.cpp:16776:17: note: FIX-IT applied suggested code changes
C:\Users\tsope\AppData\Roaming\Xilinx\Vitis\matrix-multiplyer-kv260\solution1\.autopilot\db\dot_product.pp.0.cpp:16780:17: warning: Added loop label VITIS_LOOP_2230_3:   [xilinx-label-all-loops]
                for(int j=I; j>=0; j--) {
                ^~~
                VITIS_LOOP_2230_3: 
C:\Users\tsope\AppData\Roaming\Xilinx\Vitis\matrix-multiplyer-kv260\solution1\.autopilot\db\dot_product.pp.0.cpp:16780:17: note: FIX-IT applied suggested code changes
C:\Users\tsope\AppData\Roaming\Xilinx\Vitis\matrix-multiplyer-kv260\solution1\.autopilot\db\dot_product.pp.0.cpp:16827:13: warning: Added loop label VITIS_LOOP_2277_4:   [xilinx-label-all-loops]
            for(int j=7; j>=3+I; j--) {
            ^~~
            VITIS_LOOP_2277_4: 
C:\Users\tsope\AppData\Roaming\Xilinx\Vitis\matrix-multiplyer-kv260\solution1\.autopilot\db\dot_product.pp.0.cpp:16827:13: note: FIX-IT applied suggested code changes
C:\Users\tsope\AppData\Roaming\Xilinx\Vitis\matrix-multiplyer-kv260\solution1\.autopilot\db\dot_product.pp.0.cpp:16834:17: warning: Added loop label VITIS_LOOP_2284_5:   [xilinx-label-all-loops]
                for(int j=7; j>=3+I; j--) {
                ^~~
                VITIS_LOOP_2284_5: 
C:\Users\tsope\AppData\Roaming\Xilinx\Vitis\matrix-multiplyer-kv260\solution1\.autopilot\db\dot_product.pp.0.cpp:16834:17: note: FIX-IT applied suggested code changes
C:\Users\tsope\AppData\Roaming\Xilinx\Vitis\matrix-multiplyer-kv260\solution1\.autopilot\db\dot_product.pp.0.cpp:16838:17: warning: Added loop label VITIS_LOOP_2288_6:   [xilinx-label-all-loops]
                for(int j=I+2; j>=0; j--) {
                ^~~
                VITIS_LOOP_2288_6: 
C:\Users\tsope\AppData\Roaming\Xilinx\Vitis\matrix-multiplyer-kv260\solution1\.autopilot\db\dot_product.pp.0.cpp:16838:17: note: FIX-IT applied suggested code changes
C:\Users\tsope\AppData\Roaming\Xilinx\Vitis\matrix-multiplyer-kv260\solution1\.autopilot\db\dot_product.pp.0.cpp:16856:9: warning: Added loop label VITIS_LOOP_2306_7:   [xilinx-label-all-loops]
        for(int j=11; j<16; j++) {
        ^~~
        VITIS_LOOP_2306_7: 
C:\Users\tsope\AppData\Roaming\Xilinx\Vitis\matrix-multiplyer-kv260\solution1\.autopilot\db\dot_product.pp.0.cpp:16856:9: note: FIX-IT applied suggested code changes
C:\Users\tsope\AppData\Roaming\Xilinx\Vitis\matrix-multiplyer-kv260\solution1\.autopilot\db\dot_product.pp.0.cpp:16911:13: warning: Added loop label VITIS_LOOP_2361_8:   [xilinx-label-all-loops]
            for(int j=15; j>=7+I; j--) {
            ^~~
            VITIS_LOOP_2361_8: 
C:\Users\tsope\AppData\Roaming\Xilinx\Vitis\matrix-multiplyer-kv260\solution1\.autopilot\db\dot_product.pp.0.cpp:16911:13: note: FIX-IT applied suggested code changes
C:\Users\tsope\AppData\Roaming\Xilinx\Vitis\matrix-multiplyer-kv260\solution1\.autopilot\db\dot_product.pp.0.cpp:16918:17: warning: Added loop label VITIS_LOOP_2368_9:   [xilinx-label-all-loops]
                for(int j=15; j>=7+I; j--) {
                ^~~
                VITIS_LOOP_2368_9: 
C:\Users\tsope\AppData\Roaming\Xilinx\Vitis\matrix-multiplyer-kv260\solution1\.autopilot\db\dot_product.pp.0.cpp:16918:17: note: FIX-IT applied suggested code changes
C:\Users\tsope\AppData\Roaming\Xilinx\Vitis\matrix-multiplyer-kv260\solution1\.autopilot\db\dot_product.pp.0.cpp:16922:17: warning: Added loop label VITIS_LOOP_2372_10:   [xilinx-label-all-loops]
                for(int j=6+I; j>=0; j--) {
                ^~~
                VITIS_LOOP_2372_10: 
C:\Users\tsope\AppData\Roaming\Xilinx\Vitis\matrix-multiplyer-kv260\solution1\.autopilot\db\dot_product.pp.0.cpp:16922:17: note: FIX-IT applied suggested code changes
C:\Users\tsope\AppData\Roaming\Xilinx\Vitis\matrix-multiplyer-kv260\solution1\.autopilot\db\dot_product.pp.0.cpp:16940:9: warning: Added loop label VITIS_LOOP_2390_11:   [xilinx-label-all-loops]
        for(int j=20; j<32; j++) {
        ^~~
        VITIS_LOOP_2390_11: 
C:\Users\tsope\AppData\Roaming\Xilinx\Vitis\matrix-multiplyer-kv260\solution1\.autopilot\db\dot_product.pp.0.cpp:16940:9: note: FIX-IT applied suggested code changes
C:\Users\tsope\AppData\Roaming\Xilinx\Vitis\matrix-multiplyer-kv260\solution1\.autopilot\db\dot_product.pp.0.cpp:17029:13: warning: Added loop label VITIS_LOOP_2479_12:   [xilinx-label-all-loops]
            for(int j=31; j>=I+15; j--) {
            ^~~
            VITIS_LOOP_2479_12: 
C:\Users\tsope\AppData\Roaming\Xilinx\Vitis\matrix-multiplyer-kv260\solution1\.autopilot\db\dot_product.pp.0.cpp:17029:13: note: FIX-IT applied suggested code changes
C:\Users\tsope\AppData\Roaming\Xilinx\Vitis\matrix-multiplyer-kv260\solution1\.autopilot\db\dot_product.pp.0.cpp:17036:17: warning: Added loop label VITIS_LOOP_2486_13:   [xilinx-label-all-loops]
                for(int j=31; j>=I+15; j--) {
                ^~~
                VITIS_LOOP_2486_13: 
C:\Users\tsope\AppData\Roaming\Xilinx\Vitis\matrix-multiplyer-kv260\solution1\.autopilot\db\dot_product.pp.0.cpp:17036:17: note: FIX-IT applied suggested code changes
C:\Users\tsope\AppData\Roaming\Xilinx\Vitis\matrix-multiplyer-kv260\solution1\.autopilot\db\dot_product.pp.0.cpp:17040:17: warning: Added loop label VITIS_LOOP_2490_14:   [xilinx-label-all-loops]
                for(int j=I+14; j>=0; j--) {
                ^~~
                VITIS_LOOP_2490_14: 
C:\Users\tsope\AppData\Roaming\Xilinx\Vitis\matrix-multiplyer-kv260\solution1\.autopilot\db\dot_product.pp.0.cpp:17040:17: note: FIX-IT applied suggested code changes
C:\Users\tsope\AppData\Roaming\Xilinx\Vitis\matrix-multiplyer-kv260\solution1\.autopilot\db\dot_product.pp.0.cpp:17050:9: warning: Added loop label VITIS_LOOP_2500_15:   [xilinx-label-all-loops]
        for(int j=32-F; j<32+I; j++) {
        ^~~
        VITIS_LOOP_2500_15: 
C:\Users\tsope\AppData\Roaming\Xilinx\Vitis\matrix-multiplyer-kv260\solution1\.autopilot\db\dot_product.pp.0.cpp:17050:9: note: FIX-IT applied suggested code changes
C:\Users\tsope\AppData\Roaming\Xilinx\Vitis\matrix-multiplyer-kv260\solution1\.autopilot\db\dot_product.pp.0.cpp:17054:9: warning: Added loop label VITIS_LOOP_2504_16:   [xilinx-label-all-loops]
        for(int j=32+I; j<=64; j++) {
        ^~~
        VITIS_LOOP_2504_16: 
C:\Users\tsope\AppData\Roaming\Xilinx\Vitis\matrix-multiplyer-kv260\solution1\.autopilot\db\dot_product.pp.0.cpp:17054:9: note: FIX-IT applied suggested code changes
C:\Users\tsope\AppData\Roaming\Xilinx\Vitis\matrix-multiplyer-kv260\solution1\.autopilot\db\dot_product.pp.0.cpp:17065:9: warning: Added loop label VITIS_LOOP_2515_17:   [xilinx-label-all-loops]
        for(int j=37; j<64; j++) {
        ^~~
        VITIS_LOOP_2515_17: 
C:\Users\tsope\AppData\Roaming\Xilinx\Vitis\matrix-multiplyer-kv260\solution1\.autopilot\db\dot_product.pp.0.cpp:17065:9: note: FIX-IT applied suggested code changes
C:\Users\tsope\AppData\Roaming\Xilinx\Vitis\matrix-multiplyer-kv260\solution1\.autopilot\db\dot_product.pp.0.cpp:17073:17: warning: Added loop label VITIS_LOOP_2523_18:   [xilinx-label-all-loops]
                for(int j=0; j<64; j++) {
                ^~~
                VITIS_LOOP_2523_18: 
C:\Users\tsope\AppData\Roaming\Xilinx\Vitis\matrix-multiplyer-kv260\solution1\.autopilot\db\dot_product.pp.0.cpp:17073:17: note: FIX-IT applied suggested code changes
C:\Users\tsope\AppData\Roaming\Xilinx\Vitis\matrix-multiplyer-kv260\solution1\.autopilot\db\dot_product.pp.0.cpp:17398:13: warning: Added loop label VITIS_LOOP_2848_19:   [xilinx-label-all-loops]
            for(int j=63; j>=I+31; j--) {
            ^~~
            VITIS_LOOP_2848_19: 
C:\Users\tsope\AppData\Roaming\Xilinx\Vitis\matrix-multiplyer-kv260\solution1\.autopilot\db\dot_product.pp.0.cpp:17398:13: note: FIX-IT applied suggested code changes
C:\Users\tsope\AppData\Roaming\Xilinx\Vitis\matrix-multiplyer-kv260\solution1\.autopilot\db\dot_product.pp.0.cpp:17405:17: warning: Added loop label VITIS_LOOP_2855_20:   [xilinx-label-all-loops]
                for(int j=63; j>=I+31; j--) {
                ^~~
                VITIS_LOOP_2855_20: 
C:\Users\tsope\AppData\Roaming\Xilinx\Vitis\matrix-multiplyer-kv260\solution1\.autopilot\db\dot_product.pp.0.cpp:17405:17: note: FIX-IT applied suggested code changes
C:\Users\tsope\AppData\Roaming\Xilinx\Vitis\matrix-multiplyer-kv260\solution1\.autopilot\db\dot_product.pp.0.cpp:17409:17: warning: Added loop label VITIS_LOOP_2859_21:   [xilinx-label-all-loops]
                for(int j=I+30; j>=0; j--) {
                ^~~
                VITIS_LOOP_2859_21: 
C:\Users\tsope\AppData\Roaming\Xilinx\Vitis\matrix-multiplyer-kv260\solution1\.autopilot\db\dot_product.pp.0.cpp:17409:17: note: FIX-IT applied suggested code changes
C:\Users\tsope\AppData\Roaming\Xilinx\Vitis\matrix-multiplyer-kv260\solution1\.autopilot\db\dot_product.pp.0.cpp:17497:4: warning: Added loop label VITIS_LOOP_2947_1:   [xilinx-label-all-loops]
   for(int j = 5; j>=I_+2; j--) {
   ^~~
   VITIS_LOOP_2947_1: 
C:\Users\tsope\AppData\Roaming\Xilinx\Vitis\matrix-multiplyer-kv260\solution1\.autopilot\db\dot_product.pp.0.cpp:17497:4: note: FIX-IT applied suggested code changes
C:\Users\tsope\AppData\Roaming\Xilinx\Vitis\matrix-multiplyer-kv260\solution1\.autopilot\db\dot_product.pp.0.cpp:17504:5: warning: Added loop label VITIS_LOOP_2954_2:   [xilinx-label-all-loops]
    for(int j = 5; j>=I_+2; j--) {
    ^~~
    VITIS_LOOP_2954_2: 
C:\Users\tsope\AppData\Roaming\Xilinx\Vitis\matrix-multiplyer-kv260\solution1\.autopilot\db\dot_product.pp.0.cpp:17504:5: note: FIX-IT applied suggested code changes
C:\Users\tsope\AppData\Roaming\Xilinx\Vitis\matrix-multiplyer-kv260\solution1\.autopilot\db\dot_product.pp.0.cpp:17508:5: warning: Added loop label VITIS_LOOP_2958_3:   [xilinx-label-all-loops]
    for(int j = I_+1; j>=0; j--) {
    ^~~
    VITIS_LOOP_2958_3: 
C:\Users\tsope\AppData\Roaming\Xilinx\Vitis\matrix-multiplyer-kv260\solution1\.autopilot\db\dot_product.pp.0.cpp:17508:5: note: FIX-IT applied suggested code changes
C:\Users\tsope\AppData\Roaming\Xilinx\Vitis\matrix-multiplyer-kv260\solution1\.autopilot\db\dot_product.pp.0.cpp:17523:3: warning: Added loop label VITIS_LOOP_2973_4:   [xilinx-label-all-loops]
  for(int j = 11; j >=7; j--) {
  ^~~
  VITIS_LOOP_2973_4: 
C:\Users\tsope\AppData\Roaming\Xilinx\Vitis\matrix-multiplyer-kv260\solution1\.autopilot\db\dot_product.pp.0.cpp:17523:3: note: FIX-IT applied suggested code changes
C:\Users\tsope\AppData\Roaming\Xilinx\Vitis\matrix-multiplyer-kv260\solution1\.autopilot\db\dot_product.pp.0.cpp:17555:4: warning: Added loop label VITIS_LOOP_3005_5:   [xilinx-label-all-loops]
   for(int j = 11; j >= I_+5; j--) {
   ^~~
   VITIS_LOOP_3005_5: 
C:\Users\tsope\AppData\Roaming\Xilinx\Vitis\matrix-multiplyer-kv260\solution1\.autopilot\db\dot_product.pp.0.cpp:17555:4: note: FIX-IT applied suggested code changes
C:\Users\tsope\AppData\Roaming\Xilinx\Vitis\matrix-multiplyer-kv260\solution1\.autopilot\db\dot_product.pp.0.cpp:17562:5: warning: Added loop label VITIS_LOOP_3012_6:   [xilinx-label-all-loops]
    for(int j = 11; j>= I_+5; j--) {
    ^~~
    VITIS_LOOP_3012_6: 
C:\Users\tsope\AppData\Roaming\Xilinx\Vitis\matrix-multiplyer-kv260\solution1\.autopilot\db\dot_product.pp.0.cpp:17562:5: note: FIX-IT applied suggested code changes
C:\Users\tsope\AppData\Roaming\Xilinx\Vitis\matrix-multiplyer-kv260\solution1\.autopilot\db\dot_product.pp.0.cpp:17566:5: warning: Added loop label VITIS_LOOP_3016_7:   [xilinx-label-all-loops]
    for(int j = I_+4; j>=0; j--) {
    ^~~
    VITIS_LOOP_3016_7: 
C:\Users\tsope\AppData\Roaming\Xilinx\Vitis\matrix-multiplyer-kv260\solution1\.autopilot\db\dot_product.pp.0.cpp:17566:5: note: FIX-IT applied suggested code changes
C:\Users\tsope\AppData\Roaming\Xilinx\Vitis\matrix-multiplyer-kv260\solution1\.autopilot\db\dot_product.pp.0.cpp:17581:3: warning: Added loop label VITIS_LOOP_3031_8:   [xilinx-label-all-loops]
  for(int j = 25; j>=15; j--) {
  ^~~
  VITIS_LOOP_3031_8: 
C:\Users\tsope\AppData\Roaming\Xilinx\Vitis\matrix-multiplyer-kv260\solution1\.autopilot\db\dot_product.pp.0.cpp:17581:3: note: FIX-IT applied suggested code changes
C:\Users\tsope\AppData\Roaming\Xilinx\Vitis\matrix-multiplyer-kv260\solution1\.autopilot\db\dot_product.pp.0.cpp:17631:4: warning: Added loop label VITIS_LOOP_3081_9:   [xilinx-label-all-loops]
   for(int j = 25; j>= I_+12; j--) {
   ^~~
   VITIS_LOOP_3081_9: 
C:\Users\tsope\AppData\Roaming\Xilinx\Vitis\matrix-multiplyer-kv260\solution1\.autopilot\db\dot_product.pp.0.cpp:17631:4: note: FIX-IT applied suggested code changes
C:\Users\tsope\AppData\Roaming\Xilinx\Vitis\matrix-multiplyer-kv260\solution1\.autopilot\db\dot_product.pp.0.cpp:17638:5: warning: Added loop label VITIS_LOOP_3088_10:   [xilinx-label-all-loops]
    for(int j = 25; j>=I_+12; j--) {
    ^~~
    VITIS_LOOP_3088_10: 
C:\Users\tsope\AppData\Roaming\Xilinx\Vitis\matrix-multiplyer-kv260\solution1\.autopilot\db\dot_product.pp.0.cpp:17638:5: note: FIX-IT applied suggested code changes
C:\Users\tsope\AppData\Roaming\Xilinx\Vitis\matrix-multiplyer-kv260\solution1\.autopilot\db\dot_product.pp.0.cpp:17642:5: warning: Added loop label VITIS_LOOP_3092_11:   [xilinx-label-all-loops]
    for(int j = I_+11; j>=0; j--) {
    ^~~
    VITIS_LOOP_3092_11: 
C:\Users\tsope\AppData\Roaming\Xilinx\Vitis\matrix-multiplyer-kv260\solution1\.autopilot\db\dot_product.pp.0.cpp:17642:5: note: FIX-IT applied suggested code changes
C:\Users\tsope\AppData\Roaming\Xilinx\Vitis\matrix-multiplyer-kv260\solution1\.autopilot\db\dot_product.pp.0.cpp:17657:3: warning: Added loop label VITIS_LOOP_3107_12:   [xilinx-label-all-loops]
  for(int j = 51; j >= 29; j--) {
  ^~~
  VITIS_LOOP_3107_12: 
C:\Users\tsope\AppData\Roaming\Xilinx\Vitis\matrix-multiplyer-kv260\solution1\.autopilot\db\dot_product.pp.0.cpp:17657:3: note: FIX-IT applied suggested code changes
C:\Users\tsope\AppData\Roaming\Xilinx\Vitis\matrix-multiplyer-kv260\solution1\.autopilot\db\dot_product.pp.0.cpp:17794:4: warning: Added loop label VITIS_LOOP_3244_13:   [xilinx-label-all-loops]
   for(int j = 51; j >= 25 + I_; j--) {
   ^~~
   VITIS_LOOP_3244_13: 
C:\Users\tsope\AppData\Roaming\Xilinx\Vitis\matrix-multiplyer-kv260\solution1\.autopilot\db\dot_product.pp.0.cpp:17794:4: note: FIX-IT applied suggested code changes
C:\Users\tsope\AppData\Roaming\Xilinx\Vitis\matrix-multiplyer-kv260\solution1\.autopilot\db\dot_product.pp.0.cpp:17801:5: warning: Added loop label VITIS_LOOP_3251_14:   [xilinx-label-all-loops]
    for(int j = 51; j>=25 + I_; j--) {
    ^~~
    VITIS_LOOP_3251_14: 
C:\Users\tsope\AppData\Roaming\Xilinx\Vitis\matrix-multiplyer-kv260\solution1\.autopilot\db\dot_product.pp.0.cpp:17801:5: note: FIX-IT applied suggested code changes
C:\Users\tsope\AppData\Roaming\Xilinx\Vitis\matrix-multiplyer-kv260\solution1\.autopilot\db\dot_product.pp.0.cpp:17805:5: warning: Added loop label VITIS_LOOP_3255_15:   [xilinx-label-all-loops]
    for(int j = 24 + I_; j >= 0; j--) {
    ^~~
    VITIS_LOOP_3255_15: 
C:\Users\tsope\AppData\Roaming\Xilinx\Vitis\matrix-multiplyer-kv260\solution1\.autopilot\db\dot_product.pp.0.cpp:17805:5: note: FIX-IT applied suggested code changes
C:\Users\tsope\AppData\Roaming\Xilinx\Vitis\matrix-multiplyer-kv260\solution1\.autopilot\db\dot_product.pp.0.cpp:17820:3: warning: Added loop label VITIS_LOOP_3270_16:   [xilinx-label-all-loops]
  for(int j = 63; j >= 36; j--) {
  ^~~
  VITIS_LOOP_3270_16: 
C:\Users\tsope\AppData\Roaming\Xilinx\Vitis\matrix-multiplyer-kv260\solution1\.autopilot\db\dot_product.pp.0.cpp:17820:3: note: FIX-IT applied suggested code changes
C:\Users\tsope\AppData\Roaming\Xilinx\Vitis\matrix-multiplyer-kv260\solution1\.autopilot\db\dot_product.pp.0.cpp:17980:4: warning: Added loop label VITIS_LOOP_3430_17:   [xilinx-label-all-loops]
   for(int j = 63; j >= 31 + I_; j--) {
   ^~~
   VITIS_LOOP_3430_17: 
C:\Users\tsope\AppData\Roaming\Xilinx\Vitis\matrix-multiplyer-kv260\solution1\.autopilot\db\dot_product.pp.0.cpp:17980:4: note: FIX-IT applied suggested code changes
C:\Users\tsope\AppData\Roaming\Xilinx\Vitis\matrix-multiplyer-kv260\solution1\.autopilot\db\dot_product.pp.0.cpp:17987:5: warning: Added loop label VITIS_LOOP_3437_18:   [xilinx-label-all-loops]
    for(int j = 63; j >= 31 + I_; j--) {
    ^~~
    VITIS_LOOP_3437_18: 
C:\Users\tsope\AppData\Roaming\Xilinx\Vitis\matrix-multiplyer-kv260\solution1\.autopilot\db\dot_product.pp.0.cpp:17987:5: note: FIX-IT applied suggested code changes
C:\Users\tsope\AppData\Roaming\Xilinx\Vitis\matrix-multiplyer-kv260\solution1\.autopilot\db\dot_product.pp.0.cpp:17991:5: warning: Added loop label VITIS_LOOP_3441_19:   [xilinx-label-all-loops]
    for(int j = 30 + I_; j >= 0; j--) {
    ^~~
    VITIS_LOOP_3441_19: 
C:\Users\tsope\AppData\Roaming\Xilinx\Vitis\matrix-multiplyer-kv260\solution1\.autopilot\db\dot_product.pp.0.cpp:17991:5: note: FIX-IT applied suggested code changes
C:\Users\tsope\AppData\Roaming\Xilinx\Vitis\matrix-multiplyer-kv260\solution1\.autopilot\db\dot_product.pp.0.cpp:18706:13: warning: Added loop label VITIS_LOOP_729_1:   [xilinx-label-all-loops]
            for (b_exp = I_-1; b_exp >= -F_; b_exp--) {
            ^~~
            VITIS_LOOP_729_1: 
C:\Users\tsope\AppData\Roaming\Xilinx\Vitis\matrix-multiplyer-kv260\solution1\.autopilot\db\dot_product.pp.0.cpp:18706:13: note: FIX-IT applied suggested code changes
C:\Users\tsope\AppData\Roaming\Xilinx\Vitis\matrix-multiplyer-kv260\solution1\.autopilot\db\dot_product.pp.0.cpp:18924:13: warning: Added loop label VITIS_LOOP_947_1:   [xilinx-label-all-loops]
            for (b_exp = I_-1; b_exp >= -F_; b_exp--) {
            ^~~
            VITIS_LOOP_947_1: 
C:\Users\tsope\AppData\Roaming\Xilinx\Vitis\matrix-multiplyer-kv260\solution1\.autopilot\db\dot_product.pp.0.cpp:18924:13: note: FIX-IT applied suggested code changes
C:\Users\tsope\AppData\Roaming\Xilinx\Vitis\matrix-multiplyer-kv260\solution1\.autopilot\db\dot_product.pp.0.cpp:19341:13: warning: Added loop label VITIS_LOOP_1371_1:   [xilinx-label-all-loops]
            for (b_exp = I_-1; b_exp >= -F_; b_exp--) {
            ^~~
            VITIS_LOOP_1371_1: 
C:\Users\tsope\AppData\Roaming\Xilinx\Vitis\matrix-multiplyer-kv260\solution1\.autopilot\db\dot_product.pp.0.cpp:19341:13: note: FIX-IT applied suggested code changes
C:\Users\tsope\AppData\Roaming\Xilinx\Vitis\matrix-multiplyer-kv260\solution1\.autopilot\db\dot_product.pp.0.cpp:19655:9: warning: Added loop label VITIS_LOOP_266_1:   [xilinx-label-all-loops]
        for ( int pos = msbr-1; pos >= 0; pos-- ) {
        ^~~
        VITIS_LOOP_266_1: 
C:\Users\tsope\AppData\Roaming\Xilinx\Vitis\matrix-multiplyer-kv260\solution1\.autopilot\db\dot_product.pp.0.cpp:19655:9: note: FIX-IT applied suggested code changes
C:\Users\tsope\AppData\Roaming\Xilinx\Vitis\matrix-multiplyer-kv260\solution1\.autopilot\db\dot_product.pp.0.cpp:19683:9: warning: Added loop label VITIS_LOOP_294_2:   [xilinx-label-all-loops]
        for ( int pos = -1; pos >= -F_-1; pos-- ) {
        ^~~
        VITIS_LOOP_294_2: 
C:\Users\tsope\AppData\Roaming\Xilinx\Vitis\matrix-multiplyer-kv260\solution1\.autopilot\db\dot_product.pp.0.cpp:19683:9: note: FIX-IT applied suggested code changes
C:\Users\tsope\AppData\Roaming\Xilinx\Vitis\matrix-multiplyer-kv260\solution1\.autopilot\db\dot_product.pp.0.cpp:20378:13: warning: Added loop label VITIS_LOOP_74_1:   [xilinx-label-all-loops]
            for (int j = 0; j < W_-1; j++){
            ^~~
            VITIS_LOOP_74_1: 
C:\Users\tsope\AppData\Roaming\Xilinx\Vitis\matrix-multiplyer-kv260\solution1\.autopilot\db\dot_product.pp.0.cpp:20378:13: note: FIX-IT applied suggested code changes
C:\Users\tsope\AppData\Roaming\Xilinx\Vitis\matrix-multiplyer-kv260\solution1\.autopilot\db\dot_product.pp.0.cpp:20431:5: warning: Added loop label VITIS_LOOP_135_2:   [xilinx-label-all-loops]
    for (int j = F_l+F_+I_m-1; j < F_l+W_+5; j++){
    ^~~
    VITIS_LOOP_135_2: 
C:\Users\tsope\AppData\Roaming\Xilinx\Vitis\matrix-multiplyer-kv260\solution1\.autopilot\db\dot_product.pp.0.cpp:20431:5: note: FIX-IT applied suggested code changes
C:\Users\tsope\AppData\Roaming\Xilinx\Vitis\matrix-multiplyer-kv260\solution1\.autopilot\db\dot_product.pp.0.cpp:20445:13: warning: Added loop label VITIS_LOOP_149_3:   [xilinx-label-all-loops]
            for (int j = WO_m-1; j >= W_-1; j--) {
            ^~~
            VITIS_LOOP_149_3: 
C:\Users\tsope\AppData\Roaming\Xilinx\Vitis\matrix-multiplyer-kv260\solution1\.autopilot\db\dot_product.pp.0.cpp:20445:13: note: FIX-IT applied suggested code changes
C:\Users\tsope\AppData\Roaming\Xilinx\Vitis\matrix-multiplyer-kv260\solution1\.autopilot\db\dot_product.pp.0.cpp:20475:13: warning: Added loop label VITIS_LOOP_179_4:   [xilinx-label-all-loops]
            for (int j = W_-2; j >= 0; j--){
            ^~~
            VITIS_LOOP_179_4: 
C:\Users\tsope\AppData\Roaming\Xilinx\Vitis\matrix-multiplyer-kv260\solution1\.autopilot\db\dot_product.pp.0.cpp:20475:13: note: FIX-IT applied suggested code changes
C:\Users\tsope\AppData\Roaming\Xilinx\Vitis\matrix-multiplyer-kv260\solution1\.autopilot\db\dot_product.pp.0.cpp:20560:12: warning: Added loop label VITIS_LOOP_307_1:   [xilinx-label-all-loops]
           for(int i = wf_log+we_log-2; i > WI_e - 2; --i) {
           ^~~
           VITIS_LOOP_307_1: 
C:\Users\tsope\AppData\Roaming\Xilinx\Vitis\matrix-multiplyer-kv260\solution1\.autopilot\db\dot_product.pp.0.cpp:20560:12: note: FIX-IT applied suggested code changes
C:\Users\tsope\AppData\Roaming\Xilinx\Vitis\matrix-multiplyer-kv260\solution1\.autopilot\db\dot_product.pp.0.cpp:20580:16: warning: Added loop label VITIS_LOOP_327_2:   [xilinx-label-all-loops]
               for (int j = WO_e-1; j >= W_-1; j--) {
               ^~~
               VITIS_LOOP_327_2: 
C:\Users\tsope\AppData\Roaming\Xilinx\Vitis\matrix-multiplyer-kv260\solution1\.autopilot\db\dot_product.pp.0.cpp:20580:16: note: FIX-IT applied suggested code changes
C:\Users\tsope\AppData\Roaming\Xilinx\Vitis\matrix-multiplyer-kv260\solution1\.autopilot\db\dot_product.pp.0.cpp:20594:20: warning: Added loop label VITIS_LOOP_341_3:   [xilinx-label-all-loops]
                   for(int i = 0; i < W_-1; ++i) {
                   ^~~
                   VITIS_LOOP_341_3: 
C:\Users\tsope\AppData\Roaming\Xilinx\Vitis\matrix-multiplyer-kv260\solution1\.autopilot\db\dot_product.pp.0.cpp:20594:20: note: FIX-IT applied suggested code changes
C:\Users\tsope\AppData\Roaming\Xilinx\Vitis\matrix-multiplyer-kv260\solution1\.autopilot\db\dot_product.pp.0.cpp:20687:12: warning: Added loop label VITIS_LOOP_459_1:   [xilinx-label-all-loops]
           for (int j =WO_d-1; j >= W_-1; j--) {
           ^~~
           VITIS_LOOP_459_1: 
C:\Users\tsope\AppData\Roaming\Xilinx\Vitis\matrix-multiplyer-kv260\solution1\.autopilot\db\dot_product.pp.0.cpp:20687:12: note: FIX-IT applied suggested code changes
C:\Users\tsope\AppData\Roaming\Xilinx\Vitis\matrix-multiplyer-kv260\solution1\.autopilot\db\dot_product.pp.0.cpp:20701:15: warning: Added loop label VITIS_LOOP_473_2:   [xilinx-label-all-loops]
              for(int i = 0; i < W_-1; ++i) {
              ^~~
              VITIS_LOOP_473_2: 
C:\Users\tsope\AppData\Roaming\Xilinx\Vitis\matrix-multiplyer-kv260\solution1\.autopilot\db\dot_product.pp.0.cpp:20701:15: note: FIX-IT applied suggested code changes
C:\Users\tsope\AppData\Roaming\Xilinx\Vitis\matrix-multiplyer-kv260\solution1\.autopilot\db\dot_product.pp.0.cpp:20814:13: warning: Added loop label VITIS_LOOP_59_1:   [xilinx-label-all-loops]
            for (int i = 0; i < W_-1; i++){
            ^~~
            VITIS_LOOP_59_1: 
C:\Users\tsope\AppData\Roaming\Xilinx\Vitis\matrix-multiplyer-kv260\solution1\.autopilot\db\dot_product.pp.0.cpp:20814:13: note: FIX-IT applied suggested code changes
C:\Users\tsope\AppData\Roaming\Xilinx\Vitis\matrix-multiplyer-kv260\solution1\.autopilot\db\dot_product.pp.0.cpp:20938:13: warning: Added loop label VITIS_LOOP_209_1:   [xilinx-label-all-loops]
            for (int i = 0; i < W_-1; i++){
            ^~~
            VITIS_LOOP_209_1: 
C:\Users\tsope\AppData\Roaming\Xilinx\Vitis\matrix-multiplyer-kv260\solution1\.autopilot\db\dot_product.pp.0.cpp:20938:13: note: FIX-IT applied suggested code changes
C:\Users\tsope\AppData\Roaming\Xilinx\Vitis\matrix-multiplyer-kv260\solution1\.autopilot\db\dot_product.pp.0.cpp:20993:13: warning: Added loop label VITIS_LOOP_274_1:   [xilinx-label-all-loops]
            for (int i = 0; i < W_-1; i++){
            ^~~
            VITIS_LOOP_274_1: 
C:\Users\tsope\AppData\Roaming\Xilinx\Vitis\matrix-multiplyer-kv260\solution1\.autopilot\db\dot_product.pp.0.cpp:20993:13: note: FIX-IT applied suggested code changes
C:\Users\tsope\AppData\Roaming\Xilinx\Vitis\matrix-multiplyer-kv260\solution1\.autopilot\db\dot_product.pp.0.cpp:21498:2: warning: Added loop label VITIS_LOOP_42_1:   [xilinx-label-all-loops]
 for (int i=0; i<W_;i++)
 ^~~
 VITIS_LOOP_42_1: 
C:\Users\tsope\AppData\Roaming\Xilinx\Vitis\matrix-multiplyer-kv260\solution1\.autopilot\db\dot_product.pp.0.cpp:21498:2: note: FIX-IT applied suggested code changes
C:\Users\tsope\AppData\Roaming\Xilinx\Vitis\matrix-multiplyer-kv260\solution1\.autopilot\db\dot_product.pp.0.cpp:21509:2: warning: Added loop label VITIS_LOOP_53_1:   [xilinx-label-all-loops]
 for (int i=0; i<W_;i++)
 ^~~
 VITIS_LOOP_53_1: 
C:\Users\tsope\AppData\Roaming\Xilinx\Vitis\matrix-multiplyer-kv260\solution1\.autopilot\db\dot_product.pp.0.cpp:21509:2: note: FIX-IT applied suggested code changes
C:\Users\tsope\AppData\Roaming\Xilinx\Vitis\matrix-multiplyer-kv260\solution1\.autopilot\db\dot_product.pp.0.cpp:21520:2: warning: Added loop label VITIS_LOOP_64_1:   [xilinx-label-all-loops]
 for (int i=0; i<I_;i++)
 ^~~
 VITIS_LOOP_64_1: 
C:\Users\tsope\AppData\Roaming\Xilinx\Vitis\matrix-multiplyer-kv260\solution1\.autopilot\db\dot_product.pp.0.cpp:21520:2: note: FIX-IT applied suggested code changes
C:\Users\tsope\AppData\Roaming\Xilinx\Vitis\matrix-multiplyer-kv260\solution1\.autopilot\db\dot_product.pp.0.cpp:21531:2: warning: Added loop label VITIS_LOOP_75_1:   [xilinx-label-all-loops]
 for (int i=0; i<I_;i++)
 ^~~
 VITIS_LOOP_75_1: 
C:\Users\tsope\AppData\Roaming\Xilinx\Vitis\matrix-multiplyer-kv260\solution1\.autopilot\db\dot_product.pp.0.cpp:21531:2: note: FIX-IT applied suggested code changes
C:\Users\tsope\AppData\Roaming\Xilinx\Vitis\matrix-multiplyer-kv260\solution1\.autopilot\db\dot_product.pp.0.cpp:21542:2: warning: Added loop label VITIS_LOOP_86_1:   [xilinx-label-all-loops]
 for (int i=0; i<W_;i++)
 ^~~
 VITIS_LOOP_86_1: 
C:\Users\tsope\AppData\Roaming\Xilinx\Vitis\matrix-multiplyer-kv260\solution1\.autopilot\db\dot_product.pp.0.cpp:21542:2: note: FIX-IT applied suggested code changes
C:\Users\tsope\AppData\Roaming\Xilinx\Vitis\matrix-multiplyer-kv260\solution1\.autopilot\db\dot_product.pp.0.cpp:21553:2: warning: Added loop label VITIS_LOOP_97_1:   [xilinx-label-all-loops]
 for (int i=0; i<W_;i++)
 ^~~
 VITIS_LOOP_97_1: 
C:\Users\tsope\AppData\Roaming\Xilinx\Vitis\matrix-multiplyer-kv260\solution1\.autopilot\db\dot_product.pp.0.cpp:21553:2: note: FIX-IT applied suggested code changes
C:\Users\tsope\AppData\Roaming\Xilinx\Vitis\matrix-multiplyer-kv260\solution1\.autopilot\db\dot_product.pp.0.cpp:21564:2: warning: Added loop label VITIS_LOOP_108_1:   [xilinx-label-all-loops]
 for (int i=0; i<I_;i++)
 ^~~
 VITIS_LOOP_108_1: 
C:\Users\tsope\AppData\Roaming\Xilinx\Vitis\matrix-multiplyer-kv260\solution1\.autopilot\db\dot_product.pp.0.cpp:21564:2: note: FIX-IT applied suggested code changes
C:\Users\tsope\AppData\Roaming\Xilinx\Vitis\matrix-multiplyer-kv260\solution1\.autopilot\db\dot_product.pp.0.cpp:21575:2: warning: Added loop label VITIS_LOOP_119_1:   [xilinx-label-all-loops]
 for (int i=0; i<I_;i++)
 ^~~
 VITIS_LOOP_119_1: 
C:\Users\tsope\AppData\Roaming\Xilinx\Vitis\matrix-multiplyer-kv260\solution1\.autopilot\db\dot_product.pp.0.cpp:21575:2: note: FIX-IT applied suggested code changes
C:\Users\tsope\AppData\Roaming\Xilinx\Vitis\matrix-multiplyer-kv260\solution1\.autopilot\db\dot_product.pp.0.cpp:23876:12: warning: Added loop label VITIS_LOOP_23_1:   [xilinx-label-all-loops]
           for(int i = 0; i < W_-1; ++i) {
           ^~~
           VITIS_LOOP_23_1: 
C:\Users\tsope\AppData\Roaming\Xilinx\Vitis\matrix-multiplyer-kv260\solution1\.autopilot\db\dot_product.pp.0.cpp:23876:12: note: FIX-IT applied suggested code changes
C:\Users\tsope\AppData\Roaming\Xilinx\Vitis\matrix-multiplyer-kv260\solution1\.autopilot\db\dot_product.pp.0.cpp:23940:7: warning: Added loop label VITIS_LOOP_66_1:   [xilinx-label-all-loops]
      for(int pos = msbr - 1 ; pos >= -F-1; pos--) {
      ^~~
      VITIS_LOOP_66_1: 
C:\Users\tsope\AppData\Roaming\Xilinx\Vitis\matrix-multiplyer-kv260\solution1\.autopilot\db\dot_product.pp.0.cpp:23940:7: note: FIX-IT applied suggested code changes
C:\Users\tsope\AppData\Roaming\Xilinx\Vitis\matrix-multiplyer-kv260\solution1\.autopilot\db\dot_product.pp.0.cpp:24057:9: warning: Added loop label VITIS_LOOP_75_1:   [xilinx-label-all-loops]
        for(int pos = msbr - 1; pos >= 0; pos--) {
        ^~~
        VITIS_LOOP_75_1: 
C:\Users\tsope\AppData\Roaming\Xilinx\Vitis\matrix-multiplyer-kv260\solution1\.autopilot\db\dot_product.pp.0.cpp:24057:9: note: FIX-IT applied suggested code changes
C:\Users\tsope\AppData\Roaming\Xilinx\Vitis\matrix-multiplyer-kv260\solution1\.autopilot\db\dot_product.pp.0.cpp:24082:5: warning: Added loop label VITIS_LOOP_107_2:   [xilinx-label-all-loops]
    for(int pos = -1; pos >= -F-1; pos--) {
    ^~~
    VITIS_LOOP_107_2: 
C:\Users\tsope\AppData\Roaming\Xilinx\Vitis\matrix-multiplyer-kv260\solution1\.autopilot\db\dot_product.pp.0.cpp:24082:5: note: FIX-IT applied suggested code changes
C:\Users\tsope\AppData\Roaming\Xilinx\Vitis\matrix-multiplyer-kv260\solution1\.autopilot\db\dot_product.pp.0.cpp:24152:8: warning: Added loop label VITIS_LOOP_195_3:   [xilinx-label-all-loops]
       for(int i = 0; i < W - 1; ++i) {
       ^~~
       VITIS_LOOP_195_3: 
C:\Users\tsope\AppData\Roaming\Xilinx\Vitis\matrix-multiplyer-kv260\solution1\.autopilot\db\dot_product.pp.0.cpp:24152:8: note: FIX-IT applied suggested code changes
