

================================================================
== Vitis HLS Report for 'Loop_L1_proc'
================================================================
* Date:           Thu May  4 14:33:29 2023

* Version:        2022.2 (Build 3670227 on Oct 13 2022)
* Project:        matrix-multiplyer-kv260
* Solution:       solution1 (Vivado IP Flow Target)
* Product family: zynquplus
* Target device:  xck26-sfvc784-2LV-c


================================================================
== Performance Estimates
================================================================
+ Timing: 
    * Summary: 
    +--------+----------+----------+------------+
    |  Clock |  Target  | Estimated| Uncertainty|
    +--------+----------+----------+------------+
    |ap_clk  |  10.00 ns|  4.530 ns|     2.70 ns|
    +--------+----------+----------+------------+

+ Latency: 
    * Summary: 
    +---------+------------+-----------+------------+-----+------------+---------+
    |   Latency (cycles)   |   Latency (absolute)   |     Interval     | Pipeline|
    |   min   |     max    |    min    |     max    | min |     max    |   Type  |
    +---------+------------+-----------+------------+-----+------------+---------+
    |        1|  1082130433|  10.000 ns|  10.821 sec|    1|  1082130433|       no|
    +---------+------------+-----------+------------+-----+------------+---------+

    + Detail: 
        * Instance: 
        +--------------------------------------+---------------------------+---------+---------+-----------+-----------+-----+------+---------+
        |                                      |                           |  Latency (cycles) |   Latency (absolute)  |  Interval  | Pipeline|
        |               Instance               |           Module          |   min   |   max   |    min    |    max    | min |  max |   Type  |
        +--------------------------------------+---------------------------+---------+---------+-----------+-----------+-----+------+---------+
        |grp_Loop_L1_proc_Pipeline_SUM_fu_117  |Loop_L1_proc_Pipeline_SUM  |        2|     1029|  20.000 ns|  10.290 us|    2|  1029|       no|
        +--------------------------------------+---------------------------+---------+---------+-----------+-----------+-----+------+---------+

        * Loop: 
        +----------+---------+------------+----------+-----------+-----------+-------------+----------+
        |          |   Latency (cycles)   | Iteration|  Initiation Interval  |     Trip    |          |
        | Loop Name|   min   |     max    |  Latency |  achieved |   target  |    Count    | Pipelined|
        +----------+---------+------------+----------+-----------+-----------+-------------+----------+
        |- L1_L2   |        0|  1082130432|  5 ~ 1032|          -|          -|  0 ~ 1048576|        no|
        +----------+---------+------------+----------+-----------+-----------+-------------+----------+



================================================================
== Utilization Estimates
================================================================
* Summary: 
+-----------------+---------+------+--------+--------+-----+
|       Name      | BRAM_18K|  DSP |   FF   |   LUT  | URAM|
+-----------------+---------+------+--------+--------+-----+
|DSP              |        -|     -|       -|       -|    -|
|Expression       |        -|     -|       0|     540|    -|
|FIFO             |        -|     -|       -|       -|    -|
|Instance         |        -|    16|     211|     288|    -|
|Memory           |        -|     -|       -|       -|    -|
|Multiplexer      |        -|     -|       -|      71|    -|
|Register         |        -|     -|     524|       -|    -|
+-----------------+---------+------+--------+--------+-----+
|Total            |        0|    16|     735|     899|    0|
+-----------------+---------+------+--------+--------+-----+
|Available        |      288|  1248|  234240|  117120|   64|
+-----------------+---------+------+--------+--------+-----+
|Utilization (%)  |        0|     1|      ~0|      ~0|    0|
+-----------------+---------+------+--------+--------+-----+

+ Detail: 
    * Instance: 
    +--------------------------------------+---------------------------+---------+----+-----+-----+-----+
    |               Instance               |           Module          | BRAM_18K| DSP|  FF | LUT | URAM|
    +--------------------------------------+---------------------------+---------+----+-----+-----+-----+
    |grp_Loop_L1_proc_Pipeline_SUM_fu_117  |Loop_L1_proc_Pipeline_SUM  |        0|   1|  211|  242|    0|
    |mul_64ns_64ns_128_1_1_U10             |mul_64ns_64ns_128_1_1      |        0|  15|    0|   46|    0|
    +--------------------------------------+---------------------------+---------+----+-----+-----+-----+
    |Total                                 |                           |        0|  16|  211|  288|    0|
    +--------------------------------------+---------------------------+---------+----+-----+-----+-----+

    * DSP: 
    N/A

    * Memory: 
    N/A

    * FIFO: 
    N/A

    * Expression: 
    +-------------------------+----------+----+---+-----+------------+------------+
    |      Variable Name      | Operation| DSP| FF| LUT | Bitwidth P0| Bitwidth P1|
    +-------------------------+----------+----+---+-----+------------+------------+
    |add_ln14_fu_180_p2       |         +|   0|  0|  135|         128|           1|
    |add_ln16_fu_275_p2       |         +|   0|  0|   17|          10|           1|
    |add_ln22_fu_253_p2       |         +|   0|  0|   27|          20|          20|
    |i_2_fu_195_p2            |         +|   0|  0|   71|          64|           1|
    |j_1_fu_269_p2            |         +|   0|  0|   71|          64|           1|
    |icmp_ln14_fu_175_p2      |      icmp|   0|  0|   50|         128|         128|
    |icmp_ln16_fu_201_p2      |      icmp|   0|  0|   29|          64|          64|
    |ap_block_state1          |        or|   0|  0|    2|           1|           1|
    |select_ln14_1_fu_215_p3  |    select|   0|  0|   64|           1|           1|
    |select_ln14_2_fu_223_p3  |    select|   0|  0|   64|           1|          64|
    |select_ln14_fu_206_p3    |    select|   0|  0|   10|           1|           1|
    +-------------------------+----------+----+---+-----+------------+------------+
    |Total                    |          |   0|  0|  540|         482|         283|
    +-------------------------+----------+----+---+-----+------------+------------+

    * Multiplexer: 
    +----------------------+----+-----------+-----+-----------+
    |         Name         | LUT| Input Size| Bits| Total Bits|
    +----------------------+----+-----------+-----+-----------+
    |ap_NS_fsm             |  26|          5|    1|          5|
    |ap_done               |   9|          2|    1|          2|
    |i_fu_74               |   9|          2|   64|        128|
    |indvar_flatten_fu_78  |   9|          2|  128|        256|
    |indvars_iv_fu_70      |   9|          2|   10|         20|
    |j_fu_66               |   9|          2|   64|        128|
    +----------------------+----+-----------+-----+-----------+
    |Total                 |  71|         15|  268|        539|
    +----------------------+----+-----------+-----+-----------+

    * Register: 
    +---------------------------------------------------+-----+----+-----+-----------+
    |                        Name                       |  FF | LUT| Bits| Const Bits|
    +---------------------------------------------------+-----+----+-----+-----------+
    |ap_CS_fsm                                          |    4|   0|    4|          0|
    |ap_done_reg                                        |    1|   0|    1|          0|
    |bound_reg_360                                      |  128|   0|  128|          0|
    |grp_Loop_L1_proc_Pipeline_SUM_fu_117_ap_start_reg  |    1|   0|    1|          0|
    |h_cast_reg_355                                     |   64|   0|   64|          0|
    |i_fu_74                                            |   64|   0|   64|          0|
    |indvar_flatten_fu_78                               |  128|   0|  128|          0|
    |indvars_iv_fu_70                                   |   10|   0|   10|          0|
    |j_fu_66                                            |   64|   0|   64|          0|
    |lshr_ln_reg_388                                    |   10|   0|   10|          0|
    |select_ln14_reg_368                                |   10|   0|   10|          0|
    |shl_ln22_mid2_reg_373                              |   10|   0|   20|         10|
    |trunc_ln16_reg_378                                 |   20|   0|   20|          0|
    |trunc_ln22_reg_383                                 |   10|   0|   10|          0|
    +---------------------------------------------------+-----+----+-----+-----------+
    |Total                                              |  524|   0|  534|         10|
    +---------------------------------------------------+-----+----+-----+-----------+



================================================================
== Interface
================================================================
* Summary: 
+-------------+-----+-----+------------+--------------+--------------+
|  RTL Ports  | Dir | Bits|  Protocol  | Source Object|    C Type    |
+-------------+-----+-----+------------+--------------+--------------+
|ap_clk       |   in|    1|  ap_ctrl_hs|  Loop_L1_proc|  return value|
|ap_rst       |   in|    1|  ap_ctrl_hs|  Loop_L1_proc|  return value|
|ap_start     |   in|    1|  ap_ctrl_hs|  Loop_L1_proc|  return value|
|ap_done      |  out|    1|  ap_ctrl_hs|  Loop_L1_proc|  return value|
|ap_continue  |   in|    1|  ap_ctrl_hs|  Loop_L1_proc|  return value|
|ap_idle      |  out|    1|  ap_ctrl_hs|  Loop_L1_proc|  return value|
|ap_ready     |  out|    1|  ap_ctrl_hs|  Loop_L1_proc|  return value|
|m            |   in|   32|     ap_none|             m|        scalar|
|h            |   in|   32|     ap_none|             h|        scalar|
|C_address0   |  out|   20|   ap_memory|             C|         array|
|C_ce0        |  out|    1|   ap_memory|             C|         array|
|C_we0        |  out|    1|   ap_memory|             C|         array|
|C_d0         |  out|    8|   ap_memory|             C|         array|
|n            |   in|   32|     ap_none|             n|        scalar|
|A_address0   |  out|   20|   ap_memory|             A|         array|
|A_ce0        |  out|    1|   ap_memory|             A|         array|
|A_q0         |   in|    8|   ap_memory|             A|         array|
|B_address0   |  out|   20|   ap_memory|             B|         array|
|B_ce0        |  out|    1|   ap_memory|             B|         array|
|B_q0         |   in|    8|   ap_memory|             B|         array|
+-------------+-----+-----+------------+--------------+--------------+

============================================================
+ Verbose Summary: Synthesis Manager
============================================================
InlineROM: 1
ExposeGlobal: 0
============================================================
+ Verbose Summary: CDFG Model
============================================================
IsTopModel: 0
ResetActiveHigh: 1
IsCombinational: 2
IsDatapathOnly: 0
HasWiredReturn: 1
HasMFsm: 0
HasVarLatency: 1
IsPipeline: 0
IsRtlPipelined: 0
IsInstanceOverlapped: 0
IsDontTouch: 0
HasImplIP: 0
IsGatedGlobalClock: 0


============================================================
+ Verbose Summary: Schedule
============================================================
* Number of FSM states : 4
* Pipeline : 0
* Dataflow Pipeline: 0

* FSM state transitions: 
1 --> 2 
2 --> 3 
3 --> 4 
4 --> 2 

* FSM state operations: 

State 1 <SV = 0> <Delay = 4.53>
ST_1 : Operation 5 [1/1] (0.00ns)   --->   "%j = alloca i32 1"   --->   Operation 5 'alloca' 'j' <Predicate = true> <Delay = 0.00>
ST_1 : Operation 6 [1/1] (0.00ns)   --->   "%indvars_iv = alloca i32 1"   --->   Operation 6 'alloca' 'indvars_iv' <Predicate = true> <Delay = 0.00>
ST_1 : Operation 7 [1/1] (0.00ns)   --->   "%i = alloca i32 1"   --->   Operation 7 'alloca' 'i' <Predicate = true> <Delay = 0.00>
ST_1 : Operation 8 [1/1] (0.00ns)   --->   "%indvar_flatten = alloca i32 1"   --->   Operation 8 'alloca' 'indvar_flatten' <Predicate = true> <Delay = 0.00>
ST_1 : Operation 9 [1/1] (0.00ns)   --->   "%n_read = read i32 @_ssdm_op_Read.ap_auto.i32, i32 %n"   --->   Operation 9 'read' 'n_read' <Predicate = true> <Delay = 0.00>
ST_1 : Operation 10 [1/1] (0.00ns)   --->   "%h_read = read i32 @_ssdm_op_Read.ap_auto.i32, i32 %h"   --->   Operation 10 'read' 'h_read' <Predicate = true> <Delay = 0.00>
ST_1 : Operation 11 [1/1] (0.00ns)   --->   "%m_read = read i32 @_ssdm_op_Read.ap_auto.i32, i32 %m"   --->   Operation 11 'read' 'm_read' <Predicate = true> <Delay = 0.00>
ST_1 : Operation 12 [1/1] (0.00ns)   --->   "%acc_V_loc = alloca i64 1"   --->   Operation 12 'alloca' 'acc_V_loc' <Predicate = true> <Delay = 0.00>
ST_1 : Operation 13 [1/1] (0.00ns)   --->   "%specmemcore_ln0 = specmemcore void @_ssdm_op_SpecMemCore, i8 %C, i64 666, i64 207, i64 1"   --->   Operation 13 'specmemcore' 'specmemcore_ln0' <Predicate = true> <Delay = 0.00>
ST_1 : Operation 14 [1/1] (0.00ns)   --->   "%specmemcore_ln0 = specmemcore void @_ssdm_op_SpecMemCore, i8 %B, i64 666, i64 207, i64 1"   --->   Operation 14 'specmemcore' 'specmemcore_ln0' <Predicate = true> <Delay = 0.00>
ST_1 : Operation 15 [1/1] (0.00ns)   --->   "%specmemcore_ln0 = specmemcore void @_ssdm_op_SpecMemCore, i8 %A, i64 666, i64 207, i64 1"   --->   Operation 15 'specmemcore' 'specmemcore_ln0' <Predicate = true> <Delay = 0.00>
ST_1 : Operation 16 [1/1] (0.00ns)   --->   "%specinterface_ln0 = specinterface void @_ssdm_op_SpecInterface, i8 %C, void @empty_3, i32 0, i32 0, void @empty_0, i32 1, i32 0, void @empty_0, void @empty_0, void @empty_0, i32 0, i32 0, i32 0, i32 0, void @empty_0, void @empty_0, i32 4294967295, i32 0"   --->   Operation 16 'specinterface' 'specinterface_ln0' <Predicate = true> <Delay = 0.00>
ST_1 : Operation 17 [1/1] (0.00ns)   --->   "%specinterface_ln0 = specinterface void @_ssdm_op_SpecInterface, i8 %B, void @empty_3, i32 0, i32 0, void @empty_0, i32 1, i32 0, void @empty_0, void @empty_0, void @empty_0, i32 0, i32 0, i32 0, i32 0, void @empty_0, void @empty_0, i32 4294967295, i32 0"   --->   Operation 17 'specinterface' 'specinterface_ln0' <Predicate = true> <Delay = 0.00>
ST_1 : Operation 18 [1/1] (0.00ns)   --->   "%specinterface_ln0 = specinterface void @_ssdm_op_SpecInterface, i8 %A, void @empty_3, i32 0, i32 0, void @empty_0, i32 1, i32 0, void @empty_0, void @empty_0, void @empty_0, i32 0, i32 0, i32 0, i32 0, void @empty_0, void @empty_0, i32 4294967295, i32 0"   --->   Operation 18 'specinterface' 'specinterface_ln0' <Predicate = true> <Delay = 0.00>
ST_1 : Operation 19 [1/1] (0.00ns)   --->   "%h_cast = sext i32 %h_read"   --->   Operation 19 'sext' 'h_cast' <Predicate = true> <Delay = 0.00>
ST_1 : Operation 20 [1/1] (0.00ns)   --->   "%cast_cast = sext i32 %m_read"   --->   Operation 20 'sext' 'cast_cast' <Predicate = true> <Delay = 0.00>
ST_1 : Operation 21 [1/1] (0.00ns)   --->   "%cast_cast_cast = zext i64 %cast_cast"   --->   Operation 21 'zext' 'cast_cast_cast' <Predicate = true> <Delay = 0.00>
ST_1 : Operation 22 [1/1] (0.00ns)   --->   "%cast1_cast_cast = zext i64 %h_cast"   --->   Operation 22 'zext' 'cast1_cast_cast' <Predicate = true> <Delay = 0.00>
ST_1 : Operation 23 [1/1] (4.53ns)   --->   "%bound = mul i128 %cast_cast_cast, i128 %cast1_cast_cast"   --->   Operation 23 'mul' 'bound' <Predicate = true> <Delay = 4.53> <CoreInst = "Multiplier">   --->   Core 3 'Multiplier' <Latency = 0> <II = 1> <Delay = 4.53> <FuncUnit> <Opcode : 'mul'> <InPorts = 2> <OutPorts = 1>
ST_1 : Operation 24 [1/1] (0.42ns)   --->   "%store_ln0 = store i128 0, i128 %indvar_flatten"   --->   Operation 24 'store' 'store_ln0' <Predicate = true> <Delay = 0.42>
ST_1 : Operation 25 [1/1] (0.42ns)   --->   "%store_ln0 = store i64 0, i64 %i"   --->   Operation 25 'store' 'store_ln0' <Predicate = true> <Delay = 0.42>
ST_1 : Operation 26 [1/1] (0.42ns)   --->   "%store_ln0 = store i10 0, i10 %indvars_iv"   --->   Operation 26 'store' 'store_ln0' <Predicate = true> <Delay = 0.42>
ST_1 : Operation 27 [1/1] (0.42ns)   --->   "%store_ln0 = store i64 0, i64 %j"   --->   Operation 27 'store' 'store_ln0' <Predicate = true> <Delay = 0.42>
ST_1 : Operation 28 [1/1] (0.00ns)   --->   "%br_ln0 = br void %for.body5.i"   --->   Operation 28 'br' 'br_ln0' <Predicate = true> <Delay = 0.00>

State 2 <SV = 1> <Delay = 3.06>
ST_2 : Operation 29 [1/1] (0.00ns)   --->   "%indvar_flatten_load = load i128 %indvar_flatten" [matrix-multiplyer-kv260/dot_product.cpp:14]   --->   Operation 29 'load' 'indvar_flatten_load' <Predicate = true> <Delay = 0.00>
ST_2 : Operation 30 [1/1] (1.30ns)   --->   "%icmp_ln14 = icmp_eq  i128 %indvar_flatten_load, i128 %bound" [matrix-multiplyer-kv260/dot_product.cpp:14]   --->   Operation 30 'icmp' 'icmp_ln14' <Predicate = true> <Delay = 1.30> <CoreInst = "Cmp">   --->   Core 9 'Cmp' <Latency = 0> <II = 1> <Delay = 1.30> <FuncUnit> <Opcode : 'icmp'> <InPorts = 2> <OutPorts = 1>
ST_2 : Operation 31 [1/1] (1.57ns)   --->   "%add_ln14 = add i128 %indvar_flatten_load, i128 1" [matrix-multiplyer-kv260/dot_product.cpp:14]   --->   Operation 31 'add' 'add_ln14' <Predicate = true> <Delay = 1.57> <CoreInst = "Adder">   --->   Core 1 'Adder' <Latency = 0> <II = 1> <Delay = 1.57> <FuncUnit> <Opcode : 'add' 'sub'> <InPorts = 2> <OutPorts = 1>
ST_2 : Operation 32 [1/1] (0.00ns)   --->   "%br_ln14 = br i1 %icmp_ln14, void %for.cond.cleanup4.i.loopexit, void %_Z11dot_productILm1024ELm1024ELm1024EEvPAT0__8ap_fixedILi8ELi8EL9ap_q_mode5EL9ap_o_mode3ELi0EEPAT1__S3_S7_iii.exit.exitStub" [matrix-multiplyer-kv260/dot_product.cpp:14]   --->   Operation 32 'br' 'br_ln14' <Predicate = true> <Delay = 0.00>
ST_2 : Operation 33 [1/1] (0.00ns)   --->   "%j_load = load i64 %j" [matrix-multiplyer-kv260/dot_product.cpp:16]   --->   Operation 33 'load' 'j_load' <Predicate = (!icmp_ln14)> <Delay = 0.00>
ST_2 : Operation 34 [1/1] (0.00ns)   --->   "%indvars_iv_load = load i10 %indvars_iv" [matrix-multiplyer-kv260/dot_product.cpp:14]   --->   Operation 34 'load' 'indvars_iv_load' <Predicate = (!icmp_ln14)> <Delay = 0.00>
ST_2 : Operation 35 [1/1] (0.00ns)   --->   "%i_load = load i64 %i" [matrix-multiplyer-kv260/dot_product.cpp:14]   --->   Operation 35 'load' 'i_load' <Predicate = (!icmp_ln14)> <Delay = 0.00>
ST_2 : Operation 36 [1/1] (1.08ns)   --->   "%i_2 = add i64 %i_load, i64 1" [matrix-multiplyer-kv260/dot_product.cpp:14]   --->   Operation 36 'add' 'i_2' <Predicate = (!icmp_ln14)> <Delay = 1.08> <CoreInst = "Adder">   --->   Core 1 'Adder' <Latency = 0> <II = 1> <Delay = 1.08> <FuncUnit> <Opcode : 'add' 'sub'> <InPorts = 2> <OutPorts = 1>
ST_2 : Operation 37 [1/1] (1.13ns)   --->   "%icmp_ln16 = icmp_eq  i64 %j_load, i64 %h_cast" [matrix-multiplyer-kv260/dot_product.cpp:16]   --->   Operation 37 'icmp' 'icmp_ln16' <Predicate = (!icmp_ln14)> <Delay = 1.13> <CoreInst = "Cmp">   --->   Core 9 'Cmp' <Latency = 0> <II = 1> <Delay = 1.13> <FuncUnit> <Opcode : 'icmp'> <InPorts = 2> <OutPorts = 1>
ST_2 : Operation 38 [1/1] (0.40ns)   --->   "%select_ln14 = select i1 %icmp_ln16, i10 0, i10 %indvars_iv_load" [matrix-multiplyer-kv260/dot_product.cpp:14]   --->   Operation 38 'select' 'select_ln14' <Predicate = (!icmp_ln14)> <Delay = 0.40> <CoreInst = "Sel">   --->   Core 73 'Sel' <Latency = 0> <II = 1> <Delay = 0.40> <FuncUnit> <Opcode : 'select'> <InPorts = 3> <OutPorts = 1>
ST_2 : Operation 39 [1/1] (0.42ns)   --->   "%select_ln14_1 = select i1 %icmp_ln16, i64 0, i64 %j_load" [matrix-multiplyer-kv260/dot_product.cpp:14]   --->   Operation 39 'select' 'select_ln14_1' <Predicate = (!icmp_ln14)> <Delay = 0.42> <CoreInst = "Sel">   --->   Core 73 'Sel' <Latency = 0> <II = 1> <Delay = 0.42> <FuncUnit> <Opcode : 'select'> <InPorts = 3> <OutPorts = 1>
ST_2 : Operation 40 [1/1] (0.42ns)   --->   "%select_ln14_2 = select i1 %icmp_ln16, i64 %i_2, i64 %i_load" [matrix-multiplyer-kv260/dot_product.cpp:14]   --->   Operation 40 'select' 'select_ln14_2' <Predicate = (!icmp_ln14)> <Delay = 0.42> <CoreInst = "Sel">   --->   Core 73 'Sel' <Latency = 0> <II = 1> <Delay = 0.42> <FuncUnit> <Opcode : 'select'> <InPorts = 3> <OutPorts = 1>
ST_2 : Operation 41 [1/1] (0.00ns)   --->   "%trunc_ln14 = trunc i64 %select_ln14_2" [matrix-multiplyer-kv260/dot_product.cpp:14]   --->   Operation 41 'trunc' 'trunc_ln14' <Predicate = (!icmp_ln14)> <Delay = 0.00>
ST_2 : Operation 42 [1/1] (0.00ns)   --->   "%shl_ln22_mid2 = bitconcatenate i20 @_ssdm_op_BitConcatenate.i20.i10.i10, i10 %trunc_ln14, i10 0" [matrix-multiplyer-kv260/dot_product.cpp:14]   --->   Operation 42 'bitconcatenate' 'shl_ln22_mid2' <Predicate = (!icmp_ln14)> <Delay = 0.00>
ST_2 : Operation 43 [1/1] (0.00ns)   --->   "%trunc_ln16 = trunc i64 %select_ln14_1" [matrix-multiplyer-kv260/dot_product.cpp:16]   --->   Operation 43 'trunc' 'trunc_ln16' <Predicate = (!icmp_ln14)> <Delay = 0.00>
ST_2 : Operation 44 [2/2] (0.00ns)   --->   "%call_ln14 = call void @Loop_L1_proc_Pipeline_SUM, i32 %n_read, i20 %shl_ln22_mid2, i8 %A, i20 %trunc_ln16, i10 %select_ln14, i8 %B, i8 %acc_V_loc" [matrix-multiplyer-kv260/dot_product.cpp:14]   --->   Operation 44 'call' 'call_ln14' <Predicate = (!icmp_ln14)> <Delay = 0.00> <CoreType = "Generic">   --->   Core 0 '' <Latency = 0> <II = 1> <Delay = 1.00> <Generic> <Opcode : >
ST_2 : Operation 45 [1/1] (0.00ns)   --->   "%trunc_ln22 = trunc i64 %select_ln14_1" [matrix-multiplyer-kv260/dot_product.cpp:22]   --->   Operation 45 'trunc' 'trunc_ln22' <Predicate = (!icmp_ln14)> <Delay = 0.00>
ST_2 : Operation 46 [1/1] (0.89ns)   --->   "%add_ln22 = add i20 %trunc_ln16, i20 %shl_ln22_mid2" [matrix-multiplyer-kv260/dot_product.cpp:22]   --->   Operation 46 'add' 'add_ln22' <Predicate = (!icmp_ln14)> <Delay = 0.89> <CoreInst = "Adder">   --->   Core 1 'Adder' <Latency = 0> <II = 1> <Delay = 0.89> <FuncUnit> <Opcode : 'add' 'sub'> <InPorts = 2> <OutPorts = 1>
ST_2 : Operation 47 [1/1] (0.00ns)   --->   "%lshr_ln = partselect i10 @_ssdm_op_PartSelect.i10.i20.i32.i32, i20 %add_ln22, i32 10, i32 19" [matrix-multiplyer-kv260/dot_product.cpp:22]   --->   Operation 47 'partselect' 'lshr_ln' <Predicate = (!icmp_ln14)> <Delay = 0.00>
ST_2 : Operation 48 [1/1] (1.08ns)   --->   "%j_1 = add i64 %select_ln14_1, i64 1" [matrix-multiplyer-kv260/dot_product.cpp:16]   --->   Operation 48 'add' 'j_1' <Predicate = (!icmp_ln14)> <Delay = 1.08> <CoreInst = "Adder">   --->   Core 1 'Adder' <Latency = 0> <II = 1> <Delay = 1.08> <FuncUnit> <Opcode : 'add' 'sub'> <InPorts = 2> <OutPorts = 1>
ST_2 : Operation 49 [1/1] (0.78ns)   --->   "%add_ln16 = add i10 %select_ln14, i10 1" [matrix-multiplyer-kv260/dot_product.cpp:16]   --->   Operation 49 'add' 'add_ln16' <Predicate = (!icmp_ln14)> <Delay = 0.78> <CoreInst = "Adder">   --->   Core 1 'Adder' <Latency = 0> <II = 1> <Delay = 0.78> <FuncUnit> <Opcode : 'add' 'sub'> <InPorts = 2> <OutPorts = 1>
ST_2 : Operation 50 [1/1] (0.42ns)   --->   "%store_ln16 = store i128 %add_ln14, i128 %indvar_flatten" [matrix-multiplyer-kv260/dot_product.cpp:16]   --->   Operation 50 'store' 'store_ln16' <Predicate = (!icmp_ln14)> <Delay = 0.42>
ST_2 : Operation 51 [1/1] (0.42ns)   --->   "%store_ln16 = store i64 %select_ln14_2, i64 %i" [matrix-multiplyer-kv260/dot_product.cpp:16]   --->   Operation 51 'store' 'store_ln16' <Predicate = (!icmp_ln14)> <Delay = 0.42>
ST_2 : Operation 52 [1/1] (0.42ns)   --->   "%store_ln16 = store i10 %add_ln16, i10 %indvars_iv" [matrix-multiplyer-kv260/dot_product.cpp:16]   --->   Operation 52 'store' 'store_ln16' <Predicate = (!icmp_ln14)> <Delay = 0.42>
ST_2 : Operation 53 [1/1] (0.42ns)   --->   "%store_ln16 = store i64 %j_1, i64 %j" [matrix-multiplyer-kv260/dot_product.cpp:16]   --->   Operation 53 'store' 'store_ln16' <Predicate = (!icmp_ln14)> <Delay = 0.42>
ST_2 : Operation 54 [1/1] (0.00ns)   --->   "%ret_ln0 = ret"   --->   Operation 54 'ret' 'ret_ln0' <Predicate = (icmp_ln14)> <Delay = 0.00>

State 3 <SV = 2> <Delay = 0.00>
ST_3 : Operation 55 [1/2] (0.00ns)   --->   "%call_ln14 = call void @Loop_L1_proc_Pipeline_SUM, i32 %n_read, i20 %shl_ln22_mid2, i8 %A, i20 %trunc_ln16, i10 %select_ln14, i8 %B, i8 %acc_V_loc" [matrix-multiplyer-kv260/dot_product.cpp:14]   --->   Operation 55 'call' 'call_ln14' <Predicate = true> <Delay = 0.00> <CoreType = "Generic">   --->   Core 0 '' <Latency = 0> <II = 1> <Delay = 1.00> <Generic> <Opcode : >

State 4 <SV = 3> <Delay = 1.23>
ST_4 : Operation 56 [1/1] (0.00ns)   --->   "%specloopname_ln0 = specloopname void @_ssdm_op_SpecLoopName, void @L1_L2_str"   --->   Operation 56 'specloopname' 'specloopname_ln0' <Predicate = true> <Delay = 0.00>
ST_4 : Operation 57 [1/1] (0.00ns)   --->   "%speclooptripcount_ln0 = speclooptripcount void @_ssdm_op_SpecLoopTripCount, i64 0, i64 1048576, i64 262144"   --->   Operation 57 'speclooptripcount' 'speclooptripcount_ln0' <Predicate = true> <Delay = 0.00>
ST_4 : Operation 58 [1/1] (0.00ns)   --->   "%specloopname_ln13 = specloopname void @_ssdm_op_SpecLoopName, void @empty_12" [matrix-multiplyer-kv260/dot_product.cpp:13]   --->   Operation 58 'specloopname' 'specloopname_ln13' <Predicate = true> <Delay = 0.00>
ST_4 : Operation 59 [1/1] (0.00ns)   --->   "%acc_V_loc_load = load i8 %acc_V_loc"   --->   Operation 59 'load' 'acc_V_loc_load' <Predicate = true> <Delay = 0.00>
ST_4 : Operation 60 [1/1] (0.00ns)   --->   "%tmp_1 = bitconcatenate i20 @_ssdm_op_BitConcatenate.i20.i10.i10, i10 %lshr_ln, i10 %trunc_ln22" [matrix-multiplyer-kv260/dot_product.cpp:22]   --->   Operation 60 'bitconcatenate' 'tmp_1' <Predicate = true> <Delay = 0.00>
ST_4 : Operation 61 [1/1] (0.00ns)   --->   "%zext_ln22 = zext i20 %tmp_1" [matrix-multiplyer-kv260/dot_product.cpp:22]   --->   Operation 61 'zext' 'zext_ln22' <Predicate = true> <Delay = 0.00>
ST_4 : Operation 62 [1/1] (0.00ns)   --->   "%C_addr = getelementptr i8 %C, i64 0, i64 %zext_ln22" [matrix-multiplyer-kv260/dot_product.cpp:22]   --->   Operation 62 'getelementptr' 'C_addr' <Predicate = true> <Delay = 0.00>
ST_4 : Operation 63 [1/1] (1.23ns)   --->   "%store_ln22 = store i8 %acc_V_loc_load, i20 %C_addr" [matrix-multiplyer-kv260/dot_product.cpp:22]   --->   Operation 63 'store' 'store_ln22' <Predicate = true> <Delay = 1.23> <CoreInst = "RAM_1P">   --->   Core 88 'RAM_1P' <Latency = 1> <II = 1> <Delay = 1.23> <Storage> <Opcode : 'load' 'store'> <Ports = 1> <Width = 8> <Depth = 1048576> <RAM>
ST_4 : Operation 64 [1/1] (0.00ns)   --->   "%br_ln16 = br void %for.body5.i" [matrix-multiplyer-kv260/dot_product.cpp:16]   --->   Operation 64 'br' 'br_ln16' <Predicate = true> <Delay = 0.00>


============================================================
+ Verbose Summary: Binding
============================================================
STG Binding: 
---------------- STG Properties BEGIN ----------------
- Is combinational: 0
- Is one-state seq: 0
- Is datapath-only: 0
- Is pipelined: 0
- Is top level: 0
Port [ Return ] is wired: 1; IO mode=ap_ctrl_hs:ce=0
Port [ m]:  wired=1; compound=0; hidden=0; nouse=0; global=0; static=0; extern=0; dir=0; type=0; pingpong=0; private_global=0; IO mode=ap_none:ce=0
Port [ h]:  wired=1; compound=0; hidden=0; nouse=0; global=0; static=0; extern=0; dir=0; type=0; pingpong=0; private_global=0; IO mode=ap_none:ce=0
Port [ C]:  wired=1; compound=1; hidden=0; nouse=0; global=0; static=0; extern=0; dir=1; type=1; pingpong=0; private_global=0; MemPort=[0]; IO mode=ap_memory:ce=0
Port [ n]:  wired=1; compound=0; hidden=0; nouse=0; global=0; static=0; extern=0; dir=0; type=0; pingpong=0; private_global=0; IO mode=ap_none:ce=0
Port [ A]:  wired=1; compound=1; hidden=0; nouse=0; global=0; static=0; extern=0; dir=0; type=1; pingpong=0; private_global=0; MemPort=[1]; IO mode=ap_memory:ce=0
Port [ B]:  wired=1; compound=1; hidden=0; nouse=0; global=0; static=0; extern=0; dir=0; type=1; pingpong=0; private_global=0; MemPort=[1]; IO mode=ap_memory:ce=0
---------------- STG Properties END ------------------

---------------- Datapath Model BEGIN ----------------

<LifeTime>
<method=bitvector/>
j                     (alloca           ) [ 01111]
indvars_iv            (alloca           ) [ 01111]
i                     (alloca           ) [ 01111]
indvar_flatten        (alloca           ) [ 01111]
n_read                (read             ) [ 00111]
h_read                (read             ) [ 00000]
m_read                (read             ) [ 00000]
acc_V_loc             (alloca           ) [ 00111]
specmemcore_ln0       (specmemcore      ) [ 00000]
specmemcore_ln0       (specmemcore      ) [ 00000]
specmemcore_ln0       (specmemcore      ) [ 00000]
specinterface_ln0     (specinterface    ) [ 00000]
specinterface_ln0     (specinterface    ) [ 00000]
specinterface_ln0     (specinterface    ) [ 00000]
h_cast                (sext             ) [ 00111]
cast_cast             (sext             ) [ 00000]
cast_cast_cast        (zext             ) [ 00000]
cast1_cast_cast       (zext             ) [ 00000]
bound                 (mul              ) [ 00111]
store_ln0             (store            ) [ 00000]
store_ln0             (store            ) [ 00000]
store_ln0             (store            ) [ 00000]
store_ln0             (store            ) [ 00000]
br_ln0                (br               ) [ 00000]
indvar_flatten_load   (load             ) [ 00000]
icmp_ln14             (icmp             ) [ 00111]
add_ln14              (add              ) [ 00000]
br_ln14               (br               ) [ 00000]
j_load                (load             ) [ 00000]
indvars_iv_load       (load             ) [ 00000]
i_load                (load             ) [ 00000]
i_2                   (add              ) [ 00000]
icmp_ln16             (icmp             ) [ 00000]
select_ln14           (select           ) [ 00010]
select_ln14_1         (select           ) [ 00000]
select_ln14_2         (select           ) [ 00000]
trunc_ln14            (trunc            ) [ 00000]
shl_ln22_mid2         (bitconcatenate   ) [ 00010]
trunc_ln16            (trunc            ) [ 00010]
trunc_ln22            (trunc            ) [ 00011]
add_ln22              (add              ) [ 00000]
lshr_ln               (partselect       ) [ 00011]
j_1                   (add              ) [ 00000]
add_ln16              (add              ) [ 00000]
store_ln16            (store            ) [ 00000]
store_ln16            (store            ) [ 00000]
store_ln16            (store            ) [ 00000]
store_ln16            (store            ) [ 00000]
ret_ln0               (ret              ) [ 00000]
call_ln14             (call             ) [ 00000]
specloopname_ln0      (specloopname     ) [ 00000]
speclooptripcount_ln0 (speclooptripcount) [ 00000]
specloopname_ln13     (specloopname     ) [ 00000]
acc_V_loc_load        (load             ) [ 00000]
tmp_1                 (bitconcatenate   ) [ 00000]
zext_ln22             (zext             ) [ 00000]
C_addr                (getelementptr    ) [ 00000]
store_ln22            (store            ) [ 00000]
br_ln16               (br               ) [ 00000]
</LifeTime>

<model>

<comp_list>
<comp id="0" class="1000" name="m">
<pin_list>
<pin id="1" dir="1" index="0" bw="1" slack="0"/>
</pin_list>
<bind>
<StgValue><ssdm name="m"/></StgValue>
</bind>
</comp>

<comp id="2" class="1000" name="h">
<pin_list>
<pin id="3" dir="1" index="0" bw="1" slack="0"/>
</pin_list>
<bind>
<StgValue><ssdm name="h"/></StgValue>
</bind>
</comp>

<comp id="4" class="1000" name="C">
<pin_list>
<pin id="5" dir="1" index="0" bw="1" slack="0"/>
</pin_list>
<bind>
<StgValue><ssdm name="C"/><MemPortTyVec>0 </MemPortTyVec>
</StgValue>
</bind>
</comp>

<comp id="6" class="1000" name="n">
<pin_list>
<pin id="7" dir="1" index="0" bw="1" slack="0"/>
</pin_list>
<bind>
<StgValue><ssdm name="n"/></StgValue>
</bind>
</comp>

<comp id="8" class="1000" name="A">
<pin_list>
<pin id="9" dir="1" index="0" bw="1" slack="0"/>
</pin_list>
<bind>
<StgValue><ssdm name="A"/><MemPortTyVec>1 </MemPortTyVec>
</StgValue>
</bind>
</comp>

<comp id="10" class="1000" name="B">
<pin_list>
<pin id="11" dir="1" index="0" bw="1" slack="0"/>
</pin_list>
<bind>
<StgValue><ssdm name="B"/><MemPortTyVec>1 </MemPortTyVec>
</StgValue>
</bind>
</comp>

<comp id="12" class="1001" name="const_12">
<pin_list>
<pin id="13" dir="1" index="0" bw="1" slack="0"/>
</pin_list>
<bind>
<StgValue><ssdm name=""/></StgValue>
</bind>
</comp>

<comp id="14" class="1001" name="const_14">
<pin_list>
<pin id="15" dir="1" index="0" bw="1" slack="0"/>
</pin_list>
<bind>
<StgValue><ssdm name="_ssdm_op_Read.ap_auto.i32"/></StgValue>
</bind>
</comp>

<comp id="16" class="1001" name="const_16">
<pin_list>
<pin id="17" dir="1" index="0" bw="1" slack="0"/>
</pin_list>
<bind>
<StgValue><ssdm name=""/></StgValue>
</bind>
</comp>

<comp id="18" class="1001" name="const_18">
<pin_list>
<pin id="19" dir="1" index="0" bw="1" slack="2147483647"/>
</pin_list>
<bind>
<StgValue><ssdm name="_ssdm_op_SpecMemCore"/></StgValue>
</bind>
</comp>

<comp id="20" class="1001" name="const_20">
<pin_list>
<pin id="21" dir="1" index="0" bw="1" slack="2147483647"/>
</pin_list>
<bind>
<StgValue><ssdm name=""/></StgValue>
</bind>
</comp>

<comp id="22" class="1001" name="const_22">
<pin_list>
<pin id="23" dir="1" index="0" bw="1" slack="2147483647"/>
</pin_list>
<bind>
<StgValue><ssdm name=""/></StgValue>
</bind>
</comp>

<comp id="24" class="1001" name="const_24">
<pin_list>
<pin id="25" dir="1" index="0" bw="1" slack="2147483647"/>
</pin_list>
<bind>
<StgValue><ssdm name="_ssdm_op_SpecInterface"/></StgValue>
</bind>
</comp>

<comp id="26" class="1001" name="const_26">
<pin_list>
<pin id="27" dir="1" index="0" bw="1" slack="2147483647"/>
</pin_list>
<bind>
<StgValue><ssdm name="empty_3"/></StgValue>
</bind>
</comp>

<comp id="28" class="1001" name="const_28">
<pin_list>
<pin id="29" dir="1" index="0" bw="1" slack="2147483647"/>
</pin_list>
<bind>
<StgValue><ssdm name=""/></StgValue>
</bind>
</comp>

<comp id="30" class="1001" name="const_30">
<pin_list>
<pin id="31" dir="1" index="0" bw="1" slack="2147483647"/>
</pin_list>
<bind>
<StgValue><ssdm name="empty_0"/></StgValue>
</bind>
</comp>

<comp id="32" class="1001" name="const_32">
<pin_list>
<pin id="33" dir="1" index="0" bw="1" slack="2147483647"/>
</pin_list>
<bind>
<StgValue><ssdm name=""/></StgValue>
</bind>
</comp>

<comp id="34" class="1001" name="const_34">
<pin_list>
<pin id="35" dir="1" index="0" bw="1" slack="0"/>
</pin_list>
<bind>
<StgValue><ssdm name=""/></StgValue>
</bind>
</comp>

<comp id="36" class="1001" name="const_36">
<pin_list>
<pin id="37" dir="1" index="0" bw="1" slack="0"/>
</pin_list>
<bind>
<StgValue><ssdm name=""/></StgValue>
</bind>
</comp>

<comp id="38" class="1001" name="const_38">
<pin_list>
<pin id="39" dir="1" index="0" bw="1" slack="0"/>
</pin_list>
<bind>
<StgValue><ssdm name=""/></StgValue>
</bind>
</comp>

<comp id="40" class="1001" name="const_40">
<pin_list>
<pin id="41" dir="1" index="0" bw="1" slack="0"/>
</pin_list>
<bind>
<StgValue><ssdm name=""/></StgValue>
</bind>
</comp>

<comp id="42" class="1001" name="const_42">
<pin_list>
<pin id="43" dir="1" index="0" bw="1" slack="0"/>
</pin_list>
<bind>
<StgValue><ssdm name="_ssdm_op_BitConcatenate.i20.i10.i10"/></StgValue>
</bind>
</comp>

<comp id="44" class="1001" name="const_44">
<pin_list>
<pin id="45" dir="1" index="0" bw="1" slack="0"/>
</pin_list>
<bind>
<StgValue><ssdm name="Loop_L1_proc_Pipeline_SUM"/></StgValue>
</bind>
</comp>

<comp id="46" class="1001" name="const_46">
<pin_list>
<pin id="47" dir="1" index="0" bw="1" slack="0"/>
</pin_list>
<bind>
<StgValue><ssdm name="_ssdm_op_PartSelect.i10.i20.i32.i32"/></StgValue>
</bind>
</comp>

<comp id="48" class="1001" name="const_48">
<pin_list>
<pin id="49" dir="1" index="0" bw="1" slack="0"/>
</pin_list>
<bind>
<StgValue><ssdm name=""/></StgValue>
</bind>
</comp>

<comp id="50" class="1001" name="const_50">
<pin_list>
<pin id="51" dir="1" index="0" bw="1" slack="0"/>
</pin_list>
<bind>
<StgValue><ssdm name=""/></StgValue>
</bind>
</comp>

<comp id="52" class="1001" name="const_52">
<pin_list>
<pin id="53" dir="1" index="0" bw="1" slack="0"/>
</pin_list>
<bind>
<StgValue><ssdm name=""/></StgValue>
</bind>
</comp>

<comp id="54" class="1001" name="const_54">
<pin_list>
<pin id="55" dir="1" index="0" bw="1" slack="2147483647"/>
</pin_list>
<bind>
<StgValue><ssdm name="_ssdm_op_SpecLoopName"/></StgValue>
</bind>
</comp>

<comp id="56" class="1001" name="const_56">
<pin_list>
<pin id="57" dir="1" index="0" bw="1" slack="2147483647"/>
</pin_list>
<bind>
<StgValue><ssdm name="L1_L2_str"/></StgValue>
</bind>
</comp>

<comp id="58" class="1001" name="const_58">
<pin_list>
<pin id="59" dir="1" index="0" bw="1" slack="2147483647"/>
</pin_list>
<bind>
<StgValue><ssdm name="_ssdm_op_SpecLoopTripCount"/></StgValue>
</bind>
</comp>

<comp id="60" class="1001" name="const_60">
<pin_list>
<pin id="61" dir="1" index="0" bw="1" slack="2147483647"/>
</pin_list>
<bind>
<StgValue><ssdm name=""/></StgValue>
</bind>
</comp>

<comp id="62" class="1001" name="const_62">
<pin_list>
<pin id="63" dir="1" index="0" bw="1" slack="2147483647"/>
</pin_list>
<bind>
<StgValue><ssdm name=""/></StgValue>
</bind>
</comp>

<comp id="64" class="1001" name="const_64">
<pin_list>
<pin id="65" dir="1" index="0" bw="1" slack="2147483647"/>
</pin_list>
<bind>
<StgValue><ssdm name="empty_12"/></StgValue>
</bind>
</comp>

<comp id="66" class="1004" name="j_fu_66">
<pin_list>
<pin id="67" dir="0" index="0" bw="1" slack="0"/>
<pin id="68" dir="1" index="1" bw="64" slack="0"/>
</pin_list>
<bind>
<opcode="alloca(26) " fcode="alloca"/>
<opset="j/1 "/>
</bind>
</comp>

<comp id="70" class="1004" name="indvars_iv_fu_70">
<pin_list>
<pin id="71" dir="0" index="0" bw="1" slack="0"/>
<pin id="72" dir="1" index="1" bw="10" slack="0"/>
</pin_list>
<bind>
<opcode="alloca(26) " fcode="alloca"/>
<opset="indvars_iv/1 "/>
</bind>
</comp>

<comp id="74" class="1004" name="i_fu_74">
<pin_list>
<pin id="75" dir="0" index="0" bw="1" slack="0"/>
<pin id="76" dir="1" index="1" bw="64" slack="0"/>
</pin_list>
<bind>
<opcode="alloca(26) " fcode="alloca"/>
<opset="i/1 "/>
</bind>
</comp>

<comp id="78" class="1004" name="indvar_flatten_fu_78">
<pin_list>
<pin id="79" dir="0" index="0" bw="1" slack="0"/>
<pin id="80" dir="1" index="1" bw="128" slack="0"/>
</pin_list>
<bind>
<opcode="alloca(26) " fcode="alloca"/>
<opset="indvar_flatten/1 "/>
</bind>
</comp>

<comp id="82" class="1004" name="acc_V_loc_fu_82">
<pin_list>
<pin id="83" dir="0" index="0" bw="1" slack="0"/>
<pin id="84" dir="1" index="1" bw="8" slack="1"/>
</pin_list>
<bind>
<opcode="alloca(26) " fcode="alloca"/>
<opset="acc_V_loc/1 "/>
</bind>
</comp>

<comp id="86" class="1004" name="n_read_read_fu_86">
<pin_list>
<pin id="87" dir="0" index="0" bw="32" slack="0"/>
<pin id="88" dir="0" index="1" bw="32" slack="0"/>
<pin id="89" dir="1" index="2" bw="32" slack="1"/>
</pin_list>
<bind>
<opcode="read(1150) " fcode="read"/>
<opset="n_read/1 "/>
</bind>
</comp>

<comp id="92" class="1004" name="h_read_read_fu_92">
<pin_list>
<pin id="93" dir="0" index="0" bw="32" slack="0"/>
<pin id="94" dir="0" index="1" bw="32" slack="0"/>
<pin id="95" dir="1" index="2" bw="32" slack="0"/>
</pin_list>
<bind>
<opcode="read(1150) " fcode="read"/>
<opset="h_read/1 "/>
</bind>
</comp>

<comp id="98" class="1004" name="m_read_read_fu_98">
<pin_list>
<pin id="99" dir="0" index="0" bw="32" slack="0"/>
<pin id="100" dir="0" index="1" bw="32" slack="0"/>
<pin id="101" dir="1" index="2" bw="32" slack="0"/>
</pin_list>
<bind>
<opcode="read(1150) " fcode="read"/>
<opset="m_read/1 "/>
</bind>
</comp>

<comp id="104" class="1004" name="C_addr_gep_fu_104">
<pin_list>
<pin id="105" dir="0" index="0" bw="8" slack="0"/>
<pin id="106" dir="0" index="1" bw="1" slack="0"/>
<pin id="107" dir="0" index="2" bw="20" slack="0"/>
<pin id="108" dir="1" index="3" bw="20" slack="0"/>
</pin_list>
<bind>
<opcode="getelementptr(29) " fcode="getelementptr"/>
<opset="C_addr/4 "/>
</bind>
</comp>

<comp id="111" class="1004" name="store_ln22_access_fu_111">
<pin_list>
<pin id="112" dir="0" index="0" bw="20" slack="0"/>
<pin id="113" dir="0" index="1" bw="8" slack="0"/>
<pin id="114" dir="0" index="2" bw="0" slack="2147483647"/>
<pin id="115" dir="1" index="3" bw="8" slack="2147483647"/>
</pin_list>
<bind>
<opcode="store(28) " fcode="store"/>
<opset="store_ln22/4 "/>
</bind>
</comp>

<comp id="117" class="1004" name="grp_Loop_L1_proc_Pipeline_SUM_fu_117">
<pin_list>
<pin id="118" dir="0" index="0" bw="0" slack="0"/>
<pin id="119" dir="0" index="1" bw="32" slack="1"/>
<pin id="120" dir="0" index="2" bw="20" slack="0"/>
<pin id="121" dir="0" index="3" bw="8" slack="0"/>
<pin id="122" dir="0" index="4" bw="20" slack="0"/>
<pin id="123" dir="0" index="5" bw="10" slack="0"/>
<pin id="124" dir="0" index="6" bw="8" slack="0"/>
<pin id="125" dir="0" index="7" bw="8" slack="1"/>
<pin id="126" dir="1" index="8" bw="0" slack="2147483647"/>
</pin_list>
<bind>
<opcode="call(48) " fcode="call"/>
<opset="call_ln14/2 "/>
</bind>
</comp>

<comp id="130" class="1004" name="h_cast_fu_130">
<pin_list>
<pin id="131" dir="0" index="0" bw="32" slack="0"/>
<pin id="132" dir="1" index="1" bw="64" slack="0"/>
</pin_list>
<bind>
<opcode="sext(35) " fcode="sext"/>
<opset="h_cast/1 "/>
</bind>
</comp>

<comp id="134" class="1004" name="cast_cast_fu_134">
<pin_list>
<pin id="135" dir="0" index="0" bw="32" slack="0"/>
<pin id="136" dir="1" index="1" bw="64" slack="0"/>
</pin_list>
<bind>
<opcode="sext(35) " fcode="sext"/>
<opset="cast_cast/1 "/>
</bind>
</comp>

<comp id="138" class="1004" name="cast_cast_cast_fu_138">
<pin_list>
<pin id="139" dir="0" index="0" bw="32" slack="0"/>
<pin id="140" dir="1" index="1" bw="128" slack="0"/>
</pin_list>
<bind>
<opcode="zext(34) " fcode="zext"/>
<opset="cast_cast_cast/1 "/>
</bind>
</comp>

<comp id="142" class="1004" name="cast1_cast_cast_fu_142">
<pin_list>
<pin id="143" dir="0" index="0" bw="32" slack="0"/>
<pin id="144" dir="1" index="1" bw="128" slack="0"/>
</pin_list>
<bind>
<opcode="zext(34) " fcode="zext"/>
<opset="cast1_cast_cast/1 "/>
</bind>
</comp>

<comp id="146" class="1004" name="bound_fu_146">
<pin_list>
<pin id="147" dir="0" index="0" bw="64" slack="0"/>
<pin id="148" dir="0" index="1" bw="64" slack="0"/>
<pin id="149" dir="1" index="2" bw="128" slack="1"/>
</pin_list>
<bind>
<opcode="mul(12) " fcode="mul"/>
<opset="bound/1 "/>
</bind>
</comp>

<comp id="152" class="1004" name="store_ln0_store_fu_152">
<pin_list>
<pin id="153" dir="0" index="0" bw="1" slack="0"/>
<pin id="154" dir="0" index="1" bw="128" slack="0"/>
<pin id="155" dir="1" index="2" bw="0" slack="2147483647"/>
</pin_list>
<bind>
<opcode="store(28) " fcode="store"/>
<opset="store_ln0/1 "/>
</bind>
</comp>

<comp id="157" class="1004" name="store_ln0_store_fu_157">
<pin_list>
<pin id="158" dir="0" index="0" bw="1" slack="0"/>
<pin id="159" dir="0" index="1" bw="64" slack="0"/>
<pin id="160" dir="1" index="2" bw="0" slack="2147483647"/>
</pin_list>
<bind>
<opcode="store(28) " fcode="store"/>
<opset="store_ln0/1 "/>
</bind>
</comp>

<comp id="162" class="1004" name="store_ln0_store_fu_162">
<pin_list>
<pin id="163" dir="0" index="0" bw="1" slack="0"/>
<pin id="164" dir="0" index="1" bw="10" slack="0"/>
<pin id="165" dir="1" index="2" bw="0" slack="2147483647"/>
</pin_list>
<bind>
<opcode="store(28) " fcode="store"/>
<opset="store_ln0/1 "/>
</bind>
</comp>

<comp id="167" class="1004" name="store_ln0_store_fu_167">
<pin_list>
<pin id="168" dir="0" index="0" bw="1" slack="0"/>
<pin id="169" dir="0" index="1" bw="64" slack="0"/>
<pin id="170" dir="1" index="2" bw="0" slack="2147483647"/>
</pin_list>
<bind>
<opcode="store(28) " fcode="store"/>
<opset="store_ln0/1 "/>
</bind>
</comp>

<comp id="172" class="1004" name="indvar_flatten_load_load_fu_172">
<pin_list>
<pin id="173" dir="0" index="0" bw="128" slack="1"/>
<pin id="174" dir="1" index="1" bw="128" slack="0"/>
</pin_list>
<bind>
<opcode="load(27) " fcode="load"/>
<opset="indvar_flatten_load/2 "/>
</bind>
</comp>

<comp id="175" class="1004" name="icmp_ln14_fu_175">
<pin_list>
<pin id="176" dir="0" index="0" bw="128" slack="0"/>
<pin id="177" dir="0" index="1" bw="128" slack="1"/>
<pin id="178" dir="1" index="2" bw="1" slack="2147483647"/>
</pin_list>
<bind>
<opcode="icmp(45) " fcode="icmp"/>
<opset="icmp_ln14/2 "/>
</bind>
</comp>

<comp id="180" class="1004" name="add_ln14_fu_180">
<pin_list>
<pin id="181" dir="0" index="0" bw="128" slack="0"/>
<pin id="182" dir="0" index="1" bw="1" slack="0"/>
<pin id="183" dir="1" index="2" bw="128" slack="0"/>
</pin_list>
<bind>
<opcode="add(8) " fcode="add"/>
<opset="add_ln14/2 "/>
</bind>
</comp>

<comp id="186" class="1004" name="j_load_load_fu_186">
<pin_list>
<pin id="187" dir="0" index="0" bw="64" slack="1"/>
<pin id="188" dir="1" index="1" bw="64" slack="0"/>
</pin_list>
<bind>
<opcode="load(27) " fcode="load"/>
<opset="j_load/2 "/>
</bind>
</comp>

<comp id="189" class="1004" name="indvars_iv_load_load_fu_189">
<pin_list>
<pin id="190" dir="0" index="0" bw="10" slack="1"/>
<pin id="191" dir="1" index="1" bw="10" slack="0"/>
</pin_list>
<bind>
<opcode="load(27) " fcode="load"/>
<opset="indvars_iv_load/2 "/>
</bind>
</comp>

<comp id="192" class="1004" name="i_load_load_fu_192">
<pin_list>
<pin id="193" dir="0" index="0" bw="64" slack="1"/>
<pin id="194" dir="1" index="1" bw="64" slack="0"/>
</pin_list>
<bind>
<opcode="load(27) " fcode="load"/>
<opset="i_load/2 "/>
</bind>
</comp>

<comp id="195" class="1004" name="i_2_fu_195">
<pin_list>
<pin id="196" dir="0" index="0" bw="64" slack="0"/>
<pin id="197" dir="0" index="1" bw="1" slack="0"/>
<pin id="198" dir="1" index="2" bw="64" slack="0"/>
</pin_list>
<bind>
<opcode="add(8) " fcode="add"/>
<opset="i_2/2 "/>
</bind>
</comp>

<comp id="201" class="1004" name="icmp_ln16_fu_201">
<pin_list>
<pin id="202" dir="0" index="0" bw="64" slack="0"/>
<pin id="203" dir="0" index="1" bw="64" slack="1"/>
<pin id="204" dir="1" index="2" bw="1" slack="0"/>
</pin_list>
<bind>
<opcode="icmp(45) " fcode="icmp"/>
<opset="icmp_ln16/2 "/>
</bind>
</comp>

<comp id="206" class="1004" name="select_ln14_fu_206">
<pin_list>
<pin id="207" dir="0" index="0" bw="1" slack="0"/>
<pin id="208" dir="0" index="1" bw="10" slack="0"/>
<pin id="209" dir="0" index="2" bw="10" slack="0"/>
<pin id="210" dir="1" index="3" bw="10" slack="0"/>
</pin_list>
<bind>
<opcode="select(49) " fcode="select"/>
<opset="select_ln14/2 "/>
</bind>
</comp>

<comp id="215" class="1004" name="select_ln14_1_fu_215">
<pin_list>
<pin id="216" dir="0" index="0" bw="1" slack="0"/>
<pin id="217" dir="0" index="1" bw="64" slack="0"/>
<pin id="218" dir="0" index="2" bw="64" slack="0"/>
<pin id="219" dir="1" index="3" bw="64" slack="0"/>
</pin_list>
<bind>
<opcode="select(49) " fcode="select"/>
<opset="select_ln14_1/2 "/>
</bind>
</comp>

<comp id="223" class="1004" name="select_ln14_2_fu_223">
<pin_list>
<pin id="224" dir="0" index="0" bw="1" slack="0"/>
<pin id="225" dir="0" index="1" bw="64" slack="0"/>
<pin id="226" dir="0" index="2" bw="64" slack="0"/>
<pin id="227" dir="1" index="3" bw="64" slack="0"/>
</pin_list>
<bind>
<opcode="select(49) " fcode="select"/>
<opset="select_ln14_2/2 "/>
</bind>
</comp>

<comp id="231" class="1004" name="trunc_ln14_fu_231">
<pin_list>
<pin id="232" dir="0" index="0" bw="64" slack="0"/>
<pin id="233" dir="1" index="1" bw="10" slack="0"/>
</pin_list>
<bind>
<opcode="trunc(33) " fcode="trunc"/>
<opset="trunc_ln14/2 "/>
</bind>
</comp>

<comp id="235" class="1004" name="shl_ln22_mid2_fu_235">
<pin_list>
<pin id="236" dir="0" index="0" bw="20" slack="0"/>
<pin id="237" dir="0" index="1" bw="10" slack="0"/>
<pin id="238" dir="0" index="2" bw="1" slack="0"/>
<pin id="239" dir="1" index="3" bw="20" slack="0"/>
</pin_list>
<bind>
<opcode="bitconcatenate(1004) " fcode="bitconcatenate"/>
<opset="shl_ln22_mid2/2 "/>
</bind>
</comp>

<comp id="244" class="1004" name="trunc_ln16_fu_244">
<pin_list>
<pin id="245" dir="0" index="0" bw="64" slack="0"/>
<pin id="246" dir="1" index="1" bw="20" slack="0"/>
</pin_list>
<bind>
<opcode="trunc(33) " fcode="trunc"/>
<opset="trunc_ln16/2 "/>
</bind>
</comp>

<comp id="249" class="1004" name="trunc_ln22_fu_249">
<pin_list>
<pin id="250" dir="0" index="0" bw="64" slack="0"/>
<pin id="251" dir="1" index="1" bw="10" slack="2"/>
</pin_list>
<bind>
<opcode="trunc(33) " fcode="trunc"/>
<opset="trunc_ln22/2 "/>
</bind>
</comp>

<comp id="253" class="1004" name="add_ln22_fu_253">
<pin_list>
<pin id="254" dir="0" index="0" bw="20" slack="0"/>
<pin id="255" dir="0" index="1" bw="20" slack="0"/>
<pin id="256" dir="1" index="2" bw="20" slack="0"/>
</pin_list>
<bind>
<opcode="add(8) " fcode="add"/>
<opset="add_ln22/2 "/>
</bind>
</comp>

<comp id="259" class="1004" name="lshr_ln_fu_259">
<pin_list>
<pin id="260" dir="0" index="0" bw="10" slack="0"/>
<pin id="261" dir="0" index="1" bw="20" slack="0"/>
<pin id="262" dir="0" index="2" bw="5" slack="0"/>
<pin id="263" dir="0" index="3" bw="6" slack="0"/>
<pin id="264" dir="1" index="4" bw="10" slack="2"/>
</pin_list>
<bind>
<opcode="partselect(1002) " fcode="partselect"/>
<opset="lshr_ln/2 "/>
</bind>
</comp>

<comp id="269" class="1004" name="j_1_fu_269">
<pin_list>
<pin id="270" dir="0" index="0" bw="64" slack="0"/>
<pin id="271" dir="0" index="1" bw="1" slack="0"/>
<pin id="272" dir="1" index="2" bw="64" slack="0"/>
</pin_list>
<bind>
<opcode="add(8) " fcode="add"/>
<opset="j_1/2 "/>
</bind>
</comp>

<comp id="275" class="1004" name="add_ln16_fu_275">
<pin_list>
<pin id="276" dir="0" index="0" bw="10" slack="0"/>
<pin id="277" dir="0" index="1" bw="1" slack="0"/>
<pin id="278" dir="1" index="2" bw="10" slack="0"/>
</pin_list>
<bind>
<opcode="add(8) " fcode="add"/>
<opset="add_ln16/2 "/>
</bind>
</comp>

<comp id="281" class="1004" name="store_ln16_store_fu_281">
<pin_list>
<pin id="282" dir="0" index="0" bw="128" slack="0"/>
<pin id="283" dir="0" index="1" bw="128" slack="1"/>
<pin id="284" dir="1" index="2" bw="0" slack="2147483647"/>
</pin_list>
<bind>
<opcode="store(28) " fcode="store"/>
<opset="store_ln16/2 "/>
</bind>
</comp>

<comp id="286" class="1004" name="store_ln16_store_fu_286">
<pin_list>
<pin id="287" dir="0" index="0" bw="64" slack="0"/>
<pin id="288" dir="0" index="1" bw="64" slack="1"/>
<pin id="289" dir="1" index="2" bw="0" slack="2147483647"/>
</pin_list>
<bind>
<opcode="store(28) " fcode="store"/>
<opset="store_ln16/2 "/>
</bind>
</comp>

<comp id="291" class="1004" name="store_ln16_store_fu_291">
<pin_list>
<pin id="292" dir="0" index="0" bw="10" slack="0"/>
<pin id="293" dir="0" index="1" bw="10" slack="1"/>
<pin id="294" dir="1" index="2" bw="0" slack="2147483647"/>
</pin_list>
<bind>
<opcode="store(28) " fcode="store"/>
<opset="store_ln16/2 "/>
</bind>
</comp>

<comp id="296" class="1004" name="store_ln16_store_fu_296">
<pin_list>
<pin id="297" dir="0" index="0" bw="64" slack="0"/>
<pin id="298" dir="0" index="1" bw="64" slack="1"/>
<pin id="299" dir="1" index="2" bw="0" slack="2147483647"/>
</pin_list>
<bind>
<opcode="store(28) " fcode="store"/>
<opset="store_ln16/2 "/>
</bind>
</comp>

<comp id="301" class="1004" name="acc_V_loc_load_load_fu_301">
<pin_list>
<pin id="302" dir="0" index="0" bw="8" slack="3"/>
<pin id="303" dir="1" index="1" bw="8" slack="0"/>
</pin_list>
<bind>
<opcode="load(27) " fcode="load"/>
<opset="acc_V_loc_load/4 "/>
</bind>
</comp>

<comp id="305" class="1004" name="tmp_1_fu_305">
<pin_list>
<pin id="306" dir="0" index="0" bw="20" slack="0"/>
<pin id="307" dir="0" index="1" bw="10" slack="2"/>
<pin id="308" dir="0" index="2" bw="10" slack="2"/>
<pin id="309" dir="1" index="3" bw="20" slack="0"/>
</pin_list>
<bind>
<opcode="bitconcatenate(1004) " fcode="bitconcatenate"/>
<opset="tmp_1/4 "/>
</bind>
</comp>

<comp id="311" class="1004" name="zext_ln22_fu_311">
<pin_list>
<pin id="312" dir="0" index="0" bw="20" slack="0"/>
<pin id="313" dir="1" index="1" bw="64" slack="0"/>
</pin_list>
<bind>
<opcode="zext(34) " fcode="zext"/>
<opset="zext_ln22/4 "/>
</bind>
</comp>

<comp id="316" class="1005" name="j_reg_316">
<pin_list>
<pin id="317" dir="0" index="0" bw="64" slack="0"/>
<pin id="318" dir="1" index="1" bw="64" slack="0"/>
</pin_list>
<bind>
<opset="j "/>
</bind>
</comp>

<comp id="323" class="1005" name="indvars_iv_reg_323">
<pin_list>
<pin id="324" dir="0" index="0" bw="10" slack="0"/>
<pin id="325" dir="1" index="1" bw="10" slack="0"/>
</pin_list>
<bind>
<opset="indvars_iv "/>
</bind>
</comp>

<comp id="330" class="1005" name="i_reg_330">
<pin_list>
<pin id="331" dir="0" index="0" bw="64" slack="0"/>
<pin id="332" dir="1" index="1" bw="64" slack="0"/>
</pin_list>
<bind>
<opset="i "/>
</bind>
</comp>

<comp id="337" class="1005" name="indvar_flatten_reg_337">
<pin_list>
<pin id="338" dir="0" index="0" bw="128" slack="0"/>
<pin id="339" dir="1" index="1" bw="128" slack="0"/>
</pin_list>
<bind>
<opset="indvar_flatten "/>
</bind>
</comp>

<comp id="344" class="1005" name="n_read_reg_344">
<pin_list>
<pin id="345" dir="0" index="0" bw="32" slack="1"/>
<pin id="346" dir="1" index="1" bw="32" slack="1"/>
</pin_list>
<bind>
<opset="n_read "/>
</bind>
</comp>

<comp id="349" class="1005" name="acc_V_loc_reg_349">
<pin_list>
<pin id="350" dir="0" index="0" bw="8" slack="1"/>
<pin id="351" dir="1" index="1" bw="8" slack="1"/>
</pin_list>
<bind>
<opset="acc_V_loc "/>
</bind>
</comp>

<comp id="355" class="1005" name="h_cast_reg_355">
<pin_list>
<pin id="356" dir="0" index="0" bw="64" slack="1"/>
<pin id="357" dir="1" index="1" bw="64" slack="1"/>
</pin_list>
<bind>
<opset="h_cast "/>
</bind>
</comp>

<comp id="360" class="1005" name="bound_reg_360">
<pin_list>
<pin id="361" dir="0" index="0" bw="128" slack="1"/>
<pin id="362" dir="1" index="1" bw="128" slack="1"/>
</pin_list>
<bind>
<opset="bound "/>
</bind>
</comp>

<comp id="368" class="1005" name="select_ln14_reg_368">
<pin_list>
<pin id="369" dir="0" index="0" bw="10" slack="1"/>
<pin id="370" dir="1" index="1" bw="10" slack="1"/>
</pin_list>
<bind>
<opset="select_ln14 "/>
</bind>
</comp>

<comp id="373" class="1005" name="shl_ln22_mid2_reg_373">
<pin_list>
<pin id="374" dir="0" index="0" bw="20" slack="1"/>
<pin id="375" dir="1" index="1" bw="20" slack="1"/>
</pin_list>
<bind>
<opset="shl_ln22_mid2 "/>
</bind>
</comp>

<comp id="378" class="1005" name="trunc_ln16_reg_378">
<pin_list>
<pin id="379" dir="0" index="0" bw="20" slack="1"/>
<pin id="380" dir="1" index="1" bw="20" slack="1"/>
</pin_list>
<bind>
<opset="trunc_ln16 "/>
</bind>
</comp>

<comp id="383" class="1005" name="trunc_ln22_reg_383">
<pin_list>
<pin id="384" dir="0" index="0" bw="10" slack="2"/>
<pin id="385" dir="1" index="1" bw="10" slack="2"/>
</pin_list>
<bind>
<opset="trunc_ln22 "/>
</bind>
</comp>

<comp id="388" class="1005" name="lshr_ln_reg_388">
<pin_list>
<pin id="389" dir="0" index="0" bw="10" slack="2"/>
<pin id="390" dir="1" index="1" bw="10" slack="2"/>
</pin_list>
<bind>
<opset="lshr_ln "/>
</bind>
</comp>

</comp_list>

<net_list>
<net id="69"><net_src comp="12" pin="0"/><net_sink comp="66" pin=0"/></net>

<net id="73"><net_src comp="12" pin="0"/><net_sink comp="70" pin=0"/></net>

<net id="77"><net_src comp="12" pin="0"/><net_sink comp="74" pin=0"/></net>

<net id="81"><net_src comp="12" pin="0"/><net_sink comp="78" pin=0"/></net>

<net id="85"><net_src comp="16" pin="0"/><net_sink comp="82" pin=0"/></net>

<net id="90"><net_src comp="14" pin="0"/><net_sink comp="86" pin=0"/></net>

<net id="91"><net_src comp="6" pin="0"/><net_sink comp="86" pin=1"/></net>

<net id="96"><net_src comp="14" pin="0"/><net_sink comp="92" pin=0"/></net>

<net id="97"><net_src comp="2" pin="0"/><net_sink comp="92" pin=1"/></net>

<net id="102"><net_src comp="14" pin="0"/><net_sink comp="98" pin=0"/></net>

<net id="103"><net_src comp="0" pin="0"/><net_sink comp="98" pin=1"/></net>

<net id="109"><net_src comp="4" pin="0"/><net_sink comp="104" pin=0"/></net>

<net id="110"><net_src comp="36" pin="0"/><net_sink comp="104" pin=1"/></net>

<net id="116"><net_src comp="104" pin="3"/><net_sink comp="111" pin=0"/></net>

<net id="127"><net_src comp="44" pin="0"/><net_sink comp="117" pin=0"/></net>

<net id="128"><net_src comp="8" pin="0"/><net_sink comp="117" pin=3"/></net>

<net id="129"><net_src comp="10" pin="0"/><net_sink comp="117" pin=6"/></net>

<net id="133"><net_src comp="92" pin="2"/><net_sink comp="130" pin=0"/></net>

<net id="137"><net_src comp="98" pin="2"/><net_sink comp="134" pin=0"/></net>

<net id="141"><net_src comp="134" pin="1"/><net_sink comp="138" pin=0"/></net>

<net id="145"><net_src comp="130" pin="1"/><net_sink comp="142" pin=0"/></net>

<net id="150"><net_src comp="138" pin="1"/><net_sink comp="146" pin=0"/></net>

<net id="151"><net_src comp="142" pin="1"/><net_sink comp="146" pin=1"/></net>

<net id="156"><net_src comp="34" pin="0"/><net_sink comp="152" pin=0"/></net>

<net id="161"><net_src comp="36" pin="0"/><net_sink comp="157" pin=0"/></net>

<net id="166"><net_src comp="38" pin="0"/><net_sink comp="162" pin=0"/></net>

<net id="171"><net_src comp="36" pin="0"/><net_sink comp="167" pin=0"/></net>

<net id="179"><net_src comp="172" pin="1"/><net_sink comp="175" pin=0"/></net>

<net id="184"><net_src comp="172" pin="1"/><net_sink comp="180" pin=0"/></net>

<net id="185"><net_src comp="40" pin="0"/><net_sink comp="180" pin=1"/></net>

<net id="199"><net_src comp="192" pin="1"/><net_sink comp="195" pin=0"/></net>

<net id="200"><net_src comp="16" pin="0"/><net_sink comp="195" pin=1"/></net>

<net id="205"><net_src comp="186" pin="1"/><net_sink comp="201" pin=0"/></net>

<net id="211"><net_src comp="201" pin="2"/><net_sink comp="206" pin=0"/></net>

<net id="212"><net_src comp="38" pin="0"/><net_sink comp="206" pin=1"/></net>

<net id="213"><net_src comp="189" pin="1"/><net_sink comp="206" pin=2"/></net>

<net id="214"><net_src comp="206" pin="3"/><net_sink comp="117" pin=5"/></net>

<net id="220"><net_src comp="201" pin="2"/><net_sink comp="215" pin=0"/></net>

<net id="221"><net_src comp="36" pin="0"/><net_sink comp="215" pin=1"/></net>

<net id="222"><net_src comp="186" pin="1"/><net_sink comp="215" pin=2"/></net>

<net id="228"><net_src comp="201" pin="2"/><net_sink comp="223" pin=0"/></net>

<net id="229"><net_src comp="195" pin="2"/><net_sink comp="223" pin=1"/></net>

<net id="230"><net_src comp="192" pin="1"/><net_sink comp="223" pin=2"/></net>

<net id="234"><net_src comp="223" pin="3"/><net_sink comp="231" pin=0"/></net>

<net id="240"><net_src comp="42" pin="0"/><net_sink comp="235" pin=0"/></net>

<net id="241"><net_src comp="231" pin="1"/><net_sink comp="235" pin=1"/></net>

<net id="242"><net_src comp="38" pin="0"/><net_sink comp="235" pin=2"/></net>

<net id="243"><net_src comp="235" pin="3"/><net_sink comp="117" pin=2"/></net>

<net id="247"><net_src comp="215" pin="3"/><net_sink comp="244" pin=0"/></net>

<net id="248"><net_src comp="244" pin="1"/><net_sink comp="117" pin=4"/></net>

<net id="252"><net_src comp="215" pin="3"/><net_sink comp="249" pin=0"/></net>

<net id="257"><net_src comp="244" pin="1"/><net_sink comp="253" pin=0"/></net>

<net id="258"><net_src comp="235" pin="3"/><net_sink comp="253" pin=1"/></net>

<net id="265"><net_src comp="46" pin="0"/><net_sink comp="259" pin=0"/></net>

<net id="266"><net_src comp="253" pin="2"/><net_sink comp="259" pin=1"/></net>

<net id="267"><net_src comp="48" pin="0"/><net_sink comp="259" pin=2"/></net>

<net id="268"><net_src comp="50" pin="0"/><net_sink comp="259" pin=3"/></net>

<net id="273"><net_src comp="215" pin="3"/><net_sink comp="269" pin=0"/></net>

<net id="274"><net_src comp="16" pin="0"/><net_sink comp="269" pin=1"/></net>

<net id="279"><net_src comp="206" pin="3"/><net_sink comp="275" pin=0"/></net>

<net id="280"><net_src comp="52" pin="0"/><net_sink comp="275" pin=1"/></net>

<net id="285"><net_src comp="180" pin="2"/><net_sink comp="281" pin=0"/></net>

<net id="290"><net_src comp="223" pin="3"/><net_sink comp="286" pin=0"/></net>

<net id="295"><net_src comp="275" pin="2"/><net_sink comp="291" pin=0"/></net>

<net id="300"><net_src comp="269" pin="2"/><net_sink comp="296" pin=0"/></net>

<net id="304"><net_src comp="301" pin="1"/><net_sink comp="111" pin=1"/></net>

<net id="310"><net_src comp="42" pin="0"/><net_sink comp="305" pin=0"/></net>

<net id="314"><net_src comp="305" pin="3"/><net_sink comp="311" pin=0"/></net>

<net id="315"><net_src comp="311" pin="1"/><net_sink comp="104" pin=2"/></net>

<net id="319"><net_src comp="66" pin="1"/><net_sink comp="316" pin=0"/></net>

<net id="320"><net_src comp="316" pin="1"/><net_sink comp="167" pin=1"/></net>

<net id="321"><net_src comp="316" pin="1"/><net_sink comp="186" pin=0"/></net>

<net id="322"><net_src comp="316" pin="1"/><net_sink comp="296" pin=1"/></net>

<net id="326"><net_src comp="70" pin="1"/><net_sink comp="323" pin=0"/></net>

<net id="327"><net_src comp="323" pin="1"/><net_sink comp="162" pin=1"/></net>

<net id="328"><net_src comp="323" pin="1"/><net_sink comp="189" pin=0"/></net>

<net id="329"><net_src comp="323" pin="1"/><net_sink comp="291" pin=1"/></net>

<net id="333"><net_src comp="74" pin="1"/><net_sink comp="330" pin=0"/></net>

<net id="334"><net_src comp="330" pin="1"/><net_sink comp="157" pin=1"/></net>

<net id="335"><net_src comp="330" pin="1"/><net_sink comp="192" pin=0"/></net>

<net id="336"><net_src comp="330" pin="1"/><net_sink comp="286" pin=1"/></net>

<net id="340"><net_src comp="78" pin="1"/><net_sink comp="337" pin=0"/></net>

<net id="341"><net_src comp="337" pin="1"/><net_sink comp="152" pin=1"/></net>

<net id="342"><net_src comp="337" pin="1"/><net_sink comp="172" pin=0"/></net>

<net id="343"><net_src comp="337" pin="1"/><net_sink comp="281" pin=1"/></net>

<net id="347"><net_src comp="86" pin="2"/><net_sink comp="344" pin=0"/></net>

<net id="348"><net_src comp="344" pin="1"/><net_sink comp="117" pin=1"/></net>

<net id="352"><net_src comp="82" pin="1"/><net_sink comp="349" pin=0"/></net>

<net id="353"><net_src comp="349" pin="1"/><net_sink comp="117" pin=7"/></net>

<net id="354"><net_src comp="349" pin="1"/><net_sink comp="301" pin=0"/></net>

<net id="358"><net_src comp="130" pin="1"/><net_sink comp="355" pin=0"/></net>

<net id="359"><net_src comp="355" pin="1"/><net_sink comp="201" pin=1"/></net>

<net id="363"><net_src comp="146" pin="2"/><net_sink comp="360" pin=0"/></net>

<net id="364"><net_src comp="360" pin="1"/><net_sink comp="175" pin=1"/></net>

<net id="371"><net_src comp="206" pin="3"/><net_sink comp="368" pin=0"/></net>

<net id="372"><net_src comp="368" pin="1"/><net_sink comp="117" pin=5"/></net>

<net id="376"><net_src comp="235" pin="3"/><net_sink comp="373" pin=0"/></net>

<net id="377"><net_src comp="373" pin="1"/><net_sink comp="117" pin=2"/></net>

<net id="381"><net_src comp="244" pin="1"/><net_sink comp="378" pin=0"/></net>

<net id="382"><net_src comp="378" pin="1"/><net_sink comp="117" pin=4"/></net>

<net id="386"><net_src comp="249" pin="1"/><net_sink comp="383" pin=0"/></net>

<net id="387"><net_src comp="383" pin="1"/><net_sink comp="305" pin=2"/></net>

<net id="391"><net_src comp="259" pin="4"/><net_sink comp="388" pin=0"/></net>

<net id="392"><net_src comp="388" pin="1"/><net_sink comp="305" pin=1"/></net>

</net_list>

</model> 
---------------- Datapath Model END ------------------

* FSMD analyzer results:
  - Output states:
	Port: C | {4 }
	Port: A | {}
	Port: B | {}
 - Input state : 
	Port: Loop_L1_proc : m | {1 }
	Port: Loop_L1_proc : h | {1 }
	Port: Loop_L1_proc : C | {}
	Port: Loop_L1_proc : n | {1 }
	Port: Loop_L1_proc : A | {2 3 }
	Port: Loop_L1_proc : B | {2 3 }
  - Chain level:
	State 1
		cast_cast_cast : 1
		cast1_cast_cast : 1
		bound : 2
		store_ln0 : 1
		store_ln0 : 1
		store_ln0 : 1
		store_ln0 : 1
	State 2
		icmp_ln14 : 1
		add_ln14 : 1
		br_ln14 : 2
		i_2 : 1
		icmp_ln16 : 1
		select_ln14 : 2
		select_ln14_1 : 2
		select_ln14_2 : 2
		trunc_ln14 : 3
		shl_ln22_mid2 : 4
		trunc_ln16 : 3
		call_ln14 : 5
		trunc_ln22 : 3
		add_ln22 : 5
		lshr_ln : 6
		j_1 : 3
		add_ln16 : 3
		store_ln16 : 2
		store_ln16 : 3
		store_ln16 : 4
		store_ln16 : 4
	State 3
	State 4
		zext_ln22 : 1
		C_addr : 2
		store_ln22 : 3


============================================================
+ Verbose Summary: Datapath Resource usage 
============================================================

* Functional unit list:
|----------|--------------------------------------|---------|---------|---------|---------|
| Operation|            Functional Unit           |   DSP   |  Delay  |    FF   |   LUT   |
|----------|--------------------------------------|---------|---------|---------|---------|
|   call   | grp_Loop_L1_proc_Pipeline_SUM_fu_117 |    1    |  1.757  |   251   |   195   |
|----------|--------------------------------------|---------|---------|---------|---------|
|          |            add_ln14_fu_180           |    0    |    0    |    0    |   135   |
|          |              i_2_fu_195              |    0    |    0    |    0    |    71   |
|    add   |            add_ln22_fu_253           |    0    |    0    |    0    |    27   |
|          |              j_1_fu_269              |    0    |    0    |    0    |    71   |
|          |            add_ln16_fu_275           |    0    |    0    |    0    |    17   |
|----------|--------------------------------------|---------|---------|---------|---------|
|          |          select_ln14_fu_206          |    0    |    0    |    0    |    10   |
|  select  |         select_ln14_1_fu_215         |    0    |    0    |    0    |    64   |
|          |         select_ln14_2_fu_223         |    0    |    0    |    0    |    64   |
|----------|--------------------------------------|---------|---------|---------|---------|
|   icmp   |           icmp_ln14_fu_175           |    0    |    0    |    0    |    50   |
|          |           icmp_ln16_fu_201           |    0    |    0    |    0    |    29   |
|----------|--------------------------------------|---------|---------|---------|---------|
|    mul   |             bound_fu_146             |    15   |    0    |    0    |    46   |
|----------|--------------------------------------|---------|---------|---------|---------|
|          |           n_read_read_fu_86          |    0    |    0    |    0    |    0    |
|   read   |           h_read_read_fu_92          |    0    |    0    |    0    |    0    |
|          |           m_read_read_fu_98          |    0    |    0    |    0    |    0    |
|----------|--------------------------------------|---------|---------|---------|---------|
|   sext   |             h_cast_fu_130            |    0    |    0    |    0    |    0    |
|          |           cast_cast_fu_134           |    0    |    0    |    0    |    0    |
|----------|--------------------------------------|---------|---------|---------|---------|
|          |         cast_cast_cast_fu_138        |    0    |    0    |    0    |    0    |
|   zext   |        cast1_cast_cast_fu_142        |    0    |    0    |    0    |    0    |
|          |           zext_ln22_fu_311           |    0    |    0    |    0    |    0    |
|----------|--------------------------------------|---------|---------|---------|---------|
|          |           trunc_ln14_fu_231          |    0    |    0    |    0    |    0    |
|   trunc  |           trunc_ln16_fu_244          |    0    |    0    |    0    |    0    |
|          |           trunc_ln22_fu_249          |    0    |    0    |    0    |    0    |
|----------|--------------------------------------|---------|---------|---------|---------|
|bitconcatenate|         shl_ln22_mid2_fu_235         |    0    |    0    |    0    |    0    |
|          |             tmp_1_fu_305             |    0    |    0    |    0    |    0    |
|----------|--------------------------------------|---------|---------|---------|---------|
|partselect|            lshr_ln_fu_259            |    0    |    0    |    0    |    0    |
|----------|--------------------------------------|---------|---------|---------|---------|
|   Total  |                                      |    16   |  1.757  |   251   |   779   |
|----------|--------------------------------------|---------|---------|---------|---------|

Memories:
N/A

* Register list:
+----------------------+--------+
|                      |   FF   |
+----------------------+--------+
|   acc_V_loc_reg_349  |    8   |
|     bound_reg_360    |   128  |
|    h_cast_reg_355    |   64   |
|       i_reg_330      |   64   |
|indvar_flatten_reg_337|   128  |
|  indvars_iv_reg_323  |   10   |
|       j_reg_316      |   64   |
|    lshr_ln_reg_388   |   10   |
|    n_read_reg_344    |   32   |
|  select_ln14_reg_368 |   10   |
| shl_ln22_mid2_reg_373|   20   |
|  trunc_ln16_reg_378  |   20   |
|  trunc_ln22_reg_383  |   10   |
+----------------------+--------+
|         Total        |   568  |
+----------------------+--------+

* Multiplexer (MUX) list: 
|--------------------------------------|------|------|------|--------||---------||---------|
|                 Comp                 |  Pin | Size |  BW  | S x BW ||  Delay  ||   LUT   |
|--------------------------------------|------|------|------|--------||---------||---------|
| grp_Loop_L1_proc_Pipeline_SUM_fu_117 |  p2  |   2  |  20  |   40   ||    9    |
| grp_Loop_L1_proc_Pipeline_SUM_fu_117 |  p4  |   2  |  20  |   40   ||    9    |
| grp_Loop_L1_proc_Pipeline_SUM_fu_117 |  p5  |   2  |  10  |   20   ||    9    |
|--------------------------------------|------|------|------|--------||---------||---------|
|                 Total                |      |      |      |   100  ||  1.281  ||    27   |
|--------------------------------------|------|------|------|--------||---------||---------|



* Summary:
+-----------+--------+--------+--------+--------+
|           |   DSP  |  Delay |   FF   |   LUT  |
+-----------+--------+--------+--------+--------+
|  Function |   16   |    1   |   251  |   779  |
|   Memory  |    -   |    -   |    -   |    -   |
|Multiplexer|    -   |    1   |    -   |   27   |
|  Register |    -   |    -   |   568  |    -   |
+-----------+--------+--------+--------+--------+
|   Total   |   16   |    3   |   819  |   806  |
+-----------+--------+--------+--------+--------+
