
*** Running vivado
    with args -log design_1_auto_us_df_2.vds -m64 -product Vivado -mode batch -messageDb vivado.pb -notrace -source design_1_auto_us_df_2.tcl



****** Vivado v2022.2 (64-bit)
  **** SW Build 3671981 on Fri Oct 14 05:00:03 MDT 2022
  **** IP Build 3669848 on Fri Oct 14 08:30:02 MDT 2022
    ** Copyright 1986-2022 Xilinx, Inc. All Rights Reserved.

source design_1_auto_us_df_2.tcl -notrace
create_project: Time (s): cpu = 00:00:06 ; elapsed = 00:00:07 . Memory (MB): peak = 388.555 ; gain = 71.328
INFO: [IP_Flow 19-234] Refreshing IP repositories
INFO: [IP_Flow 19-1700] Loaded user IP repository 'c:/Users/tsope/OneDrive/Documents/GitHub/HW-IP/vector_add/solution2/impl/ip'.
INFO: [IP_Flow 19-1700] Loaded user IP repository 'c:/Users/tsope/OneDrive/Documents/GitHub/HW-IP/IP'.
INFO: [IP_Flow 19-2313] Loaded Vivado IP repository 'C:/Xilinx/Vivado/2022.2/data/ip'.
INFO: [IP_Flow 19-6924] IPCACHE: Running cache check for IP inst: design_1_auto_us_df_2
INFO: [IP_Flow 19-6922] IPCACHE: Exporting cached entry c470fb39d59b433f to dir: C:/Users/tsope/OneDrive/Documents/GitHub/HW-IP/vector_add/vadd/vadd.runs/design_1_auto_us_df_2_synth_1
INFO: [IP_Flow 19-6928] IPCACHE: copied cached file c:/Users/tsope/OneDrive/Documents/GitHub/HW-IP/vector_add/vadd/vadd.cache/ip/2022.2/c/4/c470fb39d59b433f/design_1_auto_us_df_0.dcp to C:/Users/tsope/OneDrive/Documents/GitHub/HW-IP/vector_add/vadd/vadd.runs/design_1_auto_us_df_2_synth_1/design_1_auto_us_df_2.dcp.
INFO: [IP_Flow 19-6928] IPCACHE: copied cached file c:/Users/tsope/OneDrive/Documents/GitHub/HW-IP/vector_add/vadd/vadd.cache/ip/2022.2/c/4/c470fb39d59b433f/design_1_auto_us_df_0_sim_netlist.v to C:/Users/tsope/OneDrive/Documents/GitHub/HW-IP/vector_add/vadd/vadd.runs/design_1_auto_us_df_2_synth_1/design_1_auto_us_df_2_sim_netlist.v.
INFO: [IP_Flow 19-6928] IPCACHE: copied cached file c:/Users/tsope/OneDrive/Documents/GitHub/HW-IP/vector_add/vadd/vadd.cache/ip/2022.2/c/4/c470fb39d59b433f/design_1_auto_us_df_0_sim_netlist.vhdl to C:/Users/tsope/OneDrive/Documents/GitHub/HW-IP/vector_add/vadd/vadd.runs/design_1_auto_us_df_2_synth_1/design_1_auto_us_df_2_sim_netlist.vhdl.
INFO: [IP_Flow 19-6928] IPCACHE: copied cached file c:/Users/tsope/OneDrive/Documents/GitHub/HW-IP/vector_add/vadd/vadd.cache/ip/2022.2/c/4/c470fb39d59b433f/design_1_auto_us_df_0_stub.v to C:/Users/tsope/OneDrive/Documents/GitHub/HW-IP/vector_add/vadd/vadd.runs/design_1_auto_us_df_2_synth_1/design_1_auto_us_df_2_stub.v.
INFO: [IP_Flow 19-6928] IPCACHE: copied cached file c:/Users/tsope/OneDrive/Documents/GitHub/HW-IP/vector_add/vadd/vadd.cache/ip/2022.2/c/4/c470fb39d59b433f/design_1_auto_us_df_0_stub.vhdl to C:/Users/tsope/OneDrive/Documents/GitHub/HW-IP/vector_add/vadd/vadd.runs/design_1_auto_us_df_2_synth_1/design_1_auto_us_df_2_stub.vhdl.
INFO: [IP_Flow 19-4838] Using cached IP synthesis design for IP design_1_auto_us_df_2, cache-ID = c470fb39d59b433f.
INFO: [Common 17-206] Exiting Vivado at Fri May  5 13:25:27 2023...
