05/04/23 14:32:39: Running xcd server. This server was built by gradle.
05/04/23 14:32:39: Server was asked to start on port: '58926'
05/04/23 14:32:39: Server is using token UUID: '8ad8710b-7d57-4f57-9970-cb7852d9650c'
05/04/23 14:32:39: SESSION_MGR: creating session with session uuid: '6d04a3e9-ade5-4ab9-8d63-1f78fcd2ec76' and name 'default'
05/04/23 14:32:39: Attempting to start server on port '58926'
05/04/23 14:32:39: Running Dispatch Server
05/04/23 14:32:39: Version 2.2.0
05/04/23 14:32:46: Dispatch Server: Accepted socket connection from client
05/04/23 14:32:46: Starting Socket connection
05/04/23 14:32:46: EXCHANGE_TOKEN received, server token: 8ad8710b-7d57-4f57-9970-cb7852d9650c, passed token: 8ad8710b-7d57-4f57-9970-cb7852d9650c
05/04/23 14:32:46: SESSION_MGR: creating session with session uuid: '755d4956-4839-4713-8a02-2092b6a1141c' and name 'vitis_hls'
05/04/23 14:32:46: KERNEL_SVC: creating session with uuid: '755d4956-4839-4713-8a02-2092b6a1141c' and name 'vitis_hls'
05/04/23 14:32:46: GUIDANCE_SMGR: creating guidance session with uuid: '755d4956-4839-4713-8a02-2092b6a1141c' and name 'vitis_hls'
05/04/23 14:33:32: STOP_SERVER received, server token: 8ad8710b-7d57-4f57-9970-cb7852d9650c, passed token: 8ad8710b-7d57-4f57-9970-cb7852d9650c
05/04/23 14:33:32: Socket received request to stop server.
05/04/23 14:33:32: Dispatch Server: do_await_stop
05/04/23 14:33:32: SERVER: destructor for server bound to port 58926
05/04/23 14:33:32: Server exiting with status 0.
05/04/23 14:33:32: Closing log file.
05/04/23 14:35:16: Running xcd server. This server was built by gradle.
05/04/23 14:35:16: Server was asked to start on port: '57899'
05/04/23 14:35:16: Server is using token UUID: '4826a2d5-3a8f-4a05-a6c7-079c60332014'
05/04/23 14:35:16: SESSION_MGR: creating session with session uuid: '6d04a3e9-ade5-4ab9-8d63-1f78fcd2ec76' and name 'default'
05/04/23 14:35:16: Attempting to start server on port '57899'
05/04/23 14:35:16: Running Dispatch Server
05/04/23 14:35:16: Version 2.2.0
05/04/23 14:35:24: Dispatch Server: Accepted socket connection from client
05/04/23 14:35:24: Starting Socket connection
05/04/23 14:35:24: EXCHANGE_TOKEN received, server token: 4826a2d5-3a8f-4a05-a6c7-079c60332014, passed token: 4826a2d5-3a8f-4a05-a6c7-079c60332014
05/04/23 14:35:24: SESSION_MGR: creating session with session uuid: '1b17b25b-3767-4042-99ca-64df9f754a7c' and name 'vitis_hls'
05/04/23 14:35:24: KERNEL_SVC: creating session with uuid: '1b17b25b-3767-4042-99ca-64df9f754a7c' and name 'vitis_hls'
05/04/23 14:35:24: GUIDANCE_SMGR: creating guidance session with uuid: '1b17b25b-3767-4042-99ca-64df9f754a7c' and name 'vitis_hls'
05/04/23 14:35:39: STOP_SERVER received, server token: 4826a2d5-3a8f-4a05-a6c7-079c60332014, passed token: 4826a2d5-3a8f-4a05-a6c7-079c60332014
05/04/23 14:35:39: Socket received request to stop server.
05/04/23 14:35:39: Dispatch Server: do_await_stop
05/04/23 14:35:39: SERVER: destructor for server bound to port 57899
05/04/23 14:35:39: Server exiting with status 0.
05/04/23 14:35:39: Closing log file.
