C:\Users\tsope\OneDrive\Documents\GitHub\HW-IP\fir\solution1\.autopilot\db\fir.pp.0.cpp:1548:7: warning: Added loop label VITIS_LOOP_1211_1:   [xilinx-label-all-loops]
      for (i = 0; i < __N - 1; ++i) {
      ^~~
      VITIS_LOOP_1211_1: 
C:\Users\tsope\OneDrive\Documents\GitHub\HW-IP\fir\solution1\.autopilot\db\fir.pp.0.cpp:1548:7: note: FIX-IT applied suggested code changes
C:\Users\tsope\OneDrive\Documents\GitHub\HW-IP\fir\solution1\.autopilot\db\fir.pp.0.cpp:2522:5: warning: Added loop label VITIS_LOOP_676_1:   [xilinx-label-all-loops]
    for (unsigned i = low; i != high; ++i) {
    ^~~
    VITIS_LOOP_676_1: 
C:\Users\tsope\OneDrive\Documents\GitHub\HW-IP\fir\solution1\.autopilot\db\fir.pp.0.cpp:2522:5: note: FIX-IT applied suggested code changes
C:\Users\tsope\OneDrive\Documents\GitHub\HW-IP\fir\solution1\.autopilot\db\fir.pp.0.cpp:2536:5: warning: Added loop label VITIS_LOOP_690_1:   [xilinx-label-all-loops]
    for (unsigned i = low; i != high; ++i) {
    ^~~
    VITIS_LOOP_690_1: 
C:\Users\tsope\OneDrive\Documents\GitHub\HW-IP\fir\solution1\.autopilot\db\fir.pp.0.cpp:2536:5: note: FIX-IT applied suggested code changes
C:\Users\tsope\OneDrive\Documents\GitHub\HW-IP\fir\solution1\.autopilot\db\fir.pp.0.cpp:2550:5: warning: Added loop label VITIS_LOOP_704_1:   [xilinx-label-all-loops]
    for (unsigned i = low; i != high; ++i) {
    ^~~
    VITIS_LOOP_704_1: 
C:\Users\tsope\OneDrive\Documents\GitHub\HW-IP\fir\solution1\.autopilot\db\fir.pp.0.cpp:2550:5: note: FIX-IT applied suggested code changes
C:\Users\tsope\OneDrive\Documents\GitHub\HW-IP\fir\solution1\.autopilot\db\fir.pp.0.cpp:4161:7: warning: Added loop label VITIS_LOOP_1245_1:   [xilinx-label-all-loops]
      for (i = 0; i < __N - 1; ++i) {
      ^~~
      VITIS_LOOP_1245_1: 
C:\Users\tsope\OneDrive\Documents\GitHub\HW-IP\fir\solution1\.autopilot\db\fir.pp.0.cpp:4161:7: note: FIX-IT applied suggested code changes
C:\Users\tsope\OneDrive\Documents\GitHub\HW-IP\fir\solution1\.autopilot\db\fir.pp.0.cpp:6460:5: warning: Added loop label VITIS_LOOP_109_1:   [xilinx-label-all-loops]
    for (unsigned int i = 0; i < 73; i++){
    ^~~
    VITIS_LOOP_109_1: 
C:\Users\tsope\OneDrive\Documents\GitHub\HW-IP\fir\solution1\.autopilot\db\fir.pp.0.cpp:6460:5: note: FIX-IT applied suggested code changes
C:\Users\tsope\OneDrive\Documents\GitHub\HW-IP\fir\solution1\.autopilot\db\fir.pp.0.cpp:6470:7: warning: Added loop label VITIS_LOOP_119_2:   [xilinx-label-all-loops]
      for (unsigned int i = 0; i < 73 -2; i++){
      ^~~
      VITIS_LOOP_119_2: 
C:\Users\tsope\OneDrive\Documents\GitHub\HW-IP\fir\solution1\.autopilot\db\fir.pp.0.cpp:6470:7: note: FIX-IT applied suggested code changes
C:\Users\tsope\OneDrive\Documents\GitHub\HW-IP\fir\solution1\.autopilot\db\fir.pp.0.cpp:6476:7: warning: Added loop label VITIS_LOOP_125_3:   [xilinx-label-all-loops]
      for (unsigned int i = 0; i < 73 -1; i++){
      ^~~
      VITIS_LOOP_125_3: 
C:\Users\tsope\OneDrive\Documents\GitHub\HW-IP\fir\solution1\.autopilot\db\fir.pp.0.cpp:6476:7: note: FIX-IT applied suggested code changes
