
*** Running vivado
    with args -log design_1_auto_us_df_3.vds -m64 -product Vivado -mode batch -messageDb vivado.pb -notrace -source design_1_auto_us_df_3.tcl



****** Vivado v2022.2 (64-bit)
  **** SW Build 3671981 on Fri Oct 14 05:00:03 MDT 2022
  **** IP Build 3669848 on Fri Oct 14 08:30:02 MDT 2022
    ** Copyright 1986-2022 Xilinx, Inc. All Rights Reserved.

source design_1_auto_us_df_3.tcl -notrace
create_project: Time (s): cpu = 00:00:05 ; elapsed = 00:00:06 . Memory (MB): peak = 388.336 ; gain = 68.289
INFO: [IP_Flow 19-234] Refreshing IP repositories
INFO: [IP_Flow 19-1700] Loaded user IP repository 'c:/Users/tsope/OneDrive/Documents/GitHub/HW-IP/vector_add/solution2/impl/ip'.
INFO: [IP_Flow 19-1700] Loaded user IP repository 'c:/Users/tsope/OneDrive/Documents/GitHub/HW-IP/IP'.
INFO: [IP_Flow 19-2313] Loaded Vivado IP repository 'C:/Xilinx/Vivado/2022.2/data/ip'.
INFO: [IP_Flow 19-6924] IPCACHE: Running cache check for IP inst: design_1_auto_us_df_3
INFO: [IP_Flow 19-6922] IPCACHE: Exporting cached entry a9661f4bb173eb16 to dir: C:/Users/tsope/OneDrive/Documents/GitHub/HW-IP/vector_add/vadd/vadd.runs/design_1_auto_us_df_3_synth_1
INFO: [IP_Flow 19-6928] IPCACHE: copied cached file c:/Users/tsope/OneDrive/Documents/GitHub/HW-IP/vector_add/vadd/vadd.cache/ip/2022.2/a/9/a9661f4bb173eb16/design_1_auto_us_df_1.dcp to C:/Users/tsope/OneDrive/Documents/GitHub/HW-IP/vector_add/vadd/vadd.runs/design_1_auto_us_df_3_synth_1/design_1_auto_us_df_3.dcp.
INFO: [IP_Flow 19-6928] IPCACHE: copied cached file c:/Users/tsope/OneDrive/Documents/GitHub/HW-IP/vector_add/vadd/vadd.cache/ip/2022.2/a/9/a9661f4bb173eb16/design_1_auto_us_df_1_sim_netlist.v to C:/Users/tsope/OneDrive/Documents/GitHub/HW-IP/vector_add/vadd/vadd.runs/design_1_auto_us_df_3_synth_1/design_1_auto_us_df_3_sim_netlist.v.
INFO: [IP_Flow 19-6928] IPCACHE: copied cached file c:/Users/tsope/OneDrive/Documents/GitHub/HW-IP/vector_add/vadd/vadd.cache/ip/2022.2/a/9/a9661f4bb173eb16/design_1_auto_us_df_1_sim_netlist.vhdl to C:/Users/tsope/OneDrive/Documents/GitHub/HW-IP/vector_add/vadd/vadd.runs/design_1_auto_us_df_3_synth_1/design_1_auto_us_df_3_sim_netlist.vhdl.
INFO: [IP_Flow 19-6928] IPCACHE: copied cached file c:/Users/tsope/OneDrive/Documents/GitHub/HW-IP/vector_add/vadd/vadd.cache/ip/2022.2/a/9/a9661f4bb173eb16/design_1_auto_us_df_1_stub.v to C:/Users/tsope/OneDrive/Documents/GitHub/HW-IP/vector_add/vadd/vadd.runs/design_1_auto_us_df_3_synth_1/design_1_auto_us_df_3_stub.v.
INFO: [IP_Flow 19-6928] IPCACHE: copied cached file c:/Users/tsope/OneDrive/Documents/GitHub/HW-IP/vector_add/vadd/vadd.cache/ip/2022.2/a/9/a9661f4bb173eb16/design_1_auto_us_df_1_stub.vhdl to C:/Users/tsope/OneDrive/Documents/GitHub/HW-IP/vector_add/vadd/vadd.runs/design_1_auto_us_df_3_synth_1/design_1_auto_us_df_3_stub.vhdl.
INFO: [IP_Flow 19-4838] Using cached IP synthesis design for IP design_1_auto_us_df_3, cache-ID = a9661f4bb173eb16.
INFO: [Common 17-206] Exiting Vivado at Fri May  5 13:25:41 2023...
