C:\Users\tsope\OneDrive\Documents\GitHub\HW-IP\vector_add\solution2\.autopilot\db\vector_add.pp.0.cpp:6069:7: warning: Added loop label VITIS_LOOP_1211_1:   [xilinx-label-all-loops]
      for (i = 0; i < __N - 1; ++i) {
      ^~~
      VITIS_LOOP_1211_1: 
C:\Users\tsope\OneDrive\Documents\GitHub\HW-IP\vector_add\solution2\.autopilot\db\vector_add.pp.0.cpp:6069:7: note: FIX-IT applied suggested code changes
C:\Users\tsope\OneDrive\Documents\GitHub\HW-IP\vector_add\solution2\.autopilot\db\vector_add.pp.0.cpp:7043:5: warning: Added loop label VITIS_LOOP_676_1:   [xilinx-label-all-loops]
    for (unsigned i = low; i != high; ++i) {
    ^~~
    VITIS_LOOP_676_1: 
C:\Users\tsope\OneDrive\Documents\GitHub\HW-IP\vector_add\solution2\.autopilot\db\vector_add.pp.0.cpp:7043:5: note: FIX-IT applied suggested code changes
C:\Users\tsope\OneDrive\Documents\GitHub\HW-IP\vector_add\solution2\.autopilot\db\vector_add.pp.0.cpp:7057:5: warning: Added loop label VITIS_LOOP_690_1:   [xilinx-label-all-loops]
    for (unsigned i = low; i != high; ++i) {
    ^~~
    VITIS_LOOP_690_1: 
C:\Users\tsope\OneDrive\Documents\GitHub\HW-IP\vector_add\solution2\.autopilot\db\vector_add.pp.0.cpp:7057:5: note: FIX-IT applied suggested code changes
C:\Users\tsope\OneDrive\Documents\GitHub\HW-IP\vector_add\solution2\.autopilot\db\vector_add.pp.0.cpp:7071:5: warning: Added loop label VITIS_LOOP_704_1:   [xilinx-label-all-loops]
    for (unsigned i = low; i != high; ++i) {
    ^~~
    VITIS_LOOP_704_1: 
C:\Users\tsope\OneDrive\Documents\GitHub\HW-IP\vector_add\solution2\.autopilot\db\vector_add.pp.0.cpp:7071:5: note: FIX-IT applied suggested code changes
C:\Users\tsope\OneDrive\Documents\GitHub\HW-IP\vector_add\solution2\.autopilot\db\vector_add.pp.0.cpp:8670:7: warning: Added loop label VITIS_LOOP_1245_1:   [xilinx-label-all-loops]
      for (i = 0; i < __N - 1; ++i) {
      ^~~
      VITIS_LOOP_1245_1: 
C:\Users\tsope\OneDrive\Documents\GitHub\HW-IP\vector_add\solution2\.autopilot\db\vector_add.pp.0.cpp:8670:7: note: FIX-IT applied suggested code changes
C:\Users\tsope\OneDrive\Documents\GitHub\HW-IP\vector_add\solution2\.autopilot\db\vector_add.pp.0.cpp:12806:72: error: Invalid Directive: for current device, ROM_1P + LUTRAM is invalid combination for BIND_STORAGE's option 'type + impl' [clang-diagnostic-error]
#pragma HLS BIND_STORAGE variable=fourth_order_double::sin_cos_K0 type=ROM_1P impl=LUTRAM
                                                                       ^
C:\Users\tsope\OneDrive\Documents\GitHub\HW-IP\vector_add\solution2\.autopilot\db\vector_add.pp.0.cpp:12807:72: error: Invalid Directive: for current device, ROM_1P + LUTRAM is invalid combination for BIND_STORAGE's option 'type + impl' [clang-diagnostic-error]
#pragma HLS BIND_STORAGE variable=fourth_order_double::sin_cos_K1 type=ROM_1P impl=LUTRAM
                                                                       ^
C:\Users\tsope\OneDrive\Documents\GitHub\HW-IP\vector_add\solution2\.autopilot\db\vector_add.pp.0.cpp:12808:72: error: Invalid Directive: for current device, ROM_1P + LUTRAM is invalid combination for BIND_STORAGE's option 'type + impl' [clang-diagnostic-error]
#pragma HLS BIND_STORAGE variable=fourth_order_double::sin_cos_K2 type=ROM_1P impl=LUTRAM
                                                                       ^
C:\Users\tsope\OneDrive\Documents\GitHub\HW-IP\vector_add\solution2\.autopilot\db\vector_add.pp.0.cpp:12809:72: error: Invalid Directive: for current device, ROM_1P + LUTRAM is invalid combination for BIND_STORAGE's option 'type + impl' [clang-diagnostic-error]
#pragma HLS BIND_STORAGE variable=fourth_order_double::sin_cos_K3 type=ROM_1P impl=LUTRAM
                                                                       ^
C:\Users\tsope\OneDrive\Documents\GitHub\HW-IP\vector_add\solution2\.autopilot\db\vector_add.pp.0.cpp:12810:72: error: Invalid Directive: for current device, ROM_1P + LUTRAM is invalid combination for BIND_STORAGE's option 'type + impl' [clang-diagnostic-error]
#pragma HLS BIND_STORAGE variable=fourth_order_double::sin_cos_K4 type=ROM_1P impl=LUTRAM
                                                                       ^
C:\Users\tsope\OneDrive\Documents\GitHub\HW-IP\vector_add\solution2\.autopilot\db\vector_add.pp.0.cpp:12840:68: error: Invalid Directive: for current device, ROM_1P + LUTRAM is invalid combination for BIND_STORAGE's option 'type + impl' [clang-diagnostic-error]
#pragma HLS BIND_STORAGE variable=fourth_order_double::cos_K0 type=ROM_1P impl=LUTRAM
                                                                   ^
C:\Users\tsope\OneDrive\Documents\GitHub\HW-IP\vector_add\solution2\.autopilot\db\vector_add.pp.0.cpp:12841:68: error: Invalid Directive: for current device, ROM_1P + LUTRAM is invalid combination for BIND_STORAGE's option 'type + impl' [clang-diagnostic-error]
#pragma HLS BIND_STORAGE variable=fourth_order_double::cos_K1 type=ROM_1P impl=LUTRAM
                                                                   ^
C:\Users\tsope\OneDrive\Documents\GitHub\HW-IP\vector_add\solution2\.autopilot\db\vector_add.pp.0.cpp:12842:68: error: Invalid Directive: for current device, ROM_1P + LUTRAM is invalid combination for BIND_STORAGE's option 'type + impl' [clang-diagnostic-error]
#pragma HLS BIND_STORAGE variable=fourth_order_double::cos_K2 type=ROM_1P impl=LUTRAM
                                                                   ^
C:\Users\tsope\OneDrive\Documents\GitHub\HW-IP\vector_add\solution2\.autopilot\db\vector_add.pp.0.cpp:12843:68: error: Invalid Directive: for current device, ROM_1P + LUTRAM is invalid combination for BIND_STORAGE's option 'type + impl' [clang-diagnostic-error]
#pragma HLS BIND_STORAGE variable=fourth_order_double::cos_K3 type=ROM_1P impl=LUTRAM
                                                                   ^
C:\Users\tsope\OneDrive\Documents\GitHub\HW-IP\vector_add\solution2\.autopilot\db\vector_add.pp.0.cpp:12844:68: error: Invalid Directive: for current device, ROM_1P + LUTRAM is invalid combination for BIND_STORAGE's option 'type + impl' [clang-diagnostic-error]
#pragma HLS BIND_STORAGE variable=fourth_order_double::cos_K4 type=ROM_1P impl=LUTRAM
                                                                   ^
C:\Users\tsope\OneDrive\Documents\GitHub\HW-IP\vector_add\solution2\.autopilot\db\vector_add.pp.0.cpp:12845:68: error: Invalid Directive: for current device, ROM_1P + LUTRAM is invalid combination for BIND_STORAGE's option 'type + impl' [clang-diagnostic-error]
#pragma HLS BIND_STORAGE variable=fourth_order_double::sin_K0 type=ROM_1P impl=LUTRAM
                                                                   ^
C:\Users\tsope\OneDrive\Documents\GitHub\HW-IP\vector_add\solution2\.autopilot\db\vector_add.pp.0.cpp:12846:68: error: Invalid Directive: for current device, ROM_1P + LUTRAM is invalid combination for BIND_STORAGE's option 'type + impl' [clang-diagnostic-error]
#pragma HLS BIND_STORAGE variable=fourth_order_double::sin_K1 type=ROM_1P impl=LUTRAM
                                                                   ^
C:\Users\tsope\OneDrive\Documents\GitHub\HW-IP\vector_add\solution2\.autopilot\db\vector_add.pp.0.cpp:12847:68: error: Invalid Directive: for current device, ROM_1P + LUTRAM is invalid combination for BIND_STORAGE's option 'type + impl' [clang-diagnostic-error]
#pragma HLS BIND_STORAGE variable=fourth_order_double::sin_K2 type=ROM_1P impl=LUTRAM
                                                                   ^
C:\Users\tsope\OneDrive\Documents\GitHub\HW-IP\vector_add\solution2\.autopilot\db\vector_add.pp.0.cpp:12848:68: error: Invalid Directive: for current device, ROM_1P + LUTRAM is invalid combination for BIND_STORAGE's option 'type + impl' [clang-diagnostic-error]
#pragma HLS BIND_STORAGE variable=fourth_order_double::sin_K3 type=ROM_1P impl=LUTRAM
                                                                   ^
C:\Users\tsope\OneDrive\Documents\GitHub\HW-IP\vector_add\solution2\.autopilot\db\vector_add.pp.0.cpp:12849:68: error: Invalid Directive: for current device, ROM_1P + LUTRAM is invalid combination for BIND_STORAGE's option 'type + impl' [clang-diagnostic-error]
#pragma HLS BIND_STORAGE variable=fourth_order_double::sin_K4 type=ROM_1P impl=LUTRAM
                                                                   ^
C:\Users\tsope\OneDrive\Documents\GitHub\HW-IP\vector_add\solution2\.autopilot\db\vector_add.pp.0.cpp:12899:71: error: Invalid Directive: for current device, ROM_1P + LUTRAM is invalid combination for BIND_STORAGE's option 'type + impl' [clang-diagnostic-error]
#pragma HLS BIND_STORAGE variable=second_order_float::sin_cos_K0 type=ROM_1P impl=LUTRAM
                                                                      ^
C:\Users\tsope\OneDrive\Documents\GitHub\HW-IP\vector_add\solution2\.autopilot\db\vector_add.pp.0.cpp:12900:71: error: Invalid Directive: for current device, ROM_1P + LUTRAM is invalid combination for BIND_STORAGE's option 'type + impl' [clang-diagnostic-error]
#pragma HLS BIND_STORAGE variable=second_order_float::sin_cos_K1 type=ROM_1P impl=LUTRAM
                                                                      ^
C:\Users\tsope\OneDrive\Documents\GitHub\HW-IP\vector_add\solution2\.autopilot\db\vector_add.pp.0.cpp:12901:71: error: Invalid Directive: for current device, ROM_1P + LUTRAM is invalid combination for BIND_STORAGE's option 'type + impl' [clang-diagnostic-error]
#pragma HLS BIND_STORAGE variable=second_order_float::sin_cos_K2 type=ROM_1P impl=LUTRAM
                                                                      ^
C:\Users\tsope\OneDrive\Documents\GitHub\HW-IP\vector_add\solution2\.autopilot\db\vector_add.pp.0.cpp:12928:67: error: Invalid Directive: for current device, ROM_1P + LUTRAM is invalid combination for BIND_STORAGE's option 'type + impl' [clang-diagnostic-error]
#pragma HLS BIND_STORAGE variable=second_order_float::cos_K0 type=ROM_1P impl=LUTRAM
                                                                  ^
C:\Users\tsope\OneDrive\Documents\GitHub\HW-IP\vector_add\solution2\.autopilot\db\vector_add.pp.0.cpp:12929:67: error: Invalid Directive: for current device, ROM_1P + LUTRAM is invalid combination for BIND_STORAGE's option 'type + impl' [clang-diagnostic-error]
#pragma HLS BIND_STORAGE variable=second_order_float::cos_K1 type=ROM_1P impl=LUTRAM
                                                                  ^
C:\Users\tsope\OneDrive\Documents\GitHub\HW-IP\vector_add\solution2\.autopilot\db\vector_add.pp.0.cpp:12930:67: error: Invalid Directive: for current device, ROM_1P + LUTRAM is invalid combination for BIND_STORAGE's option 'type + impl' [clang-diagnostic-error]
#pragma HLS BIND_STORAGE variable=second_order_float::cos_K2 type=ROM_1P impl=LUTRAM
                                                                  ^
C:\Users\tsope\OneDrive\Documents\GitHub\HW-IP\vector_add\solution2\.autopilot\db\vector_add.pp.0.cpp:12931:67: error: Invalid Directive: for current device, ROM_1P + LUTRAM is invalid combination for BIND_STORAGE's option 'type + impl' [clang-diagnostic-error]
#pragma HLS BIND_STORAGE variable=second_order_float::sin_K0 type=ROM_1P impl=LUTRAM
                                                                  ^
C:\Users\tsope\OneDrive\Documents\GitHub\HW-IP\vector_add\solution2\.autopilot\db\vector_add.pp.0.cpp:12932:67: error: Invalid Directive: for current device, ROM_1P + LUTRAM is invalid combination for BIND_STORAGE's option 'type + impl' [clang-diagnostic-error]
#pragma HLS BIND_STORAGE variable=second_order_float::sin_K1 type=ROM_1P impl=LUTRAM
                                                                  ^
C:\Users\tsope\OneDrive\Documents\GitHub\HW-IP\vector_add\solution2\.autopilot\db\vector_add.pp.0.cpp:12933:67: error: Invalid Directive: for current device, ROM_1P + LUTRAM is invalid combination for BIND_STORAGE's option 'type + impl' [clang-diagnostic-error]
#pragma HLS BIND_STORAGE variable=second_order_float::sin_K2 type=ROM_1P impl=LUTRAM
                                                                  ^
C:\Users\tsope\OneDrive\Documents\GitHub\HW-IP\vector_add\solution2\.autopilot\db\vector_add.pp.0.cpp:12969:73: error: Invalid Directive: for current device, ROM_1P + LUTRAM is invalid combination for BIND_STORAGE's option 'type + impl' [clang-diagnostic-error]
#pragma HLS BIND_STORAGE variable=first_order_fixed_16::sin_cos_K0 type=ROM_1P impl=LUTRAM
                                                                        ^
C:\Users\tsope\OneDrive\Documents\GitHub\HW-IP\vector_add\solution2\.autopilot\db\vector_add.pp.0.cpp:12970:73: error: Invalid Directive: for current device, ROM_1P + LUTRAM is invalid combination for BIND_STORAGE's option 'type + impl' [clang-diagnostic-error]
#pragma HLS BIND_STORAGE variable=first_order_fixed_16::sin_cos_K1 type=ROM_1P impl=LUTRAM
                                                                        ^
C:\Users\tsope\OneDrive\Documents\GitHub\HW-IP\vector_add\solution2\.autopilot\db\vector_add.pp.0.cpp:13244:5: warning: Added loop label VITIS_LOOP_87_1:   [xilinx-label-all-loops]
    for (int n=0; n<Nmax; n++){
    ^~~
    VITIS_LOOP_87_1: 
C:\Users\tsope\OneDrive\Documents\GitHub\HW-IP\vector_add\solution2\.autopilot\db\vector_add.pp.0.cpp:13244:5: note: FIX-IT applied suggested code changes
C:\Users\tsope\OneDrive\Documents\GitHub\HW-IP\vector_add\solution2\.autopilot\db\vector_add.pp.0.cpp:13290:5: warning: Added loop label VITIS_LOOP_143_1:   [xilinx-label-all-loops]
    for (int n=0; n<Nmax; n++){
    ^~~
    VITIS_LOOP_143_1: 
C:\Users\tsope\OneDrive\Documents\GitHub\HW-IP\vector_add\solution2\.autopilot\db\vector_add.pp.0.cpp:13290:5: note: FIX-IT applied suggested code changes
C:\Users\tsope\OneDrive\Documents\GitHub\HW-IP\vector_add\solution2\.autopilot\db\vector_add.pp.0.cpp:13453:9: warning: Added loop label VITIS_LOOP_315_1:   [xilinx-label-all-loops]
        for(int i=0;i<W-1;i++){
        ^~~
        VITIS_LOOP_315_1: 
C:\Users\tsope\OneDrive\Documents\GitHub\HW-IP\vector_add\solution2\.autopilot\db\vector_add.pp.0.cpp:13453:9: note: FIX-IT applied suggested code changes
C:\Users\tsope\OneDrive\Documents\GitHub\HW-IP\vector_add\solution2\.autopilot\db\vector_add.pp.0.cpp:13605:9: warning: Added loop label VITIS_LOOP_475_1:   [xilinx-label-all-loops]
        for(int i=0;i<W-1;i++){
        ^~~
        VITIS_LOOP_475_1: 
C:\Users\tsope\OneDrive\Documents\GitHub\HW-IP\vector_add\solution2\.autopilot\db\vector_add.pp.0.cpp:13605:9: note: FIX-IT applied suggested code changes
C:\Users\tsope\OneDrive\Documents\GitHub\HW-IP\vector_add\solution2\.autopilot\db\vector_add.pp.0.cpp:13785:5: warning: Added loop label VITIS_LOOP_655_1:   [xilinx-label-all-loops]
    for(int i=0;i<W+1;i++){
    ^~~
    VITIS_LOOP_655_1: 
C:\Users\tsope\OneDrive\Documents\GitHub\HW-IP\vector_add\solution2\.autopilot\db\vector_add.pp.0.cpp:13785:5: note: FIX-IT applied suggested code changes
C:\Users\tsope\OneDrive\Documents\GitHub\HW-IP\vector_add\solution2\.autopilot\db\vector_add.pp.0.cpp:13789:5: warning: Added loop label VITIS_LOOP_659_2:   [xilinx-label-all-loops]
    for(int i=0;i<W+1;i++){
    ^~~
    VITIS_LOOP_659_2: 
C:\Users\tsope\OneDrive\Documents\GitHub\HW-IP\vector_add\solution2\.autopilot\db\vector_add.pp.0.cpp:13789:5: note: FIX-IT applied suggested code changes
C:\Users\tsope\OneDrive\Documents\GitHub\HW-IP\vector_add\solution2\.autopilot\db\vector_add.pp.0.cpp:13899:5: warning: Added loop label VITIS_LOOP_769_1:   [xilinx-label-all-loops]
    for (int n=0; n<Nmax; n++){
    ^~~
    VITIS_LOOP_769_1: 
C:\Users\tsope\OneDrive\Documents\GitHub\HW-IP\vector_add\solution2\.autopilot\db\vector_add.pp.0.cpp:13899:5: note: FIX-IT applied suggested code changes
C:\Users\tsope\OneDrive\Documents\GitHub\HW-IP\vector_add\solution2\.autopilot\db\vector_add.pp.0.cpp:13989:7: warning: Added loop label VITIS_LOOP_866_1:   [xilinx-label-all-loops]
      for(int i=0;i<W-1;i++){
      ^~~
      VITIS_LOOP_866_1: 
C:\Users\tsope\OneDrive\Documents\GitHub\HW-IP\vector_add\solution2\.autopilot\db\vector_add.pp.0.cpp:13989:7: note: FIX-IT applied suggested code changes
C:\Users\tsope\OneDrive\Documents\GitHub\HW-IP\vector_add\solution2\.autopilot\db\vector_add.pp.0.cpp:14008:7: warning: Added loop label VITIS_LOOP_885_2:   [xilinx-label-all-loops]
      for(int i=0;i<W-1;i++){
      ^~~
      VITIS_LOOP_885_2: 
C:\Users\tsope\OneDrive\Documents\GitHub\HW-IP\vector_add\solution2\.autopilot\db\vector_add.pp.0.cpp:14008:7: note: FIX-IT applied suggested code changes
C:\Users\tsope\OneDrive\Documents\GitHub\HW-IP\vector_add\solution2\.autopilot\db\vector_add.pp.0.cpp:14298:5: warning: Added loop label VITIS_LOOP_1199_1:   [xilinx-label-all-loops]
    for(int i=0; i<Nmax; i++) {
    ^~~
    VITIS_LOOP_1199_1: 
C:\Users\tsope\OneDrive\Documents\GitHub\HW-IP\vector_add\solution2\.autopilot\db\vector_add.pp.0.cpp:14298:5: note: FIX-IT applied suggested code changes
C:\Users\tsope\OneDrive\Documents\GitHub\HW-IP\vector_add\solution2\.autopilot\db\vector_add.pp.0.cpp:14381:5: warning: Added loop label VITIS_LOOP_1282_1:   [xilinx-label-all-loops]
    for(int i=0; i<Nmax; i++) {
    ^~~
    VITIS_LOOP_1282_1: 
C:\Users\tsope\OneDrive\Documents\GitHub\HW-IP\vector_add\solution2\.autopilot\db\vector_add.pp.0.cpp:14381:5: note: FIX-IT applied suggested code changes
C:\Users\tsope\OneDrive\Documents\GitHub\HW-IP\vector_add\solution2\.autopilot\db\vector_add.pp.0.cpp:14787:13: warning: Added loop label VITIS_LOOP_94_1:   [xilinx-label-all-loops]
            for (int j = 3; j >= I_+1; j--) {
            ^~~
            VITIS_LOOP_94_1: 
C:\Users\tsope\OneDrive\Documents\GitHub\HW-IP\vector_add\solution2\.autopilot\db\vector_add.pp.0.cpp:14787:13: note: FIX-IT applied suggested code changes
C:\Users\tsope\OneDrive\Documents\GitHub\HW-IP\vector_add\solution2\.autopilot\db\vector_add.pp.0.cpp:14793:17: warning: Added loop label VITIS_LOOP_100_2:   [xilinx-label-all-loops]
                for (int j = 3; j >= I_+1; j--){
                ^~~
                VITIS_LOOP_100_2: 
C:\Users\tsope\OneDrive\Documents\GitHub\HW-IP\vector_add\solution2\.autopilot\db\vector_add.pp.0.cpp:14793:17: note: FIX-IT applied suggested code changes
C:\Users\tsope\OneDrive\Documents\GitHub\HW-IP\vector_add\solution2\.autopilot\db\vector_add.pp.0.cpp:14797:17: warning: Added loop label VITIS_LOOP_104_3:   [xilinx-label-all-loops]
                for (int j = I_; j >= 0; j--){
                ^~~
                VITIS_LOOP_104_3: 
C:\Users\tsope\OneDrive\Documents\GitHub\HW-IP\vector_add\solution2\.autopilot\db\vector_add.pp.0.cpp:14797:17: note: FIX-IT applied suggested code changes
C:\Users\tsope\OneDrive\Documents\GitHub\HW-IP\vector_add\solution2\.autopilot\db\vector_add.pp.0.cpp:14845:13: warning: Added loop label VITIS_LOOP_171_4:   [xilinx-label-all-loops]
            for (int j = 9; j >= I_+4; j--) {
            ^~~
            VITIS_LOOP_171_4: 
C:\Users\tsope\OneDrive\Documents\GitHub\HW-IP\vector_add\solution2\.autopilot\db\vector_add.pp.0.cpp:14845:13: note: FIX-IT applied suggested code changes
C:\Users\tsope\OneDrive\Documents\GitHub\HW-IP\vector_add\solution2\.autopilot\db\vector_add.pp.0.cpp:14851:17: warning: Added loop label VITIS_LOOP_177_5:   [xilinx-label-all-loops]
                for (int j = 9; j >= I_+4; j--){
                ^~~
                VITIS_LOOP_177_5: 
C:\Users\tsope\OneDrive\Documents\GitHub\HW-IP\vector_add\solution2\.autopilot\db\vector_add.pp.0.cpp:14851:17: note: FIX-IT applied suggested code changes
C:\Users\tsope\OneDrive\Documents\GitHub\HW-IP\vector_add\solution2\.autopilot\db\vector_add.pp.0.cpp:14855:17: warning: Added loop label VITIS_LOOP_181_6:   [xilinx-label-all-loops]
                for (int j = I_+3; j >= 0; j--){
                ^~~
                VITIS_LOOP_181_6: 
C:\Users\tsope\OneDrive\Documents\GitHub\HW-IP\vector_add\solution2\.autopilot\db\vector_add.pp.0.cpp:14855:17: note: FIX-IT applied suggested code changes
C:\Users\tsope\OneDrive\Documents\GitHub\HW-IP\vector_add\solution2\.autopilot\db\vector_add.pp.0.cpp:14870:9: warning: Added loop label VITIS_LOOP_196_7:   [xilinx-label-all-loops]
        for (int j = 14; j < 22; j++){
        ^~~
        VITIS_LOOP_196_7: 
C:\Users\tsope\OneDrive\Documents\GitHub\HW-IP\vector_add\solution2\.autopilot\db\vector_add.pp.0.cpp:14870:9: note: FIX-IT applied suggested code changes
C:\Users\tsope\OneDrive\Documents\GitHub\HW-IP\vector_add\solution2\.autopilot\db\vector_add.pp.0.cpp:14878:17: warning: Added loop label VITIS_LOOP_204_8:   [xilinx-label-all-loops]
                for (int j = 0; j < 22; j++){
                ^~~
                VITIS_LOOP_204_8: 
C:\Users\tsope\OneDrive\Documents\GitHub\HW-IP\vector_add\solution2\.autopilot\db\vector_add.pp.0.cpp:14878:17: note: FIX-IT applied suggested code changes
C:\Users\tsope\OneDrive\Documents\GitHub\HW-IP\vector_add\solution2\.autopilot\db\vector_add.pp.0.cpp:14943:13: warning: Added loop label VITIS_LOOP_269_9:   [xilinx-label-all-loops]
            for (int j = 21; j >= I_+10; j--) {
            ^~~
            VITIS_LOOP_269_9: 
C:\Users\tsope\OneDrive\Documents\GitHub\HW-IP\vector_add\solution2\.autopilot\db\vector_add.pp.0.cpp:14943:13: note: FIX-IT applied suggested code changes
C:\Users\tsope\OneDrive\Documents\GitHub\HW-IP\vector_add\solution2\.autopilot\db\vector_add.pp.0.cpp:14949:17: warning: Added loop label VITIS_LOOP_275_10:   [xilinx-label-all-loops]
                for (int j = 21; j >= I_+10; j--) {
                ^~~
                VITIS_LOOP_275_10: 
C:\Users\tsope\OneDrive\Documents\GitHub\HW-IP\vector_add\solution2\.autopilot\db\vector_add.pp.0.cpp:14949:17: note: FIX-IT applied suggested code changes
C:\Users\tsope\OneDrive\Documents\GitHub\HW-IP\vector_add\solution2\.autopilot\db\vector_add.pp.0.cpp:14953:17: warning: Added loop label VITIS_LOOP_279_11:   [xilinx-label-all-loops]
                for (int j = I_+9; j >= 0; j--) {
                ^~~
                VITIS_LOOP_279_11: 
C:\Users\tsope\OneDrive\Documents\GitHub\HW-IP\vector_add\solution2\.autopilot\db\vector_add.pp.0.cpp:14953:17: note: FIX-IT applied suggested code changes
C:\Users\tsope\OneDrive\Documents\GitHub\HW-IP\vector_add\solution2\.autopilot\db\vector_add.pp.0.cpp:14968:9: warning: Added loop label VITIS_LOOP_294_12:   [xilinx-label-all-loops]
        for (int j = 27; j < 46; j++){
        ^~~
        VITIS_LOOP_294_12: 
C:\Users\tsope\OneDrive\Documents\GitHub\HW-IP\vector_add\solution2\.autopilot\db\vector_add.pp.0.cpp:14968:9: note: FIX-IT applied suggested code changes
C:\Users\tsope\OneDrive\Documents\GitHub\HW-IP\vector_add\solution2\.autopilot\db\vector_add.pp.0.cpp:14976:17: warning: Added loop label VITIS_LOOP_302_13:   [xilinx-label-all-loops]
                for (int j = 0; j < 46; j++) {
                ^~~
                VITIS_LOOP_302_13: 
C:\Users\tsope\OneDrive\Documents\GitHub\HW-IP\vector_add\solution2\.autopilot\db\vector_add.pp.0.cpp:14976:17: note: FIX-IT applied suggested code changes
C:\Users\tsope\OneDrive\Documents\GitHub\HW-IP\vector_add\solution2\.autopilot\db\vector_add.pp.0.cpp:15205:13: warning: Added loop label VITIS_LOOP_531_14:   [xilinx-label-all-loops]
            for (int j = 45; j >= I_+22; j--) {
            ^~~
            VITIS_LOOP_531_14: 
C:\Users\tsope\OneDrive\Documents\GitHub\HW-IP\vector_add\solution2\.autopilot\db\vector_add.pp.0.cpp:15205:13: note: FIX-IT applied suggested code changes
C:\Users\tsope\OneDrive\Documents\GitHub\HW-IP\vector_add\solution2\.autopilot\db\vector_add.pp.0.cpp:15211:17: warning: Added loop label VITIS_LOOP_537_15:   [xilinx-label-all-loops]
                for (int j = 45; j >= I_+22; j--){
                ^~~
                VITIS_LOOP_537_15: 
C:\Users\tsope\OneDrive\Documents\GitHub\HW-IP\vector_add\solution2\.autopilot\db\vector_add.pp.0.cpp:15211:17: note: FIX-IT applied suggested code changes
C:\Users\tsope\OneDrive\Documents\GitHub\HW-IP\vector_add\solution2\.autopilot\db\vector_add.pp.0.cpp:15215:17: warning: Added loop label VITIS_LOOP_541_16:   [xilinx-label-all-loops]
                for (int j = I_+21; j >= 0; j--) {
                ^~~
                VITIS_LOOP_541_16: 
C:\Users\tsope\OneDrive\Documents\GitHub\HW-IP\vector_add\solution2\.autopilot\db\vector_add.pp.0.cpp:15215:17: note: FIX-IT applied suggested code changes
C:\Users\tsope\OneDrive\Documents\GitHub\HW-IP\vector_add\solution2\.autopilot\db\vector_add.pp.0.cpp:15225:9: warning: Added loop label VITIS_LOOP_551_17:   [xilinx-label-all-loops]
        for (int j = 32-F_; j < 32+I_; j++){
        ^~~
        VITIS_LOOP_551_17: 
C:\Users\tsope\OneDrive\Documents\GitHub\HW-IP\vector_add\solution2\.autopilot\db\vector_add.pp.0.cpp:15225:9: note: FIX-IT applied suggested code changes
C:\Users\tsope\OneDrive\Documents\GitHub\HW-IP\vector_add\solution2\.autopilot\db\vector_add.pp.0.cpp:15229:9: warning: Added loop label VITIS_LOOP_555_18:   [xilinx-label-all-loops]
        for (int j = 32+I_; j <= 64; j++){
        ^~~
        VITIS_LOOP_555_18: 
C:\Users\tsope\OneDrive\Documents\GitHub\HW-IP\vector_add\solution2\.autopilot\db\vector_add.pp.0.cpp:15229:9: note: FIX-IT applied suggested code changes
C:\Users\tsope\OneDrive\Documents\GitHub\HW-IP\vector_add\solution2\.autopilot\db\vector_add.pp.0.cpp:15239:9: warning: Added loop label VITIS_LOOP_565_19:   [xilinx-label-all-loops]
        for (int j = 37; j < 64; j++) {
        ^~~
        VITIS_LOOP_565_19: 
C:\Users\tsope\OneDrive\Documents\GitHub\HW-IP\vector_add\solution2\.autopilot\db\vector_add.pp.0.cpp:15239:9: note: FIX-IT applied suggested code changes
C:\Users\tsope\OneDrive\Documents\GitHub\HW-IP\vector_add\solution2\.autopilot\db\vector_add.pp.0.cpp:15247:17: warning: Added loop label VITIS_LOOP_573_20:   [xilinx-label-all-loops]
                for (int j = 0; j < 64; j++){
                ^~~
                VITIS_LOOP_573_20: 
C:\Users\tsope\OneDrive\Documents\GitHub\HW-IP\vector_add\solution2\.autopilot\db\vector_add.pp.0.cpp:15247:17: note: FIX-IT applied suggested code changes
C:\Users\tsope\OneDrive\Documents\GitHub\HW-IP\vector_add\solution2\.autopilot\db\vector_add.pp.0.cpp:15608:13: warning: Added loop label VITIS_LOOP_934_21:   [xilinx-label-all-loops]
            for (int j = 63; j >= I_+31; j--) {
            ^~~
            VITIS_LOOP_934_21: 
C:\Users\tsope\OneDrive\Documents\GitHub\HW-IP\vector_add\solution2\.autopilot\db\vector_add.pp.0.cpp:15608:13: note: FIX-IT applied suggested code changes
C:\Users\tsope\OneDrive\Documents\GitHub\HW-IP\vector_add\solution2\.autopilot\db\vector_add.pp.0.cpp:15614:17: warning: Added loop label VITIS_LOOP_940_22:   [xilinx-label-all-loops]
                for (int j = 63; j >= I_+31; j--) {
                ^~~
                VITIS_LOOP_940_22: 
C:\Users\tsope\OneDrive\Documents\GitHub\HW-IP\vector_add\solution2\.autopilot\db\vector_add.pp.0.cpp:15614:17: note: FIX-IT applied suggested code changes
C:\Users\tsope\OneDrive\Documents\GitHub\HW-IP\vector_add\solution2\.autopilot\db\vector_add.pp.0.cpp:15618:17: warning: Added loop label VITIS_LOOP_944_23:   [xilinx-label-all-loops]
                for (int j = I_+30; j >= 0; j--) {
                ^~~
                VITIS_LOOP_944_23: 
C:\Users\tsope\OneDrive\Documents\GitHub\HW-IP\vector_add\solution2\.autopilot\db\vector_add.pp.0.cpp:15618:17: note: FIX-IT applied suggested code changes
C:\Users\tsope\OneDrive\Documents\GitHub\HW-IP\vector_add\solution2\.autopilot\db\vector_add.pp.0.cpp:15734:13: warning: Added loop label VITIS_LOOP_1060_1:   [xilinx-label-all-loops]
            for (int j = 4; j >= I_+1; j--) {
            ^~~
            VITIS_LOOP_1060_1: 
C:\Users\tsope\OneDrive\Documents\GitHub\HW-IP\vector_add\solution2\.autopilot\db\vector_add.pp.0.cpp:15734:13: note: FIX-IT applied suggested code changes
C:\Users\tsope\OneDrive\Documents\GitHub\HW-IP\vector_add\solution2\.autopilot\db\vector_add.pp.0.cpp:15740:17: warning: Added loop label VITIS_LOOP_1066_2:   [xilinx-label-all-loops]
                for (int j = 4; j >= I_+1; j--) {
                ^~~
                VITIS_LOOP_1066_2: 
C:\Users\tsope\OneDrive\Documents\GitHub\HW-IP\vector_add\solution2\.autopilot\db\vector_add.pp.0.cpp:15740:17: note: FIX-IT applied suggested code changes
C:\Users\tsope\OneDrive\Documents\GitHub\HW-IP\vector_add\solution2\.autopilot\db\vector_add.pp.0.cpp:15744:17: warning: Added loop label VITIS_LOOP_1070_3:   [xilinx-label-all-loops]
                for (int j = I_; j >= 0; j--) {
                ^~~
                VITIS_LOOP_1070_3: 
C:\Users\tsope\OneDrive\Documents\GitHub\HW-IP\vector_add\solution2\.autopilot\db\vector_add.pp.0.cpp:15744:17: note: FIX-IT applied suggested code changes
C:\Users\tsope\OneDrive\Documents\GitHub\HW-IP\vector_add\solution2\.autopilot\db\vector_add.pp.0.cpp:15831:13: warning: Added loop label VITIS_LOOP_1157_4:   [xilinx-label-all-loops]
            for (int j = 10; j >= I_+4; j--) {
            ^~~
            VITIS_LOOP_1157_4: 
C:\Users\tsope\OneDrive\Documents\GitHub\HW-IP\vector_add\solution2\.autopilot\db\vector_add.pp.0.cpp:15831:13: note: FIX-IT applied suggested code changes
C:\Users\tsope\OneDrive\Documents\GitHub\HW-IP\vector_add\solution2\.autopilot\db\vector_add.pp.0.cpp:15837:17: warning: Added loop label VITIS_LOOP_1163_5:   [xilinx-label-all-loops]
                for (int j = 10; j >= I_+4; j--) {
                ^~~
                VITIS_LOOP_1163_5: 
C:\Users\tsope\OneDrive\Documents\GitHub\HW-IP\vector_add\solution2\.autopilot\db\vector_add.pp.0.cpp:15837:17: note: FIX-IT applied suggested code changes
C:\Users\tsope\OneDrive\Documents\GitHub\HW-IP\vector_add\solution2\.autopilot\db\vector_add.pp.0.cpp:15841:17: warning: Added loop label VITIS_LOOP_1167_6:   [xilinx-label-all-loops]
                for (int j = I_+3; j >= 0; j--) {
                ^~~
                VITIS_LOOP_1167_6: 
C:\Users\tsope\OneDrive\Documents\GitHub\HW-IP\vector_add\solution2\.autopilot\db\vector_add.pp.0.cpp:15841:17: note: FIX-IT applied suggested code changes
C:\Users\tsope\OneDrive\Documents\GitHub\HW-IP\vector_add\solution2\.autopilot\db\vector_add.pp.0.cpp:15860:9: warning: Added loop label VITIS_LOOP_1186_7:   [xilinx-label-all-loops]
        for (int j = wf+3; j < w-1; j++) {
        ^~~
        VITIS_LOOP_1186_7: 
C:\Users\tsope\OneDrive\Documents\GitHub\HW-IP\vector_add\solution2\.autopilot\db\vector_add.pp.0.cpp:15860:9: note: FIX-IT applied suggested code changes
C:\Users\tsope\OneDrive\Documents\GitHub\HW-IP\vector_add\solution2\.autopilot\db\vector_add.pp.0.cpp:15867:17: warning: Added loop label VITIS_LOOP_1193_8:   [xilinx-label-all-loops]
                for (int j = 0; j < 22; j++) {
                ^~~
                VITIS_LOOP_1193_8: 
C:\Users\tsope\OneDrive\Documents\GitHub\HW-IP\vector_add\solution2\.autopilot\db\vector_add.pp.0.cpp:15867:17: note: FIX-IT applied suggested code changes
C:\Users\tsope\OneDrive\Documents\GitHub\HW-IP\vector_add\solution2\.autopilot\db\vector_add.pp.0.cpp:15983:13: warning: Added loop label VITIS_LOOP_1309_9:   [xilinx-label-all-loops]
            for (int j = 22; j >= I_+10; j--) {
            ^~~
            VITIS_LOOP_1309_9: 
C:\Users\tsope\OneDrive\Documents\GitHub\HW-IP\vector_add\solution2\.autopilot\db\vector_add.pp.0.cpp:15983:13: note: FIX-IT applied suggested code changes
C:\Users\tsope\OneDrive\Documents\GitHub\HW-IP\vector_add\solution2\.autopilot\db\vector_add.pp.0.cpp:15989:17: warning: Added loop label VITIS_LOOP_1315_10:   [xilinx-label-all-loops]
                for (int j = 22; j >= I_+10; j--){
                ^~~
                VITIS_LOOP_1315_10: 
C:\Users\tsope\OneDrive\Documents\GitHub\HW-IP\vector_add\solution2\.autopilot\db\vector_add.pp.0.cpp:15989:17: note: FIX-IT applied suggested code changes
C:\Users\tsope\OneDrive\Documents\GitHub\HW-IP\vector_add\solution2\.autopilot\db\vector_add.pp.0.cpp:15993:17: warning: Added loop label VITIS_LOOP_1319_11:   [xilinx-label-all-loops]
                for (int j = I_+9; j >= 0; j--) {
                ^~~
                VITIS_LOOP_1319_11: 
C:\Users\tsope\OneDrive\Documents\GitHub\HW-IP\vector_add\solution2\.autopilot\db\vector_add.pp.0.cpp:15993:17: note: FIX-IT applied suggested code changes
C:\Users\tsope\OneDrive\Documents\GitHub\HW-IP\vector_add\solution2\.autopilot\db\vector_add.pp.0.cpp:16013:9: warning: Added loop label VITIS_LOOP_1339_12:   [xilinx-label-all-loops]
        for (int j = wf+4; j < w-1; j++){
        ^~~
        VITIS_LOOP_1339_12: 
C:\Users\tsope\OneDrive\Documents\GitHub\HW-IP\vector_add\solution2\.autopilot\db\vector_add.pp.0.cpp:16013:9: note: FIX-IT applied suggested code changes
C:\Users\tsope\OneDrive\Documents\GitHub\HW-IP\vector_add\solution2\.autopilot\db\vector_add.pp.0.cpp:16020:17: warning: Added loop label VITIS_LOOP_1346_13:   [xilinx-label-all-loops]
                for (int j = 0; j < 46; j++) {
                ^~~
                VITIS_LOOP_1346_13: 
C:\Users\tsope\OneDrive\Documents\GitHub\HW-IP\vector_add\solution2\.autopilot\db\vector_add.pp.0.cpp:16020:17: note: FIX-IT applied suggested code changes
C:\Users\tsope\OneDrive\Documents\GitHub\HW-IP\vector_add\solution2\.autopilot\db\vector_add.pp.0.cpp:16282:13: warning: Added loop label VITIS_LOOP_1608_14:   [xilinx-label-all-loops]
            for (int j = 46; j >= I_+22; j--) {
            ^~~
            VITIS_LOOP_1608_14: 
C:\Users\tsope\OneDrive\Documents\GitHub\HW-IP\vector_add\solution2\.autopilot\db\vector_add.pp.0.cpp:16282:13: note: FIX-IT applied suggested code changes
C:\Users\tsope\OneDrive\Documents\GitHub\HW-IP\vector_add\solution2\.autopilot\db\vector_add.pp.0.cpp:16288:17: warning: Added loop label VITIS_LOOP_1614_15:   [xilinx-label-all-loops]
                for (int j = 46; j >= I_+22; j--) {
                ^~~
                VITIS_LOOP_1614_15: 
C:\Users\tsope\OneDrive\Documents\GitHub\HW-IP\vector_add\solution2\.autopilot\db\vector_add.pp.0.cpp:16288:17: note: FIX-IT applied suggested code changes
C:\Users\tsope\OneDrive\Documents\GitHub\HW-IP\vector_add\solution2\.autopilot\db\vector_add.pp.0.cpp:16292:17: warning: Added loop label VITIS_LOOP_1618_16:   [xilinx-label-all-loops]
                for (int j = I_+21; j >= 0; j--) {
                ^~~
                VITIS_LOOP_1618_16: 
C:\Users\tsope\OneDrive\Documents\GitHub\HW-IP\vector_add\solution2\.autopilot\db\vector_add.pp.0.cpp:16292:17: note: FIX-IT applied suggested code changes
C:\Users\tsope\OneDrive\Documents\GitHub\HW-IP\vector_add\solution2\.autopilot\db\vector_add.pp.0.cpp:16316:9: warning: Added loop label VITIS_LOOP_1642_17:   [xilinx-label-all-loops]
        for (int j = wf+5; j < w-1; j++){
        ^~~
        VITIS_LOOP_1642_17: 
C:\Users\tsope\OneDrive\Documents\GitHub\HW-IP\vector_add\solution2\.autopilot\db\vector_add.pp.0.cpp:16316:9: note: FIX-IT applied suggested code changes
C:\Users\tsope\OneDrive\Documents\GitHub\HW-IP\vector_add\solution2\.autopilot\db\vector_add.pp.0.cpp:16323:17: warning: Added loop label VITIS_LOOP_1649_18:   [xilinx-label-all-loops]
                for (int j = 0; j < 64; j++) {
                ^~~
                VITIS_LOOP_1649_18: 
C:\Users\tsope\OneDrive\Documents\GitHub\HW-IP\vector_add\solution2\.autopilot\db\vector_add.pp.0.cpp:16323:17: note: FIX-IT applied suggested code changes
C:\Users\tsope\OneDrive\Documents\GitHub\HW-IP\vector_add\solution2\.autopilot\db\vector_add.pp.0.cpp:16753:13: warning: Added loop label VITIS_LOOP_2079_19:   [xilinx-label-all-loops]
            for (int j = 64; j >= I_+31; j--) {
            ^~~
            VITIS_LOOP_2079_19: 
C:\Users\tsope\OneDrive\Documents\GitHub\HW-IP\vector_add\solution2\.autopilot\db\vector_add.pp.0.cpp:16753:13: note: FIX-IT applied suggested code changes
C:\Users\tsope\OneDrive\Documents\GitHub\HW-IP\vector_add\solution2\.autopilot\db\vector_add.pp.0.cpp:16759:17: warning: Added loop label VITIS_LOOP_2085_20:   [xilinx-label-all-loops]
                for (int j = 64; j >= I_+31; j--) {
                ^~~
                VITIS_LOOP_2085_20: 
C:\Users\tsope\OneDrive\Documents\GitHub\HW-IP\vector_add\solution2\.autopilot\db\vector_add.pp.0.cpp:16759:17: note: FIX-IT applied suggested code changes
C:\Users\tsope\OneDrive\Documents\GitHub\HW-IP\vector_add\solution2\.autopilot\db\vector_add.pp.0.cpp:16763:17: warning: Added loop label VITIS_LOOP_2089_21:   [xilinx-label-all-loops]
                for (int j = I_+30; j >= 0; j--) {
                ^~~
                VITIS_LOOP_2089_21: 
C:\Users\tsope\OneDrive\Documents\GitHub\HW-IP\vector_add\solution2\.autopilot\db\vector_add.pp.0.cpp:16763:17: note: FIX-IT applied suggested code changes
C:\Users\tsope\OneDrive\Documents\GitHub\HW-IP\vector_add\solution2\.autopilot\db\vector_add.pp.0.cpp:16893:13: warning: Added loop label VITIS_LOOP_2219_1:   [xilinx-label-all-loops]
            for(int j=3; j>=I+1; j--) {
            ^~~
            VITIS_LOOP_2219_1: 
C:\Users\tsope\OneDrive\Documents\GitHub\HW-IP\vector_add\solution2\.autopilot\db\vector_add.pp.0.cpp:16893:13: note: FIX-IT applied suggested code changes
C:\Users\tsope\OneDrive\Documents\GitHub\HW-IP\vector_add\solution2\.autopilot\db\vector_add.pp.0.cpp:16900:17: warning: Added loop label VITIS_LOOP_2226_2:   [xilinx-label-all-loops]
                for(int j=3; j>=I+1; j--) {
                ^~~
                VITIS_LOOP_2226_2: 
C:\Users\tsope\OneDrive\Documents\GitHub\HW-IP\vector_add\solution2\.autopilot\db\vector_add.pp.0.cpp:16900:17: note: FIX-IT applied suggested code changes
C:\Users\tsope\OneDrive\Documents\GitHub\HW-IP\vector_add\solution2\.autopilot\db\vector_add.pp.0.cpp:16904:17: warning: Added loop label VITIS_LOOP_2230_3:   [xilinx-label-all-loops]
                for(int j=I; j>=0; j--) {
                ^~~
                VITIS_LOOP_2230_3: 
C:\Users\tsope\OneDrive\Documents\GitHub\HW-IP\vector_add\solution2\.autopilot\db\vector_add.pp.0.cpp:16904:17: note: FIX-IT applied suggested code changes
C:\Users\tsope\OneDrive\Documents\GitHub\HW-IP\vector_add\solution2\.autopilot\db\vector_add.pp.0.cpp:16951:13: warning: Added loop label VITIS_LOOP_2277_4:   [xilinx-label-all-loops]
            for(int j=7; j>=3+I; j--) {
            ^~~
            VITIS_LOOP_2277_4: 
C:\Users\tsope\OneDrive\Documents\GitHub\HW-IP\vector_add\solution2\.autopilot\db\vector_add.pp.0.cpp:16951:13: note: FIX-IT applied suggested code changes
C:\Users\tsope\OneDrive\Documents\GitHub\HW-IP\vector_add\solution2\.autopilot\db\vector_add.pp.0.cpp:16958:17: warning: Added loop label VITIS_LOOP_2284_5:   [xilinx-label-all-loops]
                for(int j=7; j>=3+I; j--) {
                ^~~
                VITIS_LOOP_2284_5: 
C:\Users\tsope\OneDrive\Documents\GitHub\HW-IP\vector_add\solution2\.autopilot\db\vector_add.pp.0.cpp:16958:17: note: FIX-IT applied suggested code changes
C:\Users\tsope\OneDrive\Documents\GitHub\HW-IP\vector_add\solution2\.autopilot\db\vector_add.pp.0.cpp:16962:17: warning: Added loop label VITIS_LOOP_2288_6:   [xilinx-label-all-loops]
                for(int j=I+2; j>=0; j--) {
                ^~~
                VITIS_LOOP_2288_6: 
C:\Users\tsope\OneDrive\Documents\GitHub\HW-IP\vector_add\solution2\.autopilot\db\vector_add.pp.0.cpp:16962:17: note: FIX-IT applied suggested code changes
C:\Users\tsope\OneDrive\Documents\GitHub\HW-IP\vector_add\solution2\.autopilot\db\vector_add.pp.0.cpp:16980:9: warning: Added loop label VITIS_LOOP_2306_7:   [xilinx-label-all-loops]
        for(int j=11; j<16; j++) {
        ^~~
        VITIS_LOOP_2306_7: 
C:\Users\tsope\OneDrive\Documents\GitHub\HW-IP\vector_add\solution2\.autopilot\db\vector_add.pp.0.cpp:16980:9: note: FIX-IT applied suggested code changes
C:\Users\tsope\OneDrive\Documents\GitHub\HW-IP\vector_add\solution2\.autopilot\db\vector_add.pp.0.cpp:17035:13: warning: Added loop label VITIS_LOOP_2361_8:   [xilinx-label-all-loops]
            for(int j=15; j>=7+I; j--) {
            ^~~
            VITIS_LOOP_2361_8: 
C:\Users\tsope\OneDrive\Documents\GitHub\HW-IP\vector_add\solution2\.autopilot\db\vector_add.pp.0.cpp:17035:13: note: FIX-IT applied suggested code changes
C:\Users\tsope\OneDrive\Documents\GitHub\HW-IP\vector_add\solution2\.autopilot\db\vector_add.pp.0.cpp:17042:17: warning: Added loop label VITIS_LOOP_2368_9:   [xilinx-label-all-loops]
                for(int j=15; j>=7+I; j--) {
                ^~~
                VITIS_LOOP_2368_9: 
C:\Users\tsope\OneDrive\Documents\GitHub\HW-IP\vector_add\solution2\.autopilot\db\vector_add.pp.0.cpp:17042:17: note: FIX-IT applied suggested code changes
C:\Users\tsope\OneDrive\Documents\GitHub\HW-IP\vector_add\solution2\.autopilot\db\vector_add.pp.0.cpp:17046:17: warning: Added loop label VITIS_LOOP_2372_10:   [xilinx-label-all-loops]
                for(int j=6+I; j>=0; j--) {
                ^~~
                VITIS_LOOP_2372_10: 
C:\Users\tsope\OneDrive\Documents\GitHub\HW-IP\vector_add\solution2\.autopilot\db\vector_add.pp.0.cpp:17046:17: note: FIX-IT applied suggested code changes
C:\Users\tsope\OneDrive\Documents\GitHub\HW-IP\vector_add\solution2\.autopilot\db\vector_add.pp.0.cpp:17064:9: warning: Added loop label VITIS_LOOP_2390_11:   [xilinx-label-all-loops]
        for(int j=20; j<32; j++) {
        ^~~
        VITIS_LOOP_2390_11: 
C:\Users\tsope\OneDrive\Documents\GitHub\HW-IP\vector_add\solution2\.autopilot\db\vector_add.pp.0.cpp:17064:9: note: FIX-IT applied suggested code changes
C:\Users\tsope\OneDrive\Documents\GitHub\HW-IP\vector_add\solution2\.autopilot\db\vector_add.pp.0.cpp:17153:13: warning: Added loop label VITIS_LOOP_2479_12:   [xilinx-label-all-loops]
            for(int j=31; j>=I+15; j--) {
            ^~~
            VITIS_LOOP_2479_12: 
C:\Users\tsope\OneDrive\Documents\GitHub\HW-IP\vector_add\solution2\.autopilot\db\vector_add.pp.0.cpp:17153:13: note: FIX-IT applied suggested code changes
C:\Users\tsope\OneDrive\Documents\GitHub\HW-IP\vector_add\solution2\.autopilot\db\vector_add.pp.0.cpp:17160:17: warning: Added loop label VITIS_LOOP_2486_13:   [xilinx-label-all-loops]
                for(int j=31; j>=I+15; j--) {
                ^~~
                VITIS_LOOP_2486_13: 
C:\Users\tsope\OneDrive\Documents\GitHub\HW-IP\vector_add\solution2\.autopilot\db\vector_add.pp.0.cpp:17160:17: note: FIX-IT applied suggested code changes
C:\Users\tsope\OneDrive\Documents\GitHub\HW-IP\vector_add\solution2\.autopilot\db\vector_add.pp.0.cpp:17164:17: warning: Added loop label VITIS_LOOP_2490_14:   [xilinx-label-all-loops]
                for(int j=I+14; j>=0; j--) {
                ^~~
                VITIS_LOOP_2490_14: 
C:\Users\tsope\OneDrive\Documents\GitHub\HW-IP\vector_add\solution2\.autopilot\db\vector_add.pp.0.cpp:17164:17: note: FIX-IT applied suggested code changes
C:\Users\tsope\OneDrive\Documents\GitHub\HW-IP\vector_add\solution2\.autopilot\db\vector_add.pp.0.cpp:17174:9: warning: Added loop label VITIS_LOOP_2500_15:   [xilinx-label-all-loops]
        for(int j=32-F; j<32+I; j++) {
        ^~~
        VITIS_LOOP_2500_15: 
C:\Users\tsope\OneDrive\Documents\GitHub\HW-IP\vector_add\solution2\.autopilot\db\vector_add.pp.0.cpp:17174:9: note: FIX-IT applied suggested code changes
C:\Users\tsope\OneDrive\Documents\GitHub\HW-IP\vector_add\solution2\.autopilot\db\vector_add.pp.0.cpp:17178:9: warning: Added loop label VITIS_LOOP_2504_16:   [xilinx-label-all-loops]
        for(int j=32+I; j<=64; j++) {
        ^~~
        VITIS_LOOP_2504_16: 
C:\Users\tsope\OneDrive\Documents\GitHub\HW-IP\vector_add\solution2\.autopilot\db\vector_add.pp.0.cpp:17178:9: note: FIX-IT applied suggested code changes
C:\Users\tsope\OneDrive\Documents\GitHub\HW-IP\vector_add\solution2\.autopilot\db\vector_add.pp.0.cpp:17189:9: warning: Added loop label VITIS_LOOP_2515_17:   [xilinx-label-all-loops]
        for(int j=37; j<64; j++) {
        ^~~
        VITIS_LOOP_2515_17: 
C:\Users\tsope\OneDrive\Documents\GitHub\HW-IP\vector_add\solution2\.autopilot\db\vector_add.pp.0.cpp:17189:9: note: FIX-IT applied suggested code changes
C:\Users\tsope\OneDrive\Documents\GitHub\HW-IP\vector_add\solution2\.autopilot\db\vector_add.pp.0.cpp:17197:17: warning: Added loop label VITIS_LOOP_2523_18:   [xilinx-label-all-loops]
                for(int j=0; j<64; j++) {
                ^~~
                VITIS_LOOP_2523_18: 
C:\Users\tsope\OneDrive\Documents\GitHub\HW-IP\vector_add\solution2\.autopilot\db\vector_add.pp.0.cpp:17197:17: note: FIX-IT applied suggested code changes
C:\Users\tsope\OneDrive\Documents\GitHub\HW-IP\vector_add\solution2\.autopilot\db\vector_add.pp.0.cpp:17522:13: warning: Added loop label VITIS_LOOP_2848_19:   [xilinx-label-all-loops]
            for(int j=63; j>=I+31; j--) {
            ^~~
            VITIS_LOOP_2848_19: 
C:\Users\tsope\OneDrive\Documents\GitHub\HW-IP\vector_add\solution2\.autopilot\db\vector_add.pp.0.cpp:17522:13: note: FIX-IT applied suggested code changes
C:\Users\tsope\OneDrive\Documents\GitHub\HW-IP\vector_add\solution2\.autopilot\db\vector_add.pp.0.cpp:17529:17: warning: Added loop label VITIS_LOOP_2855_20:   [xilinx-label-all-loops]
                for(int j=63; j>=I+31; j--) {
                ^~~
                VITIS_LOOP_2855_20: 
C:\Users\tsope\OneDrive\Documents\GitHub\HW-IP\vector_add\solution2\.autopilot\db\vector_add.pp.0.cpp:17529:17: note: FIX-IT applied suggested code changes
C:\Users\tsope\OneDrive\Documents\GitHub\HW-IP\vector_add\solution2\.autopilot\db\vector_add.pp.0.cpp:17533:17: warning: Added loop label VITIS_LOOP_2859_21:   [xilinx-label-all-loops]
                for(int j=I+30; j>=0; j--) {
                ^~~
                VITIS_LOOP_2859_21: 
C:\Users\tsope\OneDrive\Documents\GitHub\HW-IP\vector_add\solution2\.autopilot\db\vector_add.pp.0.cpp:17533:17: note: FIX-IT applied suggested code changes
C:\Users\tsope\OneDrive\Documents\GitHub\HW-IP\vector_add\solution2\.autopilot\db\vector_add.pp.0.cpp:17621:4: warning: Added loop label VITIS_LOOP_2947_1:   [xilinx-label-all-loops]
   for(int j = 5; j>=I_+2; j--) {
   ^~~
   VITIS_LOOP_2947_1: 
C:\Users\tsope\OneDrive\Documents\GitHub\HW-IP\vector_add\solution2\.autopilot\db\vector_add.pp.0.cpp:17621:4: note: FIX-IT applied suggested code changes
C:\Users\tsope\OneDrive\Documents\GitHub\HW-IP\vector_add\solution2\.autopilot\db\vector_add.pp.0.cpp:17628:5: warning: Added loop label VITIS_LOOP_2954_2:   [xilinx-label-all-loops]
    for(int j = 5; j>=I_+2; j--) {
    ^~~
    VITIS_LOOP_2954_2: 
C:\Users\tsope\OneDrive\Documents\GitHub\HW-IP\vector_add\solution2\.autopilot\db\vector_add.pp.0.cpp:17628:5: note: FIX-IT applied suggested code changes
C:\Users\tsope\OneDrive\Documents\GitHub\HW-IP\vector_add\solution2\.autopilot\db\vector_add.pp.0.cpp:17632:5: warning: Added loop label VITIS_LOOP_2958_3:   [xilinx-label-all-loops]
    for(int j = I_+1; j>=0; j--) {
    ^~~
    VITIS_LOOP_2958_3: 
C:\Users\tsope\OneDrive\Documents\GitHub\HW-IP\vector_add\solution2\.autopilot\db\vector_add.pp.0.cpp:17632:5: note: FIX-IT applied suggested code changes
C:\Users\tsope\OneDrive\Documents\GitHub\HW-IP\vector_add\solution2\.autopilot\db\vector_add.pp.0.cpp:17647:3: warning: Added loop label VITIS_LOOP_2973_4:   [xilinx-label-all-loops]
  for(int j = 11; j >=7; j--) {
  ^~~
  VITIS_LOOP_2973_4: 
C:\Users\tsope\OneDrive\Documents\GitHub\HW-IP\vector_add\solution2\.autopilot\db\vector_add.pp.0.cpp:17647:3: note: FIX-IT applied suggested code changes
C:\Users\tsope\OneDrive\Documents\GitHub\HW-IP\vector_add\solution2\.autopilot\db\vector_add.pp.0.cpp:17679:4: warning: Added loop label VITIS_LOOP_3005_5:   [xilinx-label-all-loops]
   for(int j = 11; j >= I_+5; j--) {
   ^~~
   VITIS_LOOP_3005_5: 
C:\Users\tsope\OneDrive\Documents\GitHub\HW-IP\vector_add\solution2\.autopilot\db\vector_add.pp.0.cpp:17679:4: note: FIX-IT applied suggested code changes
C:\Users\tsope\OneDrive\Documents\GitHub\HW-IP\vector_add\solution2\.autopilot\db\vector_add.pp.0.cpp:17686:5: warning: Added loop label VITIS_LOOP_3012_6:   [xilinx-label-all-loops]
    for(int j = 11; j>= I_+5; j--) {
    ^~~
    VITIS_LOOP_3012_6: 
C:\Users\tsope\OneDrive\Documents\GitHub\HW-IP\vector_add\solution2\.autopilot\db\vector_add.pp.0.cpp:17686:5: note: FIX-IT applied suggested code changes
C:\Users\tsope\OneDrive\Documents\GitHub\HW-IP\vector_add\solution2\.autopilot\db\vector_add.pp.0.cpp:17690:5: warning: Added loop label VITIS_LOOP_3016_7:   [xilinx-label-all-loops]
    for(int j = I_+4; j>=0; j--) {
    ^~~
    VITIS_LOOP_3016_7: 
C:\Users\tsope\OneDrive\Documents\GitHub\HW-IP\vector_add\solution2\.autopilot\db\vector_add.pp.0.cpp:17690:5: note: FIX-IT applied suggested code changes
C:\Users\tsope\OneDrive\Documents\GitHub\HW-IP\vector_add\solution2\.autopilot\db\vector_add.pp.0.cpp:17705:3: warning: Added loop label VITIS_LOOP_3031_8:   [xilinx-label-all-loops]
  for(int j = 25; j>=15; j--) {
  ^~~
  VITIS_LOOP_3031_8: 
C:\Users\tsope\OneDrive\Documents\GitHub\HW-IP\vector_add\solution2\.autopilot\db\vector_add.pp.0.cpp:17705:3: note: FIX-IT applied suggested code changes
C:\Users\tsope\OneDrive\Documents\GitHub\HW-IP\vector_add\solution2\.autopilot\db\vector_add.pp.0.cpp:17755:4: warning: Added loop label VITIS_LOOP_3081_9:   [xilinx-label-all-loops]
   for(int j = 25; j>= I_+12; j--) {
   ^~~
   VITIS_LOOP_3081_9: 
C:\Users\tsope\OneDrive\Documents\GitHub\HW-IP\vector_add\solution2\.autopilot\db\vector_add.pp.0.cpp:17755:4: note: FIX-IT applied suggested code changes
C:\Users\tsope\OneDrive\Documents\GitHub\HW-IP\vector_add\solution2\.autopilot\db\vector_add.pp.0.cpp:17762:5: warning: Added loop label VITIS_LOOP_3088_10:   [xilinx-label-all-loops]
    for(int j = 25; j>=I_+12; j--) {
    ^~~
    VITIS_LOOP_3088_10: 
C:\Users\tsope\OneDrive\Documents\GitHub\HW-IP\vector_add\solution2\.autopilot\db\vector_add.pp.0.cpp:17762:5: note: FIX-IT applied suggested code changes
C:\Users\tsope\OneDrive\Documents\GitHub\HW-IP\vector_add\solution2\.autopilot\db\vector_add.pp.0.cpp:17766:5: warning: Added loop label VITIS_LOOP_3092_11:   [xilinx-label-all-loops]
    for(int j = I_+11; j>=0; j--) {
    ^~~
    VITIS_LOOP_3092_11: 
C:\Users\tsope\OneDrive\Documents\GitHub\HW-IP\vector_add\solution2\.autopilot\db\vector_add.pp.0.cpp:17766:5: note: FIX-IT applied suggested code changes
C:\Users\tsope\OneDrive\Documents\GitHub\HW-IP\vector_add\solution2\.autopilot\db\vector_add.pp.0.cpp:17781:3: warning: Added loop label VITIS_LOOP_3107_12:   [xilinx-label-all-loops]
  for(int j = 51; j >= 29; j--) {
  ^~~
  VITIS_LOOP_3107_12: 
C:\Users\tsope\OneDrive\Documents\GitHub\HW-IP\vector_add\solution2\.autopilot\db\vector_add.pp.0.cpp:17781:3: note: FIX-IT applied suggested code changes
C:\Users\tsope\OneDrive\Documents\GitHub\HW-IP\vector_add\solution2\.autopilot\db\vector_add.pp.0.cpp:17918:4: warning: Added loop label VITIS_LOOP_3244_13:   [xilinx-label-all-loops]
   for(int j = 51; j >= 25 + I_; j--) {
   ^~~
   VITIS_LOOP_3244_13: 
C:\Users\tsope\OneDrive\Documents\GitHub\HW-IP\vector_add\solution2\.autopilot\db\vector_add.pp.0.cpp:17918:4: note: FIX-IT applied suggested code changes
C:\Users\tsope\OneDrive\Documents\GitHub\HW-IP\vector_add\solution2\.autopilot\db\vector_add.pp.0.cpp:17925:5: warning: Added loop label VITIS_LOOP_3251_14:   [xilinx-label-all-loops]
    for(int j = 51; j>=25 + I_; j--) {
    ^~~
    VITIS_LOOP_3251_14: 
C:\Users\tsope\OneDrive\Documents\GitHub\HW-IP\vector_add\solution2\.autopilot\db\vector_add.pp.0.cpp:17925:5: note: FIX-IT applied suggested code changes
C:\Users\tsope\OneDrive\Documents\GitHub\HW-IP\vector_add\solution2\.autopilot\db\vector_add.pp.0.cpp:17929:5: warning: Added loop label VITIS_LOOP_3255_15:   [xilinx-label-all-loops]
    for(int j = 24 + I_; j >= 0; j--) {
    ^~~
    VITIS_LOOP_3255_15: 
C:\Users\tsope\OneDrive\Documents\GitHub\HW-IP\vector_add\solution2\.autopilot\db\vector_add.pp.0.cpp:17929:5: note: FIX-IT applied suggested code changes
C:\Users\tsope\OneDrive\Documents\GitHub\HW-IP\vector_add\solution2\.autopilot\db\vector_add.pp.0.cpp:17944:3: warning: Added loop label VITIS_LOOP_3270_16:   [xilinx-label-all-loops]
  for(int j = 63; j >= 36; j--) {
  ^~~
  VITIS_LOOP_3270_16: 
C:\Users\tsope\OneDrive\Documents\GitHub\HW-IP\vector_add\solution2\.autopilot\db\vector_add.pp.0.cpp:17944:3: note: FIX-IT applied suggested code changes
C:\Users\tsope\OneDrive\Documents\GitHub\HW-IP\vector_add\solution2\.autopilot\db\vector_add.pp.0.cpp:18104:4: warning: Added loop label VITIS_LOOP_3430_17:   [xilinx-label-all-loops]
   for(int j = 63; j >= 31 + I_; j--) {
   ^~~
   VITIS_LOOP_3430_17: 
C:\Users\tsope\OneDrive\Documents\GitHub\HW-IP\vector_add\solution2\.autopilot\db\vector_add.pp.0.cpp:18104:4: note: FIX-IT applied suggested code changes
C:\Users\tsope\OneDrive\Documents\GitHub\HW-IP\vector_add\solution2\.autopilot\db\vector_add.pp.0.cpp:18111:5: warning: Added loop label VITIS_LOOP_3437_18:   [xilinx-label-all-loops]
    for(int j = 63; j >= 31 + I_; j--) {
    ^~~
    VITIS_LOOP_3437_18: 
C:\Users\tsope\OneDrive\Documents\GitHub\HW-IP\vector_add\solution2\.autopilot\db\vector_add.pp.0.cpp:18111:5: note: FIX-IT applied suggested code changes
C:\Users\tsope\OneDrive\Documents\GitHub\HW-IP\vector_add\solution2\.autopilot\db\vector_add.pp.0.cpp:18115:5: warning: Added loop label VITIS_LOOP_3441_19:   [xilinx-label-all-loops]
    for(int j = 30 + I_; j >= 0; j--) {
    ^~~
    VITIS_LOOP_3441_19: 
C:\Users\tsope\OneDrive\Documents\GitHub\HW-IP\vector_add\solution2\.autopilot\db\vector_add.pp.0.cpp:18115:5: note: FIX-IT applied suggested code changes
C:\Users\tsope\OneDrive\Documents\GitHub\HW-IP\vector_add\solution2\.autopilot\db\vector_add.pp.0.cpp:18830:13: warning: Added loop label VITIS_LOOP_729_1:   [xilinx-label-all-loops]
            for (b_exp = I_-1; b_exp >= -F_; b_exp--) {
            ^~~
            VITIS_LOOP_729_1: 
C:\Users\tsope\OneDrive\Documents\GitHub\HW-IP\vector_add\solution2\.autopilot\db\vector_add.pp.0.cpp:18830:13: note: FIX-IT applied suggested code changes
C:\Users\tsope\OneDrive\Documents\GitHub\HW-IP\vector_add\solution2\.autopilot\db\vector_add.pp.0.cpp:19048:13: warning: Added loop label VITIS_LOOP_947_1:   [xilinx-label-all-loops]
            for (b_exp = I_-1; b_exp >= -F_; b_exp--) {
            ^~~
            VITIS_LOOP_947_1: 
C:\Users\tsope\OneDrive\Documents\GitHub\HW-IP\vector_add\solution2\.autopilot\db\vector_add.pp.0.cpp:19048:13: note: FIX-IT applied suggested code changes
C:\Users\tsope\OneDrive\Documents\GitHub\HW-IP\vector_add\solution2\.autopilot\db\vector_add.pp.0.cpp:19465:13: warning: Added loop label VITIS_LOOP_1371_1:   [xilinx-label-all-loops]
            for (b_exp = I_-1; b_exp >= -F_; b_exp--) {
            ^~~
            VITIS_LOOP_1371_1: 
C:\Users\tsope\OneDrive\Documents\GitHub\HW-IP\vector_add\solution2\.autopilot\db\vector_add.pp.0.cpp:19465:13: note: FIX-IT applied suggested code changes
C:\Users\tsope\OneDrive\Documents\GitHub\HW-IP\vector_add\solution2\.autopilot\db\vector_add.pp.0.cpp:19779:9: warning: Added loop label VITIS_LOOP_266_1:   [xilinx-label-all-loops]
        for ( int pos = msbr-1; pos >= 0; pos-- ) {
        ^~~
        VITIS_LOOP_266_1: 
C:\Users\tsope\OneDrive\Documents\GitHub\HW-IP\vector_add\solution2\.autopilot\db\vector_add.pp.0.cpp:19779:9: note: FIX-IT applied suggested code changes
C:\Users\tsope\OneDrive\Documents\GitHub\HW-IP\vector_add\solution2\.autopilot\db\vector_add.pp.0.cpp:19807:9: warning: Added loop label VITIS_LOOP_294_2:   [xilinx-label-all-loops]
        for ( int pos = -1; pos >= -F_-1; pos-- ) {
        ^~~
        VITIS_LOOP_294_2: 
C:\Users\tsope\OneDrive\Documents\GitHub\HW-IP\vector_add\solution2\.autopilot\db\vector_add.pp.0.cpp:19807:9: note: FIX-IT applied suggested code changes
C:\Users\tsope\OneDrive\Documents\GitHub\HW-IP\vector_add\solution2\.autopilot\db\vector_add.pp.0.cpp:20502:13: warning: Added loop label VITIS_LOOP_74_1:   [xilinx-label-all-loops]
            for (int j = 0; j < W_-1; j++){
            ^~~
            VITIS_LOOP_74_1: 
C:\Users\tsope\OneDrive\Documents\GitHub\HW-IP\vector_add\solution2\.autopilot\db\vector_add.pp.0.cpp:20502:13: note: FIX-IT applied suggested code changes
C:\Users\tsope\OneDrive\Documents\GitHub\HW-IP\vector_add\solution2\.autopilot\db\vector_add.pp.0.cpp:20555:5: warning: Added loop label VITIS_LOOP_135_2:   [xilinx-label-all-loops]
    for (int j = F_l+F_+I_m-1; j < F_l+W_+5; j++){
    ^~~
    VITIS_LOOP_135_2: 
C:\Users\tsope\OneDrive\Documents\GitHub\HW-IP\vector_add\solution2\.autopilot\db\vector_add.pp.0.cpp:20555:5: note: FIX-IT applied suggested code changes
C:\Users\tsope\OneDrive\Documents\GitHub\HW-IP\vector_add\solution2\.autopilot\db\vector_add.pp.0.cpp:20569:13: warning: Added loop label VITIS_LOOP_149_3:   [xilinx-label-all-loops]
            for (int j = WO_m-1; j >= W_-1; j--) {
            ^~~
            VITIS_LOOP_149_3: 
C:\Users\tsope\OneDrive\Documents\GitHub\HW-IP\vector_add\solution2\.autopilot\db\vector_add.pp.0.cpp:20569:13: note: FIX-IT applied suggested code changes
C:\Users\tsope\OneDrive\Documents\GitHub\HW-IP\vector_add\solution2\.autopilot\db\vector_add.pp.0.cpp:20599:13: warning: Added loop label VITIS_LOOP_179_4:   [xilinx-label-all-loops]
            for (int j = W_-2; j >= 0; j--){
            ^~~
            VITIS_LOOP_179_4: 
C:\Users\tsope\OneDrive\Documents\GitHub\HW-IP\vector_add\solution2\.autopilot\db\vector_add.pp.0.cpp:20599:13: note: FIX-IT applied suggested code changes
C:\Users\tsope\OneDrive\Documents\GitHub\HW-IP\vector_add\solution2\.autopilot\db\vector_add.pp.0.cpp:20684:12: warning: Added loop label VITIS_LOOP_307_1:   [xilinx-label-all-loops]
           for(int i = wf_log+we_log-2; i > WI_e - 2; --i) {
           ^~~
           VITIS_LOOP_307_1: 
C:\Users\tsope\OneDrive\Documents\GitHub\HW-IP\vector_add\solution2\.autopilot\db\vector_add.pp.0.cpp:20684:12: note: FIX-IT applied suggested code changes
C:\Users\tsope\OneDrive\Documents\GitHub\HW-IP\vector_add\solution2\.autopilot\db\vector_add.pp.0.cpp:20704:16: warning: Added loop label VITIS_LOOP_327_2:   [xilinx-label-all-loops]
               for (int j = WO_e-1; j >= W_-1; j--) {
               ^~~
               VITIS_LOOP_327_2: 
C:\Users\tsope\OneDrive\Documents\GitHub\HW-IP\vector_add\solution2\.autopilot\db\vector_add.pp.0.cpp:20704:16: note: FIX-IT applied suggested code changes
C:\Users\tsope\OneDrive\Documents\GitHub\HW-IP\vector_add\solution2\.autopilot\db\vector_add.pp.0.cpp:20718:20: warning: Added loop label VITIS_LOOP_341_3:   [xilinx-label-all-loops]
                   for(int i = 0; i < W_-1; ++i) {
                   ^~~
                   VITIS_LOOP_341_3: 
C:\Users\tsope\OneDrive\Documents\GitHub\HW-IP\vector_add\solution2\.autopilot\db\vector_add.pp.0.cpp:20718:20: note: FIX-IT applied suggested code changes
C:\Users\tsope\OneDrive\Documents\GitHub\HW-IP\vector_add\solution2\.autopilot\db\vector_add.pp.0.cpp:20811:12: warning: Added loop label VITIS_LOOP_459_1:   [xilinx-label-all-loops]
           for (int j =WO_d-1; j >= W_-1; j--) {
           ^~~
           VITIS_LOOP_459_1: 
C:\Users\tsope\OneDrive\Documents\GitHub\HW-IP\vector_add\solution2\.autopilot\db\vector_add.pp.0.cpp:20811:12: note: FIX-IT applied suggested code changes
C:\Users\tsope\OneDrive\Documents\GitHub\HW-IP\vector_add\solution2\.autopilot\db\vector_add.pp.0.cpp:20825:15: warning: Added loop label VITIS_LOOP_473_2:   [xilinx-label-all-loops]
              for(int i = 0; i < W_-1; ++i) {
              ^~~
              VITIS_LOOP_473_2: 
C:\Users\tsope\OneDrive\Documents\GitHub\HW-IP\vector_add\solution2\.autopilot\db\vector_add.pp.0.cpp:20825:15: note: FIX-IT applied suggested code changes
C:\Users\tsope\OneDrive\Documents\GitHub\HW-IP\vector_add\solution2\.autopilot\db\vector_add.pp.0.cpp:20938:13: warning: Added loop label VITIS_LOOP_59_1:   [xilinx-label-all-loops]
            for (int i = 0; i < W_-1; i++){
            ^~~
            VITIS_LOOP_59_1: 
C:\Users\tsope\OneDrive\Documents\GitHub\HW-IP\vector_add\solution2\.autopilot\db\vector_add.pp.0.cpp:20938:13: note: FIX-IT applied suggested code changes
C:\Users\tsope\OneDrive\Documents\GitHub\HW-IP\vector_add\solution2\.autopilot\db\vector_add.pp.0.cpp:21062:13: warning: Added loop label VITIS_LOOP_209_1:   [xilinx-label-all-loops]
            for (int i = 0; i < W_-1; i++){
            ^~~
            VITIS_LOOP_209_1: 
C:\Users\tsope\OneDrive\Documents\GitHub\HW-IP\vector_add\solution2\.autopilot\db\vector_add.pp.0.cpp:21062:13: note: FIX-IT applied suggested code changes
C:\Users\tsope\OneDrive\Documents\GitHub\HW-IP\vector_add\solution2\.autopilot\db\vector_add.pp.0.cpp:21117:13: warning: Added loop label VITIS_LOOP_274_1:   [xilinx-label-all-loops]
            for (int i = 0; i < W_-1; i++){
            ^~~
            VITIS_LOOP_274_1: 
C:\Users\tsope\OneDrive\Documents\GitHub\HW-IP\vector_add\solution2\.autopilot\db\vector_add.pp.0.cpp:21117:13: note: FIX-IT applied suggested code changes
C:\Users\tsope\OneDrive\Documents\GitHub\HW-IP\vector_add\solution2\.autopilot\db\vector_add.pp.0.cpp:21622:2: warning: Added loop label VITIS_LOOP_42_1:   [xilinx-label-all-loops]
 for (int i=0; i<W_;i++)
 ^~~
 VITIS_LOOP_42_1: 
C:\Users\tsope\OneDrive\Documents\GitHub\HW-IP\vector_add\solution2\.autopilot\db\vector_add.pp.0.cpp:21622:2: note: FIX-IT applied suggested code changes
C:\Users\tsope\OneDrive\Documents\GitHub\HW-IP\vector_add\solution2\.autopilot\db\vector_add.pp.0.cpp:21633:2: warning: Added loop label VITIS_LOOP_53_1:   [xilinx-label-all-loops]
 for (int i=0; i<W_;i++)
 ^~~
 VITIS_LOOP_53_1: 
C:\Users\tsope\OneDrive\Documents\GitHub\HW-IP\vector_add\solution2\.autopilot\db\vector_add.pp.0.cpp:21633:2: note: FIX-IT applied suggested code changes
C:\Users\tsope\OneDrive\Documents\GitHub\HW-IP\vector_add\solution2\.autopilot\db\vector_add.pp.0.cpp:21644:2: warning: Added loop label VITIS_LOOP_64_1:   [xilinx-label-all-loops]
 for (int i=0; i<I_;i++)
 ^~~
 VITIS_LOOP_64_1: 
C:\Users\tsope\OneDrive\Documents\GitHub\HW-IP\vector_add\solution2\.autopilot\db\vector_add.pp.0.cpp:21644:2: note: FIX-IT applied suggested code changes
C:\Users\tsope\OneDrive\Documents\GitHub\HW-IP\vector_add\solution2\.autopilot\db\vector_add.pp.0.cpp:21655:2: warning: Added loop label VITIS_LOOP_75_1:   [xilinx-label-all-loops]
 for (int i=0; i<I_;i++)
 ^~~
 VITIS_LOOP_75_1: 
C:\Users\tsope\OneDrive\Documents\GitHub\HW-IP\vector_add\solution2\.autopilot\db\vector_add.pp.0.cpp:21655:2: note: FIX-IT applied suggested code changes
C:\Users\tsope\OneDrive\Documents\GitHub\HW-IP\vector_add\solution2\.autopilot\db\vector_add.pp.0.cpp:21666:2: warning: Added loop label VITIS_LOOP_86_1:   [xilinx-label-all-loops]
 for (int i=0; i<W_;i++)
 ^~~
 VITIS_LOOP_86_1: 
C:\Users\tsope\OneDrive\Documents\GitHub\HW-IP\vector_add\solution2\.autopilot\db\vector_add.pp.0.cpp:21666:2: note: FIX-IT applied suggested code changes
C:\Users\tsope\OneDrive\Documents\GitHub\HW-IP\vector_add\solution2\.autopilot\db\vector_add.pp.0.cpp:21677:2: warning: Added loop label VITIS_LOOP_97_1:   [xilinx-label-all-loops]
 for (int i=0; i<W_;i++)
 ^~~
 VITIS_LOOP_97_1: 
C:\Users\tsope\OneDrive\Documents\GitHub\HW-IP\vector_add\solution2\.autopilot\db\vector_add.pp.0.cpp:21677:2: note: FIX-IT applied suggested code changes
C:\Users\tsope\OneDrive\Documents\GitHub\HW-IP\vector_add\solution2\.autopilot\db\vector_add.pp.0.cpp:21688:2: warning: Added loop label VITIS_LOOP_108_1:   [xilinx-label-all-loops]
 for (int i=0; i<I_;i++)
 ^~~
 VITIS_LOOP_108_1: 
C:\Users\tsope\OneDrive\Documents\GitHub\HW-IP\vector_add\solution2\.autopilot\db\vector_add.pp.0.cpp:21688:2: note: FIX-IT applied suggested code changes
C:\Users\tsope\OneDrive\Documents\GitHub\HW-IP\vector_add\solution2\.autopilot\db\vector_add.pp.0.cpp:21699:2: warning: Added loop label VITIS_LOOP_119_1:   [xilinx-label-all-loops]
 for (int i=0; i<I_;i++)
 ^~~
 VITIS_LOOP_119_1: 
C:\Users\tsope\OneDrive\Documents\GitHub\HW-IP\vector_add\solution2\.autopilot\db\vector_add.pp.0.cpp:21699:2: note: FIX-IT applied suggested code changes
C:\Users\tsope\OneDrive\Documents\GitHub\HW-IP\vector_add\solution2\.autopilot\db\vector_add.pp.0.cpp:24000:12: warning: Added loop label VITIS_LOOP_23_1:   [xilinx-label-all-loops]
           for(int i = 0; i < W_-1; ++i) {
           ^~~
           VITIS_LOOP_23_1: 
C:\Users\tsope\OneDrive\Documents\GitHub\HW-IP\vector_add\solution2\.autopilot\db\vector_add.pp.0.cpp:24000:12: note: FIX-IT applied suggested code changes
C:\Users\tsope\OneDrive\Documents\GitHub\HW-IP\vector_add\solution2\.autopilot\db\vector_add.pp.0.cpp:24064:7: warning: Added loop label VITIS_LOOP_66_1:   [xilinx-label-all-loops]
      for(int pos = msbr - 1 ; pos >= -F-1; pos--) {
      ^~~
      VITIS_LOOP_66_1: 
C:\Users\tsope\OneDrive\Documents\GitHub\HW-IP\vector_add\solution2\.autopilot\db\vector_add.pp.0.cpp:24064:7: note: FIX-IT applied suggested code changes
C:\Users\tsope\OneDrive\Documents\GitHub\HW-IP\vector_add\solution2\.autopilot\db\vector_add.pp.0.cpp:24181:9: warning: Added loop label VITIS_LOOP_75_1:   [xilinx-label-all-loops]
        for(int pos = msbr - 1; pos >= 0; pos--) {
        ^~~
        VITIS_LOOP_75_1: 
C:\Users\tsope\OneDrive\Documents\GitHub\HW-IP\vector_add\solution2\.autopilot\db\vector_add.pp.0.cpp:24181:9: note: FIX-IT applied suggested code changes
C:\Users\tsope\OneDrive\Documents\GitHub\HW-IP\vector_add\solution2\.autopilot\db\vector_add.pp.0.cpp:24206:5: warning: Added loop label VITIS_LOOP_107_2:   [xilinx-label-all-loops]
    for(int pos = -1; pos >= -F-1; pos--) {
    ^~~
    VITIS_LOOP_107_2: 
C:\Users\tsope\OneDrive\Documents\GitHub\HW-IP\vector_add\solution2\.autopilot\db\vector_add.pp.0.cpp:24206:5: note: FIX-IT applied suggested code changes
C:\Users\tsope\OneDrive\Documents\GitHub\HW-IP\vector_add\solution2\.autopilot\db\vector_add.pp.0.cpp:24276:8: warning: Added loop label VITIS_LOOP_195_3:   [xilinx-label-all-loops]
       for(int i = 0; i < W - 1; ++i) {
       ^~~
       VITIS_LOOP_195_3: 
C:\Users\tsope\OneDrive\Documents\GitHub\HW-IP\vector_add\solution2\.autopilot\db\vector_add.pp.0.cpp:24276:8: note: FIX-IT applied suggested code changes
