

================================================================
== Synthesis Summary Report of 'dot_product_interface'
================================================================
+ General Information: 
    * Date:           Thu May  4 14:33:30 2023
    * Version:        2022.2 (Build 3670227 on Oct 13 2022)
    * Project:        matrix-multiplyer-kv260
    * Solution:       solution1 (Vivado IP Flow Target)
    * Product family: zynquplus
    * Target device:  xck26-sfvc784-2LV-c
    

+ Performance & Resource Estimates: 
    
    PS: '+' for module; 'o' for loop; '*' for dataflow
    +--------------------------------+------+------+------------+-----------+----------+------------+---------+----------+-------------+---------+------------+-----------+-----+
    |             Modules            | Issue|      |  Latency   |  Latency  | Iteration|            |   Trip  |          |             |         |            |           |     |
    |             & Loops            | Type | Slack|  (cycles)  |    (ns)   |  Latency |  Interval  |  Count  | Pipelined|    BRAM     |   DSP   |     FF     |    LUT    | URAM|
    +--------------------------------+------+------+------------+-----------+----------+------------+---------+----------+-------------+---------+------------+-----------+-----+
    |+ dot_product_interface*        |     -|  1.77|  1082130433|  1.082e+10|         -|  1082130434|        -|  dataflow|  1536 (533%)|  16 (1%)|  1119 (~0%)|  1341 (1%)|    -|
    | + Loop_L1_proc                 |     -|  2.77|  1082130433|  1.082e+10|         -|  1082130433|        -|        no|            -|  16 (1%)|   735 (~0%)|  899 (~0%)|    -|
    |  o L1_L2                       |     -|  7.30|  1082130432|  1.082e+10|      1032|           -|  1048576|        no|            -|        -|           -|          -|    -|
    |   + Loop_L1_proc_Pipeline_SUM  |     -|  5.07|        1029|  1.029e+04|         -|        1029|        -|        no|            -|  1 (~0%)|   211 (~0%)|  242 (~0%)|    -|
    |    o SUM                       |     -|  7.30|        1027|  1.027e+04|         5|           1|     1024|       yes|            -|        -|           -|          -|    -|
    +--------------------------------+------+------+------------+-----------+----------+------------+---------+----------+-------------+---------+------------+-----------+-----+


================================================================
== HW Interfaces
================================================================
* S_AXILITE Interfaces
+---------------+------------+---------------+---------+----------+-------------------+
| Interface     | Data Width | Address Width | Offset  | Register | Resource Estimate |
+---------------+------------+---------------+---------+----------+-------------------+
| s_axi_control | 32         | 22            | 1048576 | 0        | BRAM=1536         |
+---------------+------------+---------------+---------+----------+-------------------+

* S_AXILITE Registers
+---------------+----------+--------+-------+--------+------------------+
| Interface     | Register | Offset | Width | Access | Description      |
+---------------+----------+--------+-------+--------+------------------+
| s_axi_control | n        | 0x10   | 32    | W      | Data signal of n |
| s_axi_control | m        | 0x18   | 32    | W      | Data signal of m |
| s_axi_control | h        | 0x20   | 32    | W      | Data signal of h |
+---------------+----------+--------+-------+--------+------------------+

* TOP LEVEL CONTROL
+-----------+------------+-----------------------------------+
| Interface | Type       | Ports                             |
+-----------+------------+-----------------------------------+
| ap_clk    | clock      | ap_clk                            |
| ap_rst_n  | reset      | ap_rst_n                          |
| ap_ctrl   | ap_ctrl_hs | ap_done ap_idle ap_ready ap_start |
+-----------+------------+-----------------------------------+


================================================================
== SW I/O Information
================================================================
* Top Function Arguments
+----------+-----------+-------------------------------------+
| Argument | Direction | Datatype                            |
+----------+-----------+-------------------------------------+
| A        | in        | ap_fixed<8, 8, AP_TRN, AP_WRAP, 0>* |
| B        | in        | ap_fixed<8, 8, AP_TRN, AP_WRAP, 0>* |
| C        | out       | ap_fixed<8, 8, AP_TRN, AP_WRAP, 0>* |
| m        | in        | int                                 |
| n        | in        | int                                 |
| h        | in        | int                                 |
+----------+-----------+-------------------------------------+

* SW-to-HW Mapping
+----------+---------------+----------+-------------------------------------+
| Argument | HW Interface  | HW Type  | HW Info                             |
+----------+---------------+----------+-------------------------------------+
| A        | s_axi_control | memory   | name=A offset=1048576 range=1048576 |
| B        | s_axi_control | memory   | name=B offset=2097152 range=1048576 |
| C        | s_axi_control | memory   | name=C offset=3145728 range=1048576 |
| m        | s_axi_control | register | name=m offset=0x18 range=32         |
| n        | s_axi_control | register | name=n offset=0x10 range=32         |
| h        | s_axi_control | register | name=h offset=0x20 range=32         |
+----------+---------------+----------+-------------------------------------+


================================================================
== Bind Op Report
================================================================
+-----------------------------------+-----+--------+------------+-----+--------+---------+
| Name                              | DSP | Pragma | Variable   | Op  | Impl   | Latency |
+-----------------------------------+-----+--------+------------+-----+--------+---------+
| + dot_product_interface           | 16  |        |            |     |        |         |
|  + Loop_L1_proc                   | 16  |        |            |     |        |         |
|    mul_64ns_64ns_128_1_1_U10      | 15  |        | bound      | mul | auto   | 0       |
|    add_ln14_fu_180_p2             | -   |        | add_ln14   | add | fabric | 0       |
|    i_2_fu_195_p2                  | -   |        | i_2        | add | fabric | 0       |
|    add_ln22_fu_253_p2             | -   |        | add_ln22   | add | fabric | 0       |
|    j_1_fu_269_p2                  | -   |        | j_1        | add | fabric | 0       |
|    add_ln16_fu_275_p2             | -   |        | add_ln16   | add | fabric | 0       |
|   + Loop_L1_proc_Pipeline_SUM     | 1   |        |            |     |        |         |
|     k_2_fu_157_p2                 | -   |        | k_2        | add | fabric | 0       |
|     add_ln1271_fu_171_p2          | -   |        | add_ln1271 | add | fabric | 0       |
|     add_ln1273_fu_207_p2          | -   |        | add_ln1273 | add | fabric | 0       |
|     mac_muladd_8s_8s_8ns_8_4_1_U1 | 1   |        | mul_ln813  | mul | dsp48  | 3       |
|     mac_muladd_8s_8s_8ns_8_4_1_U1 | 1   |        | acc_V_1    | add | dsp48  | 3       |
+-----------------------------------+-----+--------+------------+-----+--------+---------+


================================================================
== Bind Storage Report
================================================================
  No bind storage info in design

================================================================
== Pragma Report
================================================================
* Pragmas with Warnings
+----------+---------+-----------------------------------------------------------------------------+------------------------------------------------------------------------------------------------------------------------------------------------------------------------------------+
| Type     | Options | Location                                                                    | Messages                                                                                                                                                                           |
+----------+---------+-----------------------------------------------------------------------------+------------------------------------------------------------------------------------------------------------------------------------------------------------------------------------+
| dataflow |         | matrix-multiplyer-kv260/solution1/directives.tcl:7 in dot_product_interface | Since the only kind of statements allowed in a canonical dataflow region are variable declarations and function calls, the compiler may not be able to correctly handle the region |
|          |         |                                                                             | There are a total of 6 such instances of non-canonical statements in the dataflow region                                                                                           |
+----------+---------+-----------------------------------------------------------------------------+------------------------------------------------------------------------------------------------------------------------------------------------------------------------------------+

* Valid Pragma Syntax
+----------------+------------------------------+---------------------------------------------------------------------------------+
| Type           | Options                      | Location                                                                        |
+----------------+------------------------------+---------------------------------------------------------------------------------+
| loop_tripcount | max=1024                     | matrix-multiplyer-kv260/dot_product.cpp:15 in dot_product                       |
| loop_tripcount | max=1024                     | matrix-multiplyer-kv260/dot_product.cpp:17 in dot_product                       |
| loop_tripcount | max=1024                     | matrix-multiplyer-kv260/dot_product.cpp:19 in dot_product                       |
| inline         |                              | matrix-multiplyer-kv260/solution1/directives.tcl:8 in dot_product               |
| interface      | s_axilite offset=0x0 port=A  | matrix-multiplyer-kv260/solution1/directives.tcl:9 in dot_product_interface, A  |
| interface      | s_axilite offset=0x4 port=B  | matrix-multiplyer-kv260/solution1/directives.tcl:10 in dot_product_interface, B |
| interface      | s_axilite offset=0x8 port=C  | matrix-multiplyer-kv260/solution1/directives.tcl:11 in dot_product_interface, C |
| interface      | s_axilite offset=0x14 port=h | matrix-multiplyer-kv260/solution1/directives.tcl:14 in dot_product_interface, h |
| interface      | s_axilite offset=0xC port=m  | matrix-multiplyer-kv260/solution1/directives.tcl:12 in dot_product_interface, m |
| interface      | s_axilite offset=0x10 port=n | matrix-multiplyer-kv260/solution1/directives.tcl:13 in dot_product_interface, n |
+----------------+------------------------------+---------------------------------------------------------------------------------+


