

================================================================
== Vitis HLS Report for 'Loop_L1_proc'
================================================================
* Date:           Thu May  4 14:33:29 2023

* Version:        2022.2 (Build 3670227 on Oct 13 2022)
* Project:        matrix-multiplyer-kv260
* Solution:       solution1 (Vivado IP Flow Target)
* Product family: zynquplus
* Target device:  xck26-sfvc784-2LV-c


================================================================
== Performance Estimates
================================================================
+ Timing: 
    * Summary: 
    +--------+----------+----------+------------+
    |  Clock |  Target  | Estimated| Uncertainty|
    +--------+----------+----------+------------+
    |ap_clk  |  10.00 ns|  4.530 ns|     2.70 ns|
    +--------+----------+----------+------------+

+ Latency: 
    * Summary: 
    +---------+------------+-----------+------------+-----+------------+---------+
    |   Latency (cycles)   |   Latency (absolute)   |     Interval     | Pipeline|
    |   min   |     max    |    min    |     max    | min |     max    |   Type  |
    +---------+------------+-----------+------------+-----+------------+---------+
    |        1|  1082130433|  10.000 ns|  10.821 sec|    1|  1082130433|       no|
    +---------+------------+-----------+------------+-----+------------+---------+

    + Detail: 
        * Instance: 
        +--------------------------------------+---------------------------+---------+---------+-----------+-----------+-----+------+---------+
        |                                      |                           |  Latency (cycles) |   Latency (absolute)  |  Interval  | Pipeline|
        |               Instance               |           Module          |   min   |   max   |    min    |    max    | min |  max |   Type  |
        +--------------------------------------+---------------------------+---------+---------+-----------+-----------+-----+------+---------+
        |grp_Loop_L1_proc_Pipeline_SUM_fu_117  |Loop_L1_proc_Pipeline_SUM  |        2|     1029|  20.000 ns|  10.290 us|    2|  1029|       no|
        +--------------------------------------+---------------------------+---------+---------+-----------+-----------+-----+------+---------+

        * Loop: 
        +----------+---------+------------+----------+-----------+-----------+-------------+----------+
        |          |   Latency (cycles)   | Iteration|  Initiation Interval  |     Trip    |          |
        | Loop Name|   min   |     max    |  Latency |  achieved |   target  |    Count    | Pipelined|
        +----------+---------+------------+----------+-----------+-----------+-------------+----------+
        |- L1_L2   |        0|  1082130432|  5 ~ 1032|          -|          -|  0 ~ 1048576|        no|
        +----------+---------+------------+----------+-----------+-----------+-------------+----------+



================================================================
== Utilization Estimates
================================================================
* Summary: 
+-----------------+---------+------+--------+--------+-----+
|       Name      | BRAM_18K|  DSP |   FF   |   LUT  | URAM|
+-----------------+---------+------+--------+--------+-----+
|DSP              |        -|     -|       -|       -|    -|
|Expression       |        -|     -|       0|     540|    -|
|FIFO             |        -|     -|       -|       -|    -|
|Instance         |        -|    16|     211|     288|    -|
|Memory           |        -|     -|       -|       -|    -|
|Multiplexer      |        -|     -|       -|      71|    -|
|Register         |        -|     -|     524|       -|    -|
+-----------------+---------+------+--------+--------+-----+
|Total            |        0|    16|     735|     899|    0|
+-----------------+---------+------+--------+--------+-----+
|Available        |      288|  1248|  234240|  117120|   64|
+-----------------+---------+------+--------+--------+-----+
|Utilization (%)  |        0|     1|      ~0|      ~0|    0|
+-----------------+---------+------+--------+--------+-----+

+ Detail: 
    * Instance: 
    +--------------------------------------+---------------------------+---------+----+-----+-----+-----+
    |               Instance               |           Module          | BRAM_18K| DSP|  FF | LUT | URAM|
    +--------------------------------------+---------------------------+---------+----+-----+-----+-----+
    |grp_Loop_L1_proc_Pipeline_SUM_fu_117  |Loop_L1_proc_Pipeline_SUM  |        0|   1|  211|  242|    0|
    |mul_64ns_64ns_128_1_1_U10             |mul_64ns_64ns_128_1_1      |        0|  15|    0|   46|    0|
    +--------------------------------------+---------------------------+---------+----+-----+-----+-----+
    |Total                                 |                           |        0|  16|  211|  288|    0|
    +--------------------------------------+---------------------------+---------+----+-----+-----+-----+

    * DSP: 
    N/A

    * Memory: 
    N/A

    * FIFO: 
    N/A

    * Expression: 
    +-------------------------+----------+----+---+-----+------------+------------+
    |      Variable Name      | Operation| DSP| FF| LUT | Bitwidth P0| Bitwidth P1|
    +-------------------------+----------+----+---+-----+------------+------------+
    |add_ln14_fu_180_p2       |         +|   0|  0|  135|         128|           1|
    |add_ln16_fu_275_p2       |         +|   0|  0|   17|          10|           1|
    |add_ln22_fu_253_p2       |         +|   0|  0|   27|          20|          20|
    |i_2_fu_195_p2            |         +|   0|  0|   71|          64|           1|
    |j_1_fu_269_p2            |         +|   0|  0|   71|          64|           1|
    |icmp_ln14_fu_175_p2      |      icmp|   0|  0|   50|         128|         128|
    |icmp_ln16_fu_201_p2      |      icmp|   0|  0|   29|          64|          64|
    |ap_block_state1          |        or|   0|  0|    2|           1|           1|
    |select_ln14_1_fu_215_p3  |    select|   0|  0|   64|           1|           1|
    |select_ln14_2_fu_223_p3  |    select|   0|  0|   64|           1|          64|
    |select_ln14_fu_206_p3    |    select|   0|  0|   10|           1|           1|
    +-------------------------+----------+----+---+-----+------------+------------+
    |Total                    |          |   0|  0|  540|         482|         283|
    +-------------------------+----------+----+---+-----+------------+------------+

    * Multiplexer: 
    +----------------------+----+-----------+-----+-----------+
    |         Name         | LUT| Input Size| Bits| Total Bits|
    +----------------------+----+-----------+-----+-----------+
    |ap_NS_fsm             |  26|          5|    1|          5|
    |ap_done               |   9|          2|    1|          2|
    |i_fu_74               |   9|          2|   64|        128|
    |indvar_flatten_fu_78  |   9|          2|  128|        256|
    |indvars_iv_fu_70      |   9|          2|   10|         20|
    |j_fu_66               |   9|          2|   64|        128|
    +----------------------+----+-----------+-----+-----------+
    |Total                 |  71|         15|  268|        539|
    +----------------------+----+-----------+-----+-----------+

    * Register: 
    +---------------------------------------------------+-----+----+-----+-----------+
    |                        Name                       |  FF | LUT| Bits| Const Bits|
    +---------------------------------------------------+-----+----+-----+-----------+
    |ap_CS_fsm                                          |    4|   0|    4|          0|
    |ap_done_reg                                        |    1|   0|    1|          0|
    |bound_reg_360                                      |  128|   0|  128|          0|
    |grp_Loop_L1_proc_Pipeline_SUM_fu_117_ap_start_reg  |    1|   0|    1|          0|
    |h_cast_reg_355                                     |   64|   0|   64|          0|
    |i_fu_74                                            |   64|   0|   64|          0|
    |indvar_flatten_fu_78                               |  128|   0|  128|          0|
    |indvars_iv_fu_70                                   |   10|   0|   10|          0|
    |j_fu_66                                            |   64|   0|   64|          0|
    |lshr_ln_reg_388                                    |   10|   0|   10|          0|
    |select_ln14_reg_368                                |   10|   0|   10|          0|
    |shl_ln22_mid2_reg_373                              |   10|   0|   20|         10|
    |trunc_ln16_reg_378                                 |   20|   0|   20|          0|
    |trunc_ln22_reg_383                                 |   10|   0|   10|          0|
    +---------------------------------------------------+-----+----+-----+-----------+
    |Total                                              |  524|   0|  534|         10|
    +---------------------------------------------------+-----+----+-----+-----------+



================================================================
== Interface
================================================================
* Summary: 
+-------------+-----+-----+------------+--------------+--------------+
|  RTL Ports  | Dir | Bits|  Protocol  | Source Object|    C Type    |
+-------------+-----+-----+------------+--------------+--------------+
|ap_clk       |   in|    1|  ap_ctrl_hs|  Loop_L1_proc|  return value|
|ap_rst       |   in|    1|  ap_ctrl_hs|  Loop_L1_proc|  return value|
|ap_start     |   in|    1|  ap_ctrl_hs|  Loop_L1_proc|  return value|
|ap_done      |  out|    1|  ap_ctrl_hs|  Loop_L1_proc|  return value|
|ap_continue  |   in|    1|  ap_ctrl_hs|  Loop_L1_proc|  return value|
|ap_idle      |  out|    1|  ap_ctrl_hs|  Loop_L1_proc|  return value|
|ap_ready     |  out|    1|  ap_ctrl_hs|  Loop_L1_proc|  return value|
|m            |   in|   32|     ap_none|             m|        scalar|
|h            |   in|   32|     ap_none|             h|        scalar|
|C_address0   |  out|   20|   ap_memory|             C|         array|
|C_ce0        |  out|    1|   ap_memory|             C|         array|
|C_we0        |  out|    1|   ap_memory|             C|         array|
|C_d0         |  out|    8|   ap_memory|             C|         array|
|n            |   in|   32|     ap_none|             n|        scalar|
|A_address0   |  out|   20|   ap_memory|             A|         array|
|A_ce0        |  out|    1|   ap_memory|             A|         array|
|A_q0         |   in|    8|   ap_memory|             A|         array|
|B_address0   |  out|   20|   ap_memory|             B|         array|
|B_ce0        |  out|    1|   ap_memory|             B|         array|
|B_q0         |   in|    8|   ap_memory|             B|         array|
+-------------+-----+-----+------------+--------------+--------------+

